2025-06-05 00:28:54 [background-preinit] INFO  [o.h.validator.internal.util.Version] - HV000001: Hibernate Validator 8.0.2.Final
2025-06-05 00:28:55 [restartedMain] INFO  [com.aditya.VotezyApplication] - Starting VotezyApplication using Java 21.0.4 with PID 14108 (D:\Code-Practice\Spring-STS\votezy\target\classes started by Aditya-Mehta in D:\Code-Practice\Spring-STS\votezy)
2025-06-05 00:28:55 [restartedMain] INFO  [com.aditya.VotezyApplication] - No active profile set, falling back to 1 default profile: "default"
2025-06-05 00:28:55 [restartedMain] INFO  [o.s.b.d.e.DevToolsPropertyDefaultsPostProcessor] - Devtools property defaults active! Set 'spring.devtools.add-properties' to 'false' to disable
2025-06-05 00:28:55 [restartedMain] INFO  [o.s.b.d.e.DevToolsPropertyDefaultsPostProcessor] - For additional web related logging consider setting the 'logging.level.web' property to 'DEBUG'
2025-06-05 00:28:56 [restartedMain] INFO  [o.s.d.r.c.RepositoryConfigurationDelegate] - Bootstrapping Spring Data JPA repositories in DEFAULT mode.
2025-06-05 00:28:57 [restartedMain] INFO  [o.s.d.r.c.RepositoryConfigurationDelegate] - Finished Spring Data repository scanning in 990 ms. Found 4 JPA repository interfaces.
2025-06-05 00:28:59 [restartedMain] INFO  [o.s.b.w.e.tomcat.TomcatWebServer] - Tomcat initialized with port 8080 (http)
2025-06-05 00:28:59 [restartedMain] INFO  [o.a.coyote.http11.Http11NioProtocol] - Initializing ProtocolHandler ["http-nio-8080"]
2025-06-05 00:28:59 [restartedMain] INFO  [o.a.catalina.core.StandardService] - Starting service [Tomcat]
2025-06-05 00:28:59 [restartedMain] INFO  [o.a.catalina.core.StandardEngine] - Starting Servlet engine: [Apache Tomcat/10.1.40]
2025-06-05 00:28:59 [restartedMain] INFO  [o.a.c.c.C.[Tomcat].[localhost].[/]] - Initializing Spring embedded WebApplicationContext
2025-06-05 00:28:59 [restartedMain] INFO  [o.s.b.w.s.c.ServletWebServerApplicationContext] - Root WebApplicationContext: initialization completed in 4608 ms
2025-06-05 00:28:59 [restartedMain] INFO  [o.h.jpa.internal.util.LogHelper] - HHH000204: Processing PersistenceUnitInfo [name: default]
2025-06-05 00:29:00 [restartedMain] INFO  [org.hibernate.Version] - HHH000412: Hibernate ORM core version 6.6.13.Final
2025-06-05 00:29:00 [restartedMain] INFO  [o.h.c.i.RegionFactoryInitiator] - HHH000026: Second-level cache disabled
2025-06-05 00:29:00 [restartedMain] INFO  [o.s.o.j.p.SpringPersistenceUnitInfo] - No LoadTimeWeaver setup: ignoring JPA class transformer
2025-06-05 00:29:00 [restartedMain] INFO  [com.zaxxer.hikari.HikariDataSource] - HikariPool-1 - Starting...
2025-06-05 00:29:01 [restartedMain] WARN  [o.h.e.jdbc.spi.SqlExceptionHelper] - SQL Error: 0, SQLState: 08S01
2025-06-05 00:29:01 [restartedMain] ERROR [o.h.e.jdbc.spi.SqlExceptionHelper] - Communications link failure

The last packet sent successfully to the server was 0 milliseconds ago. The driver has not received any packets from the server.
2025-06-05 00:29:01 [restartedMain] WARN  [o.h.e.j.e.i.JdbcEnvironmentInitiator] - HHH000342: Could not obtain connection to query metadata
org.hibernate.exception.JDBCConnectionException: unable to obtain isolated JDBC connection [Communications link failure

The last packet sent successfully to the server was 0 milliseconds ago. The driver has not received any packets from the server.] [n/a]
	at org.hibernate.exception.internal.SQLStateConversionDelegate.convert(SQLStateConversionDelegate.java:100)
	at org.hibernate.exception.internal.StandardSQLExceptionConverter.convert(StandardSQLExceptionConverter.java:58)
	at org.hibernate.engine.jdbc.spi.SqlExceptionHelper.convert(SqlExceptionHelper.java:108)
	at org.hibernate.engine.jdbc.spi.SqlExceptionHelper.convert(SqlExceptionHelper.java:94)
	at org.hibernate.resource.transaction.backend.jdbc.internal.JdbcIsolationDelegate.delegateWork(JdbcIsolationDelegate.java:116)
	at org.hibernate.engine.jdbc.env.internal.JdbcEnvironmentInitiator.getJdbcEnvironmentUsingJdbcMetadata(JdbcEnvironmentInitiator.java:320)
	at org.hibernate.engine.jdbc.env.internal.JdbcEnvironmentInitiator.initiateService(JdbcEnvironmentInitiator.java:129)
	at org.hibernate.engine.jdbc.env.internal.JdbcEnvironmentInitiator.initiateService(JdbcEnvironmentInitiator.java:81)
	at org.hibernate.boot.registry.internal.StandardServiceRegistryImpl.initiateService(StandardServiceRegistryImpl.java:130)
	at org.hibernate.service.internal.AbstractServiceRegistryImpl.createService(AbstractServiceRegistryImpl.java:263)
	at org.hibernate.service.internal.AbstractServiceRegistryImpl.initializeService(AbstractServiceRegistryImpl.java:238)
	at org.hibernate.service.internal.AbstractServiceRegistryImpl.getService(AbstractServiceRegistryImpl.java:215)
	at org.hibernate.boot.model.relational.Database.<init>(Database.java:45)
	at org.hibernate.boot.internal.InFlightMetadataCollectorImpl.getDatabase(InFlightMetadataCollectorImpl.java:226)
	at org.hibernate.boot.internal.InFlightMetadataCollectorImpl.<init>(InFlightMetadataCollectorImpl.java:194)
	at org.hibernate.boot.model.process.spi.MetadataBuildingProcess.complete(MetadataBuildingProcess.java:171)
	at org.hibernate.jpa.boot.internal.EntityManagerFactoryBuilderImpl.metadata(EntityManagerFactoryBuilderImpl.java:1442)
	at org.hibernate.jpa.boot.internal.EntityManagerFactoryBuilderImpl.build(EntityManagerFactoryBuilderImpl.java:1513)
	at org.springframework.orm.jpa.vendor.SpringHibernateJpaPersistenceProvider.createContainerEntityManagerFactory(SpringHibernateJpaPersistenceProvider.java:66)
	at org.springframework.orm.jpa.LocalContainerEntityManagerFactoryBean.createNativeEntityManagerFactory(LocalContainerEntityManagerFactoryBean.java:390)
	at org.springframework.orm.jpa.AbstractEntityManagerFactoryBean.buildNativeEntityManagerFactory(AbstractEntityManagerFactoryBean.java:419)
	at org.springframework.orm.jpa.AbstractEntityManagerFactoryBean.afterPropertiesSet(AbstractEntityManagerFactoryBean.java:400)
	at org.springframework.orm.jpa.LocalContainerEntityManagerFactoryBean.afterPropertiesSet(LocalContainerEntityManagerFactoryBean.java:366)
	at org.springframework.beans.factory.support.AbstractAutowireCapableBeanFactory.invokeInitMethods(AbstractAutowireCapableBeanFactory.java:1865)
	at org.springframework.beans.factory.support.AbstractAutowireCapableBeanFactory.initializeBean(AbstractAutowireCapableBeanFactory.java:1814)
	at org.springframework.beans.factory.support.AbstractAutowireCapableBeanFactory.doCreateBean(AbstractAutowireCapableBeanFactory.java:607)
	at org.springframework.beans.factory.support.AbstractAutowireCapableBeanFactory.createBean(AbstractAutowireCapableBeanFactory.java:529)
	at org.springframework.beans.factory.support.AbstractBeanFactory.lambda$doGetBean$0(AbstractBeanFactory.java:339)
	at org.springframework.beans.factory.support.DefaultSingletonBeanRegistry.getSingleton(DefaultSingletonBeanRegistry.java:371)
	at org.springframework.beans.factory.support.AbstractBeanFactory.doGetBean(AbstractBeanFactory.java:337)
	at org.springframework.beans.factory.support.AbstractBeanFactory.getBean(AbstractBeanFactory.java:207)
	at org.springframework.context.support.AbstractApplicationContext.finishBeanFactoryInitialization(AbstractApplicationContext.java:970)
	at org.springframework.context.support.AbstractApplicationContext.refresh(AbstractApplicationContext.java:627)
	at org.springframework.boot.web.servlet.context.ServletWebServerApplicationContext.refresh(ServletWebServerApplicationContext.java:146)
	at org.springframework.boot.SpringApplication.refresh(SpringApplication.java:753)
	at org.springframework.boot.SpringApplication.refreshContext(SpringApplication.java:439)
	at org.springframework.boot.SpringApplication.run(SpringApplication.java:318)
	at org.springframework.boot.SpringApplication.run(SpringApplication.java:1362)
	at org.springframework.boot.SpringApplication.run(SpringApplication.java:1351)
	at com.aditya.VotezyApplication.main(VotezyApplication.java:10)
	at java.base/jdk.internal.reflect.DirectMethodHandleAccessor.invoke(DirectMethodHandleAccessor.java:103)
	at java.base/java.lang.reflect.Method.invoke(Method.java:580)
	at org.springframework.boot.devtools.restart.RestartLauncher.run(RestartLauncher.java:50)
Caused by: com.mysql.cj.jdbc.exceptions.CommunicationsException: Communications link failure

The last packet sent successfully to the server was 0 milliseconds ago. The driver has not received any packets from the server.
	at com.mysql.cj.jdbc.exceptions.SQLError.createCommunicationsException(SQLError.java:165)
	at com.mysql.cj.jdbc.exceptions.SQLExceptionsMapping.translateException(SQLExceptionsMapping.java:55)
	at com.mysql.cj.jdbc.ConnectionImpl.createNewIO(ConnectionImpl.java:837)
	at com.mysql.cj.jdbc.ConnectionImpl.<init>(ConnectionImpl.java:420)
	at com.mysql.cj.jdbc.ConnectionImpl.getInstance(ConnectionImpl.java:238)
	at com.mysql.cj.jdbc.NonRegisteringDriver.connect(NonRegisteringDriver.java:180)
	at com.zaxxer.hikari.util.DriverDataSource.getConnection(DriverDataSource.java:137)
	at com.zaxxer.hikari.pool.PoolBase.newConnection(PoolBase.java:360)
	at com.zaxxer.hikari.pool.PoolBase.newPoolEntry(PoolBase.java:202)
	at com.zaxxer.hikari.pool.HikariPool.createPoolEntry(HikariPool.java:461)
	at com.zaxxer.hikari.pool.HikariPool.checkFailFast(HikariPool.java:550)
	at com.zaxxer.hikari.pool.HikariPool.<init>(HikariPool.java:98)
	at com.zaxxer.hikari.HikariDataSource.getConnection(HikariDataSource.java:111)
	at org.hibernate.engine.jdbc.connections.internal.DatasourceConnectionProviderImpl.getConnection(DatasourceConnectionProviderImpl.java:126)
	at org.hibernate.engine.jdbc.env.internal.JdbcEnvironmentInitiator$ConnectionProviderJdbcConnectionAccess.obtainConnection(JdbcEnvironmentInitiator.java:467)
	at org.hibernate.resource.transaction.backend.jdbc.internal.JdbcIsolationDelegate.delegateWork(JdbcIsolationDelegate.java:61)
	... 38 common frames omitted
Caused by: com.mysql.cj.exceptions.CJCommunicationsException: Communications link failure

The last packet sent successfully to the server was 0 milliseconds ago. The driver has not received any packets from the server.
	at java.base/jdk.internal.reflect.DirectConstructorHandleAccessor.newInstance(DirectConstructorHandleAccessor.java:62)
	at java.base/java.lang.reflect.Constructor.newInstanceWithCaller(Constructor.java:502)
	at java.base/java.lang.reflect.Constructor.newInstance(Constructor.java:486)
	at com.mysql.cj.exceptions.ExceptionFactory.createException(ExceptionFactory.java:52)
	at com.mysql.cj.exceptions.ExceptionFactory.createException(ExceptionFactory.java:95)
	at com.mysql.cj.exceptions.ExceptionFactory.createException(ExceptionFactory.java:140)
	at com.mysql.cj.exceptions.ExceptionFactory.createCommunicationsException(ExceptionFactory.java:156)
	at com.mysql.cj.protocol.a.NativeSocketConnection.connect(NativeSocketConnection.java:79)
	at com.mysql.cj.NativeSession.connect(NativeSession.java:142)
	at com.mysql.cj.jdbc.ConnectionImpl.connectOneTryOnly(ConnectionImpl.java:961)
	at com.mysql.cj.jdbc.ConnectionImpl.createNewIO(ConnectionImpl.java:825)
	... 51 common frames omitted
Caused by: java.net.ConnectException: Connection refused: getsockopt
	at java.base/sun.nio.ch.Net.pollConnect(Native Method)
	at java.base/sun.nio.ch.Net.pollConnectNow(Net.java:682)
	at java.base/sun.nio.ch.NioSocketImpl.timedFinishConnect(NioSocketImpl.java:542)
	at java.base/sun.nio.ch.NioSocketImpl.connect(NioSocketImpl.java:592)
	at java.base/java.net.SocksSocketImpl.connect(SocksSocketImpl.java:327)
	at java.base/java.net.Socket.connect(Socket.java:751)
	at com.mysql.cj.protocol.StandardSocketFactory.connect(StandardSocketFactory.java:144)
	at com.mysql.cj.protocol.a.NativeSocketConnection.connect(NativeSocketConnection.java:53)
	... 54 common frames omitted
2025-06-05 00:29:02 [restartedMain] WARN  [org.hibernate.orm.deprecation] - HHH90000025: MySQLDialect does not need to be specified explicitly using 'hibernate.dialect' (remove the property setting and it will be selected by default)
2025-06-05 00:29:02 [restartedMain] INFO  [o.hibernate.orm.connections.pooling] - HHH10001005: Database info:
	Database JDBC URL [Connecting through datasource 'HikariDataSource (null)']
	Database driver: undefined/unknown
	Database version: 8.0
	Autocommit mode: undefined/unknown
	Isolation level: undefined/unknown
	Minimum pool size: undefined/unknown
	Maximum pool size: undefined/unknown
2025-06-05 00:29:04 [restartedMain] INFO  [o.h.e.t.j.p.i.JtaPlatformInitiator] - HHH000489: No JTA platform available (set 'hibernate.transaction.jta.platform' to enable JTA platform integration)
2025-06-05 00:29:04 [restartedMain] INFO  [com.zaxxer.hikari.HikariDataSource] - HikariPool-1 - Starting...
2025-06-05 00:29:05 [restartedMain] WARN  [o.h.e.jdbc.spi.SqlExceptionHelper] - SQL Error: 0, SQLState: 08S01
2025-06-05 00:29:05 [restartedMain] ERROR [o.h.e.jdbc.spi.SqlExceptionHelper] - Communications link failure

The last packet sent successfully to the server was 0 milliseconds ago. The driver has not received any packets from the server.
2025-06-05 00:29:05 [restartedMain] ERROR [o.s.o.j.LocalContainerEntityManagerFactoryBean] - Failed to initialize JPA EntityManagerFactory: [PersistenceUnit: default] Unable to build Hibernate SessionFactory; nested exception is org.hibernate.exception.JDBCConnectionException: Unable to open JDBC Connection for DDL execution [Communications link failure

The last packet sent successfully to the server was 0 milliseconds ago. The driver has not received any packets from the server.] [n/a]
2025-06-05 00:29:05 [restartedMain] WARN  [o.s.b.w.s.c.AnnotationConfigServletWebServerApplicationContext] - Exception encountered during context initialization - cancelling refresh attempt: org.springframework.beans.factory.BeanCreationException: Error creating bean with name 'entityManagerFactory' defined in class path resource [org/springframework/boot/autoconfigure/orm/jpa/HibernateJpaConfiguration.class]: [PersistenceUnit: default] Unable to build Hibernate SessionFactory; nested exception is org.hibernate.exception.JDBCConnectionException: Unable to open JDBC Connection for DDL execution [Communications link failure

The last packet sent successfully to the server was 0 milliseconds ago. The driver has not received any packets from the server.] [n/a]
2025-06-05 00:29:05 [restartedMain] INFO  [o.a.catalina.core.StandardService] - Stopping service [Tomcat]
2025-06-05 00:29:05 [restartedMain] INFO  [o.s.b.a.l.ConditionEvaluationReportLogger] - 

Error starting ApplicationContext. To display the condition evaluation report re-run your application with 'debug' enabled.
2025-06-05 00:29:05 [restartedMain] ERROR [o.s.boot.SpringApplication] - Application run failed
org.springframework.beans.factory.BeanCreationException: Error creating bean with name 'entityManagerFactory' defined in class path resource [org/springframework/boot/autoconfigure/orm/jpa/HibernateJpaConfiguration.class]: [PersistenceUnit: default] Unable to build Hibernate SessionFactory; nested exception is org.hibernate.exception.JDBCConnectionException: Unable to open JDBC Connection for DDL execution [Communications link failure

The last packet sent successfully to the server was 0 milliseconds ago. The driver has not received any packets from the server.] [n/a]
	at org.springframework.beans.factory.support.AbstractAutowireCapableBeanFactory.initializeBean(AbstractAutowireCapableBeanFactory.java:1818)
	at org.springframework.beans.factory.support.AbstractAutowireCapableBeanFactory.doCreateBean(AbstractAutowireCapableBeanFactory.java:607)
	at org.springframework.beans.factory.support.AbstractAutowireCapableBeanFactory.createBean(AbstractAutowireCapableBeanFactory.java:529)
	at org.springframework.beans.factory.support.AbstractBeanFactory.lambda$doGetBean$0(AbstractBeanFactory.java:339)
	at org.springframework.beans.factory.support.DefaultSingletonBeanRegistry.getSingleton(DefaultSingletonBeanRegistry.java:371)
	at org.springframework.beans.factory.support.AbstractBeanFactory.doGetBean(AbstractBeanFactory.java:337)
	at org.springframework.beans.factory.support.AbstractBeanFactory.getBean(AbstractBeanFactory.java:207)
	at org.springframework.context.support.AbstractApplicationContext.finishBeanFactoryInitialization(AbstractApplicationContext.java:970)
	at org.springframework.context.support.AbstractApplicationContext.refresh(AbstractApplicationContext.java:627)
	at org.springframework.boot.web.servlet.context.ServletWebServerApplicationContext.refresh(ServletWebServerApplicationContext.java:146)
	at org.springframework.boot.SpringApplication.refresh(SpringApplication.java:753)
	at org.springframework.boot.SpringApplication.refreshContext(SpringApplication.java:439)
	at org.springframework.boot.SpringApplication.run(SpringApplication.java:318)
	at org.springframework.boot.SpringApplication.run(SpringApplication.java:1362)
	at org.springframework.boot.SpringApplication.run(SpringApplication.java:1351)
	at com.aditya.VotezyApplication.main(VotezyApplication.java:10)
	at java.base/jdk.internal.reflect.DirectMethodHandleAccessor.invoke(DirectMethodHandleAccessor.java:103)
	at java.base/java.lang.reflect.Method.invoke(Method.java:580)
	at org.springframework.boot.devtools.restart.RestartLauncher.run(RestartLauncher.java:50)
Caused by: jakarta.persistence.PersistenceException: [PersistenceUnit: default] Unable to build Hibernate SessionFactory; nested exception is org.hibernate.exception.JDBCConnectionException: Unable to open JDBC Connection for DDL execution [Communications link failure

The last packet sent successfully to the server was 0 milliseconds ago. The driver has not received any packets from the server.] [n/a]
	at org.springframework.orm.jpa.AbstractEntityManagerFactoryBean.buildNativeEntityManagerFactory(AbstractEntityManagerFactoryBean.java:431)
	at org.springframework.orm.jpa.AbstractEntityManagerFactoryBean.afterPropertiesSet(AbstractEntityManagerFactoryBean.java:400)
	at org.springframework.orm.jpa.LocalContainerEntityManagerFactoryBean.afterPropertiesSet(LocalContainerEntityManagerFactoryBean.java:366)
	at org.springframework.beans.factory.support.AbstractAutowireCapableBeanFactory.invokeInitMethods(AbstractAutowireCapableBeanFactory.java:1865)
	at org.springframework.beans.factory.support.AbstractAutowireCapableBeanFactory.initializeBean(AbstractAutowireCapableBeanFactory.java:1814)
	... 18 common frames omitted
Caused by: org.hibernate.exception.JDBCConnectionException: Unable to open JDBC Connection for DDL execution [Communications link failure

The last packet sent successfully to the server was 0 milliseconds ago. The driver has not received any packets from the server.] [n/a]
	at org.hibernate.exception.internal.SQLStateConversionDelegate.convert(SQLStateConversionDelegate.java:100)
	at org.hibernate.exception.internal.StandardSQLExceptionConverter.convert(StandardSQLExceptionConverter.java:58)
	at org.hibernate.engine.jdbc.spi.SqlExceptionHelper.convert(SqlExceptionHelper.java:108)
	at org.hibernate.engine.jdbc.spi.SqlExceptionHelper.convert(SqlExceptionHelper.java:94)
	at org.hibernate.resource.transaction.backend.jdbc.internal.DdlTransactionIsolatorNonJtaImpl.getIsolatedConnection(DdlTransactionIsolatorNonJtaImpl.java:74)
	at org.hibernate.resource.transaction.backend.jdbc.internal.DdlTransactionIsolatorNonJtaImpl.getIsolatedConnection(DdlTransactionIsolatorNonJtaImpl.java:39)
	at org.hibernate.tool.schema.internal.exec.ImprovedExtractionContextImpl.getJdbcConnection(ImprovedExtractionContextImpl.java:63)
	at org.hibernate.tool.schema.internal.exec.ImprovedExtractionContextImpl.getJdbcDatabaseMetaData(ImprovedExtractionContextImpl.java:70)
	at org.hibernate.tool.schema.extract.internal.InformationExtractorJdbcDatabaseMetaDataImpl.processTableResultSet(InformationExtractorJdbcDatabaseMetaDataImpl.java:65)
	at org.hibernate.tool.schema.extract.internal.AbstractInformationExtractorImpl.getTables(AbstractInformationExtractorImpl.java:570)
	at org.hibernate.tool.schema.extract.internal.DatabaseInformationImpl.getTablesInformation(DatabaseInformationImpl.java:122)
	at org.hibernate.tool.schema.internal.GroupedSchemaMigratorImpl.performTablesMigration(GroupedSchemaMigratorImpl.java:72)
	at org.hibernate.tool.schema.internal.AbstractSchemaMigrator.performMigration(AbstractSchemaMigrator.java:233)
	at org.hibernate.tool.schema.internal.AbstractSchemaMigrator.doMigration(AbstractSchemaMigrator.java:112)
	at org.hibernate.tool.schema.spi.SchemaManagementToolCoordinator.performDatabaseAction(SchemaManagementToolCoordinator.java:280)
	at org.hibernate.tool.schema.spi.SchemaManagementToolCoordinator.lambda$process$5(SchemaManagementToolCoordinator.java:144)
	at java.base/java.util.HashMap.forEach(HashMap.java:1429)
	at org.hibernate.tool.schema.spi.SchemaManagementToolCoordinator.process(SchemaManagementToolCoordinator.java:141)
	at org.hibernate.boot.internal.SessionFactoryObserverForSchemaExport.sessionFactoryCreated(SessionFactoryObserverForSchemaExport.java:37)
	at org.hibernate.internal.SessionFactoryObserverChain.sessionFactoryCreated(SessionFactoryObserverChain.java:35)
	at org.hibernate.internal.SessionFactoryImpl.<init>(SessionFactoryImpl.java:324)
	at org.hibernate.boot.internal.SessionFactoryBuilderImpl.build(SessionFactoryBuilderImpl.java:463)
	at org.hibernate.jpa.boot.internal.EntityManagerFactoryBuilderImpl.build(EntityManagerFactoryBuilderImpl.java:1517)
	at org.springframework.orm.jpa.vendor.SpringHibernateJpaPersistenceProvider.createContainerEntityManagerFactory(SpringHibernateJpaPersistenceProvider.java:66)
	at org.springframework.orm.jpa.LocalContainerEntityManagerFactoryBean.createNativeEntityManagerFactory(LocalContainerEntityManagerFactoryBean.java:390)
	at org.springframework.orm.jpa.AbstractEntityManagerFactoryBean.buildNativeEntityManagerFactory(AbstractEntityManagerFactoryBean.java:419)
	... 22 common frames omitted
Caused by: com.mysql.cj.jdbc.exceptions.CommunicationsException: Communications link failure

The last packet sent successfully to the server was 0 milliseconds ago. The driver has not received any packets from the server.
	at com.mysql.cj.jdbc.exceptions.SQLError.createCommunicationsException(SQLError.java:165)
	at com.mysql.cj.jdbc.exceptions.SQLExceptionsMapping.translateException(SQLExceptionsMapping.java:55)
	at com.mysql.cj.jdbc.ConnectionImpl.createNewIO(ConnectionImpl.java:837)
	at com.mysql.cj.jdbc.ConnectionImpl.<init>(ConnectionImpl.java:420)
	at com.mysql.cj.jdbc.ConnectionImpl.getInstance(ConnectionImpl.java:238)
	at com.mysql.cj.jdbc.NonRegisteringDriver.connect(NonRegisteringDriver.java:180)
	at com.zaxxer.hikari.util.DriverDataSource.getConnection(DriverDataSource.java:137)
	at com.zaxxer.hikari.pool.PoolBase.newConnection(PoolBase.java:360)
	at com.zaxxer.hikari.pool.PoolBase.newPoolEntry(PoolBase.java:202)
	at com.zaxxer.hikari.pool.HikariPool.createPoolEntry(HikariPool.java:461)
	at com.zaxxer.hikari.pool.HikariPool.checkFailFast(HikariPool.java:550)
	at com.zaxxer.hikari.pool.HikariPool.<init>(HikariPool.java:98)
	at com.zaxxer.hikari.HikariDataSource.getConnection(HikariDataSource.java:111)
	at org.hibernate.engine.jdbc.connections.internal.DatasourceConnectionProviderImpl.getConnection(DatasourceConnectionProviderImpl.java:126)
	at org.hibernate.engine.jdbc.env.internal.JdbcEnvironmentInitiator$ConnectionProviderJdbcConnectionAccess.obtainConnection(JdbcEnvironmentInitiator.java:467)
	at org.hibernate.resource.transaction.backend.jdbc.internal.DdlTransactionIsolatorNonJtaImpl.getIsolatedConnection(DdlTransactionIsolatorNonJtaImpl.java:46)
	... 43 common frames omitted
Caused by: com.mysql.cj.exceptions.CJCommunicationsException: Communications link failure

The last packet sent successfully to the server was 0 milliseconds ago. The driver has not received any packets from the server.
	at java.base/jdk.internal.reflect.DirectConstructorHandleAccessor.newInstance(DirectConstructorHandleAccessor.java:62)
	at java.base/java.lang.reflect.Constructor.newInstanceWithCaller(Constructor.java:502)
	at java.base/java.lang.reflect.Constructor.newInstance(Constructor.java:486)
	at com.mysql.cj.exceptions.ExceptionFactory.createException(ExceptionFactory.java:52)
	at com.mysql.cj.exceptions.ExceptionFactory.createException(ExceptionFactory.java:95)
	at com.mysql.cj.exceptions.ExceptionFactory.createException(ExceptionFactory.java:140)
	at com.mysql.cj.exceptions.ExceptionFactory.createCommunicationsException(ExceptionFactory.java:156)
	at com.mysql.cj.protocol.a.NativeSocketConnection.connect(NativeSocketConnection.java:79)
	at com.mysql.cj.NativeSession.connect(NativeSession.java:142)
	at com.mysql.cj.jdbc.ConnectionImpl.connectOneTryOnly(ConnectionImpl.java:961)
	at com.mysql.cj.jdbc.ConnectionImpl.createNewIO(ConnectionImpl.java:825)
	... 56 common frames omitted
Caused by: java.net.ConnectException: Connection refused: getsockopt
	at java.base/sun.nio.ch.Net.pollConnect(Native Method)
	at java.base/sun.nio.ch.Net.pollConnectNow(Net.java:682)
	at java.base/sun.nio.ch.NioSocketImpl.timedFinishConnect(NioSocketImpl.java:542)
	at java.base/sun.nio.ch.NioSocketImpl.connect(NioSocketImpl.java:592)
	at java.base/java.net.SocksSocketImpl.connect(SocksSocketImpl.java:327)
	at java.base/java.net.Socket.connect(Socket.java:751)
	at com.mysql.cj.protocol.StandardSocketFactory.connect(StandardSocketFactory.java:144)
	at com.mysql.cj.protocol.a.NativeSocketConnection.connect(NativeSocketConnection.java:53)
	... 59 common frames omitted
2025-06-05 00:29:37 [background-preinit] INFO  [o.h.validator.internal.util.Version] - HV000001: Hibernate Validator 8.0.2.Final
2025-06-05 00:29:37 [restartedMain] INFO  [com.aditya.VotezyApplication] - Starting VotezyApplication using Java 21.0.4 with PID 13636 (D:\Code-Practice\Spring-STS\votezy\target\classes started by Aditya-Mehta in D:\Code-Practice\Spring-STS\votezy)
2025-06-05 00:29:37 [restartedMain] INFO  [com.aditya.VotezyApplication] - No active profile set, falling back to 1 default profile: "default"
2025-06-05 00:29:37 [restartedMain] INFO  [o.s.b.d.e.DevToolsPropertyDefaultsPostProcessor] - Devtools property defaults active! Set 'spring.devtools.add-properties' to 'false' to disable
2025-06-05 00:29:37 [restartedMain] INFO  [o.s.b.d.e.DevToolsPropertyDefaultsPostProcessor] - For additional web related logging consider setting the 'logging.level.web' property to 'DEBUG'
2025-06-05 00:29:38 [restartedMain] INFO  [o.s.d.r.c.RepositoryConfigurationDelegate] - Bootstrapping Spring Data JPA repositories in DEFAULT mode.
2025-06-05 00:29:38 [restartedMain] INFO  [o.s.d.r.c.RepositoryConfigurationDelegate] - Finished Spring Data repository scanning in 123 ms. Found 4 JPA repository interfaces.
2025-06-05 00:29:39 [restartedMain] INFO  [o.s.b.w.e.tomcat.TomcatWebServer] - Tomcat initialized with port 8080 (http)
2025-06-05 00:29:39 [restartedMain] INFO  [o.a.coyote.http11.Http11NioProtocol] - Initializing ProtocolHandler ["http-nio-8080"]
2025-06-05 00:29:39 [restartedMain] INFO  [o.a.catalina.core.StandardService] - Starting service [Tomcat]
2025-06-05 00:29:39 [restartedMain] INFO  [o.a.catalina.core.StandardEngine] - Starting Servlet engine: [Apache Tomcat/10.1.40]
2025-06-05 00:29:39 [restartedMain] INFO  [o.a.c.c.C.[Tomcat].[localhost].[/]] - Initializing Spring embedded WebApplicationContext
2025-06-05 00:29:39 [restartedMain] INFO  [o.s.b.w.s.c.ServletWebServerApplicationContext] - Root WebApplicationContext: initialization completed in 2673 ms
2025-06-05 00:29:40 [restartedMain] INFO  [o.h.jpa.internal.util.LogHelper] - HHH000204: Processing PersistenceUnitInfo [name: default]
2025-06-05 00:29:40 [restartedMain] INFO  [org.hibernate.Version] - HHH000412: Hibernate ORM core version 6.6.13.Final
2025-06-05 00:29:40 [restartedMain] INFO  [o.h.c.i.RegionFactoryInitiator] - HHH000026: Second-level cache disabled
2025-06-05 00:29:41 [restartedMain] INFO  [o.s.o.j.p.SpringPersistenceUnitInfo] - No LoadTimeWeaver setup: ignoring JPA class transformer
2025-06-05 00:29:41 [restartedMain] INFO  [com.zaxxer.hikari.HikariDataSource] - HikariPool-1 - Starting...
2025-06-05 00:29:42 [restartedMain] WARN  [o.h.e.jdbc.spi.SqlExceptionHelper] - SQL Error: 0, SQLState: 08S01
2025-06-05 00:29:42 [restartedMain] ERROR [o.h.e.jdbc.spi.SqlExceptionHelper] - Communications link failure

The last packet sent successfully to the server was 0 milliseconds ago. The driver has not received any packets from the server.
2025-06-05 00:29:42 [restartedMain] WARN  [o.h.e.j.e.i.JdbcEnvironmentInitiator] - HHH000342: Could not obtain connection to query metadata
org.hibernate.exception.JDBCConnectionException: unable to obtain isolated JDBC connection [Communications link failure

The last packet sent successfully to the server was 0 milliseconds ago. The driver has not received any packets from the server.] [n/a]
	at org.hibernate.exception.internal.SQLStateConversionDelegate.convert(SQLStateConversionDelegate.java:100)
	at org.hibernate.exception.internal.StandardSQLExceptionConverter.convert(StandardSQLExceptionConverter.java:58)
	at org.hibernate.engine.jdbc.spi.SqlExceptionHelper.convert(SqlExceptionHelper.java:108)
	at org.hibernate.engine.jdbc.spi.SqlExceptionHelper.convert(SqlExceptionHelper.java:94)
	at org.hibernate.resource.transaction.backend.jdbc.internal.JdbcIsolationDelegate.delegateWork(JdbcIsolationDelegate.java:116)
	at org.hibernate.engine.jdbc.env.internal.JdbcEnvironmentInitiator.getJdbcEnvironmentUsingJdbcMetadata(JdbcEnvironmentInitiator.java:320)
	at org.hibernate.engine.jdbc.env.internal.JdbcEnvironmentInitiator.initiateService(JdbcEnvironmentInitiator.java:129)
	at org.hibernate.engine.jdbc.env.internal.JdbcEnvironmentInitiator.initiateService(JdbcEnvironmentInitiator.java:81)
	at org.hibernate.boot.registry.internal.StandardServiceRegistryImpl.initiateService(StandardServiceRegistryImpl.java:130)
	at org.hibernate.service.internal.AbstractServiceRegistryImpl.createService(AbstractServiceRegistryImpl.java:263)
	at org.hibernate.service.internal.AbstractServiceRegistryImpl.initializeService(AbstractServiceRegistryImpl.java:238)
	at org.hibernate.service.internal.AbstractServiceRegistryImpl.getService(AbstractServiceRegistryImpl.java:215)
	at org.hibernate.boot.model.relational.Database.<init>(Database.java:45)
	at org.hibernate.boot.internal.InFlightMetadataCollectorImpl.getDatabase(InFlightMetadataCollectorImpl.java:226)
	at org.hibernate.boot.internal.InFlightMetadataCollectorImpl.<init>(InFlightMetadataCollectorImpl.java:194)
	at org.hibernate.boot.model.process.spi.MetadataBuildingProcess.complete(MetadataBuildingProcess.java:171)
	at org.hibernate.jpa.boot.internal.EntityManagerFactoryBuilderImpl.metadata(EntityManagerFactoryBuilderImpl.java:1442)
	at org.hibernate.jpa.boot.internal.EntityManagerFactoryBuilderImpl.build(EntityManagerFactoryBuilderImpl.java:1513)
	at org.springframework.orm.jpa.vendor.SpringHibernateJpaPersistenceProvider.createContainerEntityManagerFactory(SpringHibernateJpaPersistenceProvider.java:66)
	at org.springframework.orm.jpa.LocalContainerEntityManagerFactoryBean.createNativeEntityManagerFactory(LocalContainerEntityManagerFactoryBean.java:390)
	at org.springframework.orm.jpa.AbstractEntityManagerFactoryBean.buildNativeEntityManagerFactory(AbstractEntityManagerFactoryBean.java:419)
	at org.springframework.orm.jpa.AbstractEntityManagerFactoryBean.afterPropertiesSet(AbstractEntityManagerFactoryBean.java:400)
	at org.springframework.orm.jpa.LocalContainerEntityManagerFactoryBean.afterPropertiesSet(LocalContainerEntityManagerFactoryBean.java:366)
	at org.springframework.beans.factory.support.AbstractAutowireCapableBeanFactory.invokeInitMethods(AbstractAutowireCapableBeanFactory.java:1865)
	at org.springframework.beans.factory.support.AbstractAutowireCapableBeanFactory.initializeBean(AbstractAutowireCapableBeanFactory.java:1814)
	at org.springframework.beans.factory.support.AbstractAutowireCapableBeanFactory.doCreateBean(AbstractAutowireCapableBeanFactory.java:607)
	at org.springframework.beans.factory.support.AbstractAutowireCapableBeanFactory.createBean(AbstractAutowireCapableBeanFactory.java:529)
	at org.springframework.beans.factory.support.AbstractBeanFactory.lambda$doGetBean$0(AbstractBeanFactory.java:339)
	at org.springframework.beans.factory.support.DefaultSingletonBeanRegistry.getSingleton(DefaultSingletonBeanRegistry.java:371)
	at org.springframework.beans.factory.support.AbstractBeanFactory.doGetBean(AbstractBeanFactory.java:337)
	at org.springframework.beans.factory.support.AbstractBeanFactory.getBean(AbstractBeanFactory.java:207)
	at org.springframework.context.support.AbstractApplicationContext.finishBeanFactoryInitialization(AbstractApplicationContext.java:970)
	at org.springframework.context.support.AbstractApplicationContext.refresh(AbstractApplicationContext.java:627)
	at org.springframework.boot.web.servlet.context.ServletWebServerApplicationContext.refresh(ServletWebServerApplicationContext.java:146)
	at org.springframework.boot.SpringApplication.refresh(SpringApplication.java:753)
	at org.springframework.boot.SpringApplication.refreshContext(SpringApplication.java:439)
	at org.springframework.boot.SpringApplication.run(SpringApplication.java:318)
	at org.springframework.boot.SpringApplication.run(SpringApplication.java:1362)
	at org.springframework.boot.SpringApplication.run(SpringApplication.java:1351)
	at com.aditya.VotezyApplication.main(VotezyApplication.java:10)
	at java.base/jdk.internal.reflect.DirectMethodHandleAccessor.invoke(DirectMethodHandleAccessor.java:103)
	at java.base/java.lang.reflect.Method.invoke(Method.java:580)
	at org.springframework.boot.devtools.restart.RestartLauncher.run(RestartLauncher.java:50)
Caused by: com.mysql.cj.jdbc.exceptions.CommunicationsException: Communications link failure

The last packet sent successfully to the server was 0 milliseconds ago. The driver has not received any packets from the server.
	at com.mysql.cj.jdbc.exceptions.SQLError.createCommunicationsException(SQLError.java:165)
	at com.mysql.cj.jdbc.exceptions.SQLExceptionsMapping.translateException(SQLExceptionsMapping.java:55)
	at com.mysql.cj.jdbc.ConnectionImpl.createNewIO(ConnectionImpl.java:837)
	at com.mysql.cj.jdbc.ConnectionImpl.<init>(ConnectionImpl.java:420)
	at com.mysql.cj.jdbc.ConnectionImpl.getInstance(ConnectionImpl.java:238)
	at com.mysql.cj.jdbc.NonRegisteringDriver.connect(NonRegisteringDriver.java:180)
	at com.zaxxer.hikari.util.DriverDataSource.getConnection(DriverDataSource.java:137)
	at com.zaxxer.hikari.pool.PoolBase.newConnection(PoolBase.java:360)
	at com.zaxxer.hikari.pool.PoolBase.newPoolEntry(PoolBase.java:202)
	at com.zaxxer.hikari.pool.HikariPool.createPoolEntry(HikariPool.java:461)
	at com.zaxxer.hikari.pool.HikariPool.checkFailFast(HikariPool.java:550)
	at com.zaxxer.hikari.pool.HikariPool.<init>(HikariPool.java:98)
	at com.zaxxer.hikari.HikariDataSource.getConnection(HikariDataSource.java:111)
	at org.hibernate.engine.jdbc.connections.internal.DatasourceConnectionProviderImpl.getConnection(DatasourceConnectionProviderImpl.java:126)
	at org.hibernate.engine.jdbc.env.internal.JdbcEnvironmentInitiator$ConnectionProviderJdbcConnectionAccess.obtainConnection(JdbcEnvironmentInitiator.java:467)
	at org.hibernate.resource.transaction.backend.jdbc.internal.JdbcIsolationDelegate.delegateWork(JdbcIsolationDelegate.java:61)
	... 38 common frames omitted
Caused by: com.mysql.cj.exceptions.CJCommunicationsException: Communications link failure

The last packet sent successfully to the server was 0 milliseconds ago. The driver has not received any packets from the server.
	at java.base/jdk.internal.reflect.DirectConstructorHandleAccessor.newInstance(DirectConstructorHandleAccessor.java:62)
	at java.base/java.lang.reflect.Constructor.newInstanceWithCaller(Constructor.java:502)
	at java.base/java.lang.reflect.Constructor.newInstance(Constructor.java:486)
	at com.mysql.cj.exceptions.ExceptionFactory.createException(ExceptionFactory.java:52)
	at com.mysql.cj.exceptions.ExceptionFactory.createException(ExceptionFactory.java:95)
	at com.mysql.cj.exceptions.ExceptionFactory.createException(ExceptionFactory.java:140)
	at com.mysql.cj.exceptions.ExceptionFactory.createCommunicationsException(ExceptionFactory.java:156)
	at com.mysql.cj.protocol.a.NativeSocketConnection.connect(NativeSocketConnection.java:79)
	at com.mysql.cj.NativeSession.connect(NativeSession.java:142)
	at com.mysql.cj.jdbc.ConnectionImpl.connectOneTryOnly(ConnectionImpl.java:961)
	at com.mysql.cj.jdbc.ConnectionImpl.createNewIO(ConnectionImpl.java:825)
	... 51 common frames omitted
Caused by: java.net.ConnectException: Connection refused: getsockopt
	at java.base/sun.nio.ch.Net.pollConnect(Native Method)
	at java.base/sun.nio.ch.Net.pollConnectNow(Net.java:682)
	at java.base/sun.nio.ch.NioSocketImpl.timedFinishConnect(NioSocketImpl.java:542)
	at java.base/sun.nio.ch.NioSocketImpl.connect(NioSocketImpl.java:592)
	at java.base/java.net.SocksSocketImpl.connect(SocksSocketImpl.java:327)
	at java.base/java.net.Socket.connect(Socket.java:751)
	at com.mysql.cj.protocol.StandardSocketFactory.connect(StandardSocketFactory.java:144)
	at com.mysql.cj.protocol.a.NativeSocketConnection.connect(NativeSocketConnection.java:53)
	... 54 common frames omitted
2025-06-05 00:29:42 [restartedMain] WARN  [org.hibernate.orm.deprecation] - HHH90000025: MySQLDialect does not need to be specified explicitly using 'hibernate.dialect' (remove the property setting and it will be selected by default)
2025-06-05 00:29:42 [restartedMain] INFO  [o.hibernate.orm.connections.pooling] - HHH10001005: Database info:
	Database JDBC URL [Connecting through datasource 'HikariDataSource (null)']
	Database driver: undefined/unknown
	Database version: 8.0
	Autocommit mode: undefined/unknown
	Isolation level: undefined/unknown
	Minimum pool size: undefined/unknown
	Maximum pool size: undefined/unknown
2025-06-05 00:29:43 [restartedMain] INFO  [o.h.e.t.j.p.i.JtaPlatformInitiator] - HHH000489: No JTA platform available (set 'hibernate.transaction.jta.platform' to enable JTA platform integration)
2025-06-05 00:29:44 [restartedMain] INFO  [com.zaxxer.hikari.HikariDataSource] - HikariPool-1 - Starting...
2025-06-05 00:29:45 [restartedMain] WARN  [o.h.e.jdbc.spi.SqlExceptionHelper] - SQL Error: 0, SQLState: 08S01
2025-06-05 00:29:45 [restartedMain] ERROR [o.h.e.jdbc.spi.SqlExceptionHelper] - Communications link failure

The last packet sent successfully to the server was 0 milliseconds ago. The driver has not received any packets from the server.
2025-06-05 00:29:45 [restartedMain] ERROR [o.s.o.j.LocalContainerEntityManagerFactoryBean] - Failed to initialize JPA EntityManagerFactory: [PersistenceUnit: default] Unable to build Hibernate SessionFactory; nested exception is org.hibernate.exception.JDBCConnectionException: Unable to open JDBC Connection for DDL execution [Communications link failure

The last packet sent successfully to the server was 0 milliseconds ago. The driver has not received any packets from the server.] [n/a]
2025-06-05 00:29:45 [restartedMain] WARN  [o.s.b.w.s.c.AnnotationConfigServletWebServerApplicationContext] - Exception encountered during context initialization - cancelling refresh attempt: org.springframework.beans.factory.BeanCreationException: Error creating bean with name 'entityManagerFactory' defined in class path resource [org/springframework/boot/autoconfigure/orm/jpa/HibernateJpaConfiguration.class]: [PersistenceUnit: default] Unable to build Hibernate SessionFactory; nested exception is org.hibernate.exception.JDBCConnectionException: Unable to open JDBC Connection for DDL execution [Communications link failure

The last packet sent successfully to the server was 0 milliseconds ago. The driver has not received any packets from the server.] [n/a]
2025-06-05 00:29:45 [restartedMain] INFO  [o.a.catalina.core.StandardService] - Stopping service [Tomcat]
2025-06-05 00:29:45 [restartedMain] INFO  [o.s.b.a.l.ConditionEvaluationReportLogger] - 

Error starting ApplicationContext. To display the condition evaluation report re-run your application with 'debug' enabled.
2025-06-05 00:29:45 [restartedMain] ERROR [o.s.boot.SpringApplication] - Application run failed
org.springframework.beans.factory.BeanCreationException: Error creating bean with name 'entityManagerFactory' defined in class path resource [org/springframework/boot/autoconfigure/orm/jpa/HibernateJpaConfiguration.class]: [PersistenceUnit: default] Unable to build Hibernate SessionFactory; nested exception is org.hibernate.exception.JDBCConnectionException: Unable to open JDBC Connection for DDL execution [Communications link failure

The last packet sent successfully to the server was 0 milliseconds ago. The driver has not received any packets from the server.] [n/a]
	at org.springframework.beans.factory.support.AbstractAutowireCapableBeanFactory.initializeBean(AbstractAutowireCapableBeanFactory.java:1818)
	at org.springframework.beans.factory.support.AbstractAutowireCapableBeanFactory.doCreateBean(AbstractAutowireCapableBeanFactory.java:607)
	at org.springframework.beans.factory.support.AbstractAutowireCapableBeanFactory.createBean(AbstractAutowireCapableBeanFactory.java:529)
	at org.springframework.beans.factory.support.AbstractBeanFactory.lambda$doGetBean$0(AbstractBeanFactory.java:339)
	at org.springframework.beans.factory.support.DefaultSingletonBeanRegistry.getSingleton(DefaultSingletonBeanRegistry.java:371)
	at org.springframework.beans.factory.support.AbstractBeanFactory.doGetBean(AbstractBeanFactory.java:337)
	at org.springframework.beans.factory.support.AbstractBeanFactory.getBean(AbstractBeanFactory.java:207)
	at org.springframework.context.support.AbstractApplicationContext.finishBeanFactoryInitialization(AbstractApplicationContext.java:970)
	at org.springframework.context.support.AbstractApplicationContext.refresh(AbstractApplicationContext.java:627)
	at org.springframework.boot.web.servlet.context.ServletWebServerApplicationContext.refresh(ServletWebServerApplicationContext.java:146)
	at org.springframework.boot.SpringApplication.refresh(SpringApplication.java:753)
	at org.springframework.boot.SpringApplication.refreshContext(SpringApplication.java:439)
	at org.springframework.boot.SpringApplication.run(SpringApplication.java:318)
	at org.springframework.boot.SpringApplication.run(SpringApplication.java:1362)
	at org.springframework.boot.SpringApplication.run(SpringApplication.java:1351)
	at com.aditya.VotezyApplication.main(VotezyApplication.java:10)
	at java.base/jdk.internal.reflect.DirectMethodHandleAccessor.invoke(DirectMethodHandleAccessor.java:103)
	at java.base/java.lang.reflect.Method.invoke(Method.java:580)
	at org.springframework.boot.devtools.restart.RestartLauncher.run(RestartLauncher.java:50)
Caused by: jakarta.persistence.PersistenceException: [PersistenceUnit: default] Unable to build Hibernate SessionFactory; nested exception is org.hibernate.exception.JDBCConnectionException: Unable to open JDBC Connection for DDL execution [Communications link failure

The last packet sent successfully to the server was 0 milliseconds ago. The driver has not received any packets from the server.] [n/a]
	at org.springframework.orm.jpa.AbstractEntityManagerFactoryBean.buildNativeEntityManagerFactory(AbstractEntityManagerFactoryBean.java:431)
	at org.springframework.orm.jpa.AbstractEntityManagerFactoryBean.afterPropertiesSet(AbstractEntityManagerFactoryBean.java:400)
	at org.springframework.orm.jpa.LocalContainerEntityManagerFactoryBean.afterPropertiesSet(LocalContainerEntityManagerFactoryBean.java:366)
	at org.springframework.beans.factory.support.AbstractAutowireCapableBeanFactory.invokeInitMethods(AbstractAutowireCapableBeanFactory.java:1865)
	at org.springframework.beans.factory.support.AbstractAutowireCapableBeanFactory.initializeBean(AbstractAutowireCapableBeanFactory.java:1814)
	... 18 common frames omitted
Caused by: org.hibernate.exception.JDBCConnectionException: Unable to open JDBC Connection for DDL execution [Communications link failure

The last packet sent successfully to the server was 0 milliseconds ago. The driver has not received any packets from the server.] [n/a]
	at org.hibernate.exception.internal.SQLStateConversionDelegate.convert(SQLStateConversionDelegate.java:100)
	at org.hibernate.exception.internal.StandardSQLExceptionConverter.convert(StandardSQLExceptionConverter.java:58)
	at org.hibernate.engine.jdbc.spi.SqlExceptionHelper.convert(SqlExceptionHelper.java:108)
	at org.hibernate.engine.jdbc.spi.SqlExceptionHelper.convert(SqlExceptionHelper.java:94)
	at org.hibernate.resource.transaction.backend.jdbc.internal.DdlTransactionIsolatorNonJtaImpl.getIsolatedConnection(DdlTransactionIsolatorNonJtaImpl.java:74)
	at org.hibernate.resource.transaction.backend.jdbc.internal.DdlTransactionIsolatorNonJtaImpl.getIsolatedConnection(DdlTransactionIsolatorNonJtaImpl.java:39)
	at org.hibernate.tool.schema.internal.exec.ImprovedExtractionContextImpl.getJdbcConnection(ImprovedExtractionContextImpl.java:63)
	at org.hibernate.tool.schema.internal.exec.ImprovedExtractionContextImpl.getJdbcDatabaseMetaData(ImprovedExtractionContextImpl.java:70)
	at org.hibernate.tool.schema.extract.internal.InformationExtractorJdbcDatabaseMetaDataImpl.processTableResultSet(InformationExtractorJdbcDatabaseMetaDataImpl.java:65)
	at org.hibernate.tool.schema.extract.internal.AbstractInformationExtractorImpl.getTables(AbstractInformationExtractorImpl.java:570)
	at org.hibernate.tool.schema.extract.internal.DatabaseInformationImpl.getTablesInformation(DatabaseInformationImpl.java:122)
	at org.hibernate.tool.schema.internal.GroupedSchemaMigratorImpl.performTablesMigration(GroupedSchemaMigratorImpl.java:72)
	at org.hibernate.tool.schema.internal.AbstractSchemaMigrator.performMigration(AbstractSchemaMigrator.java:233)
	at org.hibernate.tool.schema.internal.AbstractSchemaMigrator.doMigration(AbstractSchemaMigrator.java:112)
	at org.hibernate.tool.schema.spi.SchemaManagementToolCoordinator.performDatabaseAction(SchemaManagementToolCoordinator.java:280)
	at org.hibernate.tool.schema.spi.SchemaManagementToolCoordinator.lambda$process$5(SchemaManagementToolCoordinator.java:144)
	at java.base/java.util.HashMap.forEach(HashMap.java:1429)
	at org.hibernate.tool.schema.spi.SchemaManagementToolCoordinator.process(SchemaManagementToolCoordinator.java:141)
	at org.hibernate.boot.internal.SessionFactoryObserverForSchemaExport.sessionFactoryCreated(SessionFactoryObserverForSchemaExport.java:37)
	at org.hibernate.internal.SessionFactoryObserverChain.sessionFactoryCreated(SessionFactoryObserverChain.java:35)
	at org.hibernate.internal.SessionFactoryImpl.<init>(SessionFactoryImpl.java:324)
	at org.hibernate.boot.internal.SessionFactoryBuilderImpl.build(SessionFactoryBuilderImpl.java:463)
	at org.hibernate.jpa.boot.internal.EntityManagerFactoryBuilderImpl.build(EntityManagerFactoryBuilderImpl.java:1517)
	at org.springframework.orm.jpa.vendor.SpringHibernateJpaPersistenceProvider.createContainerEntityManagerFactory(SpringHibernateJpaPersistenceProvider.java:66)
	at org.springframework.orm.jpa.LocalContainerEntityManagerFactoryBean.createNativeEntityManagerFactory(LocalContainerEntityManagerFactoryBean.java:390)
	at org.springframework.orm.jpa.AbstractEntityManagerFactoryBean.buildNativeEntityManagerFactory(AbstractEntityManagerFactoryBean.java:419)
	... 22 common frames omitted
Caused by: com.mysql.cj.jdbc.exceptions.CommunicationsException: Communications link failure

The last packet sent successfully to the server was 0 milliseconds ago. The driver has not received any packets from the server.
	at com.mysql.cj.jdbc.exceptions.SQLError.createCommunicationsException(SQLError.java:165)
	at com.mysql.cj.jdbc.exceptions.SQLExceptionsMapping.translateException(SQLExceptionsMapping.java:55)
	at com.mysql.cj.jdbc.ConnectionImpl.createNewIO(ConnectionImpl.java:837)
	at com.mysql.cj.jdbc.ConnectionImpl.<init>(ConnectionImpl.java:420)
	at com.mysql.cj.jdbc.ConnectionImpl.getInstance(ConnectionImpl.java:238)
	at com.mysql.cj.jdbc.NonRegisteringDriver.connect(NonRegisteringDriver.java:180)
	at com.zaxxer.hikari.util.DriverDataSource.getConnection(DriverDataSource.java:137)
	at com.zaxxer.hikari.pool.PoolBase.newConnection(PoolBase.java:360)
	at com.zaxxer.hikari.pool.PoolBase.newPoolEntry(PoolBase.java:202)
	at com.zaxxer.hikari.pool.HikariPool.createPoolEntry(HikariPool.java:461)
	at com.zaxxer.hikari.pool.HikariPool.checkFailFast(HikariPool.java:550)
	at com.zaxxer.hikari.pool.HikariPool.<init>(HikariPool.java:98)
	at com.zaxxer.hikari.HikariDataSource.getConnection(HikariDataSource.java:111)
	at org.hibernate.engine.jdbc.connections.internal.DatasourceConnectionProviderImpl.getConnection(DatasourceConnectionProviderImpl.java:126)
	at org.hibernate.engine.jdbc.env.internal.JdbcEnvironmentInitiator$ConnectionProviderJdbcConnectionAccess.obtainConnection(JdbcEnvironmentInitiator.java:467)
	at org.hibernate.resource.transaction.backend.jdbc.internal.DdlTransactionIsolatorNonJtaImpl.getIsolatedConnection(DdlTransactionIsolatorNonJtaImpl.java:46)
	... 43 common frames omitted
Caused by: com.mysql.cj.exceptions.CJCommunicationsException: Communications link failure

The last packet sent successfully to the server was 0 milliseconds ago. The driver has not received any packets from the server.
	at java.base/jdk.internal.reflect.DirectConstructorHandleAccessor.newInstance(DirectConstructorHandleAccessor.java:62)
	at java.base/java.lang.reflect.Constructor.newInstanceWithCaller(Constructor.java:502)
	at java.base/java.lang.reflect.Constructor.newInstance(Constructor.java:486)
	at com.mysql.cj.exceptions.ExceptionFactory.createException(ExceptionFactory.java:52)
	at com.mysql.cj.exceptions.ExceptionFactory.createException(ExceptionFactory.java:95)
	at com.mysql.cj.exceptions.ExceptionFactory.createException(ExceptionFactory.java:140)
	at com.mysql.cj.exceptions.ExceptionFactory.createCommunicationsException(ExceptionFactory.java:156)
	at com.mysql.cj.protocol.a.NativeSocketConnection.connect(NativeSocketConnection.java:79)
	at com.mysql.cj.NativeSession.connect(NativeSession.java:142)
	at com.mysql.cj.jdbc.ConnectionImpl.connectOneTryOnly(ConnectionImpl.java:961)
	at com.mysql.cj.jdbc.ConnectionImpl.createNewIO(ConnectionImpl.java:825)
	... 56 common frames omitted
Caused by: java.net.ConnectException: Connection refused: getsockopt
	at java.base/sun.nio.ch.Net.pollConnect(Native Method)
	at java.base/sun.nio.ch.Net.pollConnectNow(Net.java:682)
	at java.base/sun.nio.ch.NioSocketImpl.timedFinishConnect(NioSocketImpl.java:542)
	at java.base/sun.nio.ch.NioSocketImpl.connect(NioSocketImpl.java:592)
	at java.base/java.net.SocksSocketImpl.connect(SocksSocketImpl.java:327)
	at java.base/java.net.Socket.connect(Socket.java:751)
	at com.mysql.cj.protocol.StandardSocketFactory.connect(StandardSocketFactory.java:144)
	at com.mysql.cj.protocol.a.NativeSocketConnection.connect(NativeSocketConnection.java:53)
	... 59 common frames omitted
2025-06-05 00:31:17 [background-preinit] INFO  [o.h.validator.internal.util.Version] - HV000001: Hibernate Validator 8.0.2.Final
2025-06-05 00:31:18 [restartedMain] INFO  [com.aditya.VotezyApplication] - Starting VotezyApplication using Java 21.0.4 with PID 10792 (D:\Code-Practice\Spring-STS\votezy\target\classes started by Aditya-Mehta in D:\Code-Practice\Spring-STS\votezy)
2025-06-05 00:31:18 [restartedMain] INFO  [com.aditya.VotezyApplication] - No active profile set, falling back to 1 default profile: "default"
2025-06-05 00:31:18 [restartedMain] INFO  [o.s.b.d.e.DevToolsPropertyDefaultsPostProcessor] - Devtools property defaults active! Set 'spring.devtools.add-properties' to 'false' to disable
2025-06-05 00:31:18 [restartedMain] INFO  [o.s.b.d.e.DevToolsPropertyDefaultsPostProcessor] - For additional web related logging consider setting the 'logging.level.web' property to 'DEBUG'
2025-06-05 00:31:19 [restartedMain] INFO  [o.s.d.r.c.RepositoryConfigurationDelegate] - Bootstrapping Spring Data JPA repositories in DEFAULT mode.
2025-06-05 00:31:19 [restartedMain] INFO  [o.s.d.r.c.RepositoryConfigurationDelegate] - Finished Spring Data repository scanning in 119 ms. Found 4 JPA repository interfaces.
2025-06-05 00:31:21 [restartedMain] INFO  [o.s.b.w.e.tomcat.TomcatWebServer] - Tomcat initialized with port 8080 (http)
2025-06-05 00:31:21 [restartedMain] INFO  [o.a.coyote.http11.Http11NioProtocol] - Initializing ProtocolHandler ["http-nio-8080"]
2025-06-05 00:31:21 [restartedMain] INFO  [o.a.catalina.core.StandardService] - Starting service [Tomcat]
2025-06-05 00:31:21 [restartedMain] INFO  [o.a.catalina.core.StandardEngine] - Starting Servlet engine: [Apache Tomcat/10.1.40]
2025-06-05 00:31:21 [restartedMain] INFO  [o.a.c.c.C.[Tomcat].[localhost].[/]] - Initializing Spring embedded WebApplicationContext
2025-06-05 00:31:21 [restartedMain] INFO  [o.s.b.w.s.c.ServletWebServerApplicationContext] - Root WebApplicationContext: initialization completed in 3039 ms
2025-06-05 00:31:21 [restartedMain] INFO  [o.h.jpa.internal.util.LogHelper] - HHH000204: Processing PersistenceUnitInfo [name: default]
2025-06-05 00:31:21 [restartedMain] INFO  [org.hibernate.Version] - HHH000412: Hibernate ORM core version 6.6.13.Final
2025-06-05 00:31:21 [restartedMain] INFO  [o.h.c.i.RegionFactoryInitiator] - HHH000026: Second-level cache disabled
2025-06-05 00:31:22 [restartedMain] INFO  [o.s.o.j.p.SpringPersistenceUnitInfo] - No LoadTimeWeaver setup: ignoring JPA class transformer
2025-06-05 00:31:22 [restartedMain] INFO  [com.zaxxer.hikari.HikariDataSource] - HikariPool-1 - Starting...
2025-06-05 00:31:22 [restartedMain] INFO  [com.zaxxer.hikari.pool.HikariPool] - HikariPool-1 - Added connection com.mysql.cj.jdbc.ConnectionImpl@295b465b
2025-06-05 00:31:22 [restartedMain] INFO  [com.zaxxer.hikari.HikariDataSource] - HikariPool-1 - Start completed.
2025-06-05 00:31:23 [restartedMain] WARN  [org.hibernate.orm.deprecation] - HHH90000025: MySQLDialect does not need to be specified explicitly using 'hibernate.dialect' (remove the property setting and it will be selected by default)
2025-06-05 00:31:23 [restartedMain] INFO  [o.hibernate.orm.connections.pooling] - HHH10001005: Database info:
	Database JDBC URL [Connecting through datasource 'HikariDataSource (HikariPool-1)']
	Database driver: undefined/unknown
	Database version: 8.0.41
	Autocommit mode: undefined/unknown
	Isolation level: undefined/unknown
	Minimum pool size: undefined/unknown
	Maximum pool size: undefined/unknown
2025-06-05 00:31:24 [restartedMain] INFO  [o.h.e.t.j.p.i.JtaPlatformInitiator] - HHH000489: No JTA platform available (set 'hibernate.transaction.jta.platform' to enable JTA platform integration)
2025-06-05 00:31:24 [restartedMain] DEBUG [org.hibernate.SQL] - alter table vote add constraint FKsntn7i4l97xxwx420gb6ldpvn foreign key (candidate_id) references candidate (id)
2025-06-05 00:31:24 [restartedMain] DEBUG [org.hibernate.SQL] - alter table vote add constraint FKbgqu449eayg16pkhliv4o0ejh foreign key (voter_id) references voter (id)
2025-06-05 00:31:24 [restartedMain] INFO  [o.s.o.j.LocalContainerEntityManagerFactoryBean] - Initialized JPA EntityManagerFactory for persistence unit 'default'
2025-06-05 00:31:25 [restartedMain] WARN  [o.s.b.a.o.j.JpaBaseConfiguration$JpaWebConfiguration] - spring.jpa.open-in-view is enabled by default. Therefore, database queries may be performed during view rendering. Explicitly configure spring.jpa.open-in-view to disable this warning
2025-06-05 00:31:25 [restartedMain] DEBUG [o.s.w.s.m.m.a.RequestMappingHandlerMapping] - 19 mappings in 'requestMappingHandlerMapping'
2025-06-05 00:31:25 [restartedMain] DEBUG [o.s.w.s.h.SimpleUrlHandlerMapping] - Patterns [/webjars/**, /**] in 'resourceHandlerMapping'
2025-06-05 00:31:25 [restartedMain] DEBUG [o.s.w.s.m.m.a.RequestMappingHandlerAdapter] - ControllerAdvice beans: 0 @ModelAttribute, 0 @InitBinder, 1 RequestBodyAdvice, 1 ResponseBodyAdvice
2025-06-05 00:31:25 [restartedMain] DEBUG [o.s.w.s.m.m.a.ExceptionHandlerExceptionResolver] - ControllerAdvice beans: 1 @ExceptionHandler, 1 ResponseBodyAdvice
2025-06-05 00:31:25 [restartedMain] INFO  [o.s.b.d.a.OptionalLiveReloadServer] - LiveReload server is running on port 35729
2025-06-05 00:31:25 [restartedMain] INFO  [o.a.coyote.http11.Http11NioProtocol] - Starting ProtocolHandler ["http-nio-8080"]
2025-06-05 00:31:25 [restartedMain] INFO  [o.s.b.w.e.tomcat.TomcatWebServer] - Tomcat started on port 8080 (http) with context path '/'
2025-06-05 00:31:25 [restartedMain] INFO  [com.aditya.VotezyApplication] - Started VotezyApplication in 9.776 seconds (process running for 12.94)
2025-06-05 00:31:35 [http-nio-8080-exec-2] INFO  [o.a.c.c.C.[Tomcat].[localhost].[/]] - Initializing Spring DispatcherServlet 'dispatcherServlet'
2025-06-05 00:31:35 [http-nio-8080-exec-2] INFO  [o.s.web.servlet.DispatcherServlet] - Initializing Servlet 'dispatcherServlet'
2025-06-05 00:31:35 [http-nio-8080-exec-2] DEBUG [o.s.web.servlet.DispatcherServlet] - Detected StandardServletMultipartResolver
2025-06-05 00:31:35 [http-nio-8080-exec-2] DEBUG [o.s.web.servlet.DispatcherServlet] - Detected AcceptHeaderLocaleResolver
2025-06-05 00:31:35 [http-nio-8080-exec-2] DEBUG [o.s.web.servlet.DispatcherServlet] - Detected FixedThemeResolver
2025-06-05 00:31:35 [http-nio-8080-exec-2] DEBUG [o.s.web.servlet.DispatcherServlet] - Detected org.springframework.web.servlet.view.DefaultRequestToViewNameTranslator@3e7463b5
2025-06-05 00:31:35 [http-nio-8080-exec-2] DEBUG [o.s.web.servlet.DispatcherServlet] - Detected org.springframework.web.servlet.support.SessionFlashMapManager@249b52d9
2025-06-05 00:31:35 [http-nio-8080-exec-2] DEBUG [o.s.web.servlet.DispatcherServlet] - enableLoggingRequestDetails='false': request parameters and headers will be masked to prevent unsafe logging of potentially sensitive data
2025-06-05 00:31:35 [http-nio-8080-exec-2] INFO  [o.s.web.servlet.DispatcherServlet] - Completed initialization in 2 ms
2025-06-05 00:31:35 [http-nio-8080-exec-2] DEBUG [o.s.web.servlet.DispatcherServlet] - GET "/api/votes", parameters={}
2025-06-05 00:31:35 [http-nio-8080-exec-2] DEBUG [o.s.w.s.m.m.a.RequestMappingHandlerMapping] - Mapped to com.aditya.controller.VotingController#getAllVotes()
2025-06-05 00:31:35 [http-nio-8080-exec-2] DEBUG [org.hibernate.SQL] - select v1_0.id,v1_0.candidate_id,v1_0.voter_id from vote v1_0
2025-06-05 00:31:35 [http-nio-8080-exec-2] DEBUG [o.s.w.s.m.m.a.HttpEntityMethodProcessor] - Using 'application/json', given [*/*] and supported [application/json, application/*+json]
2025-06-05 00:31:35 [http-nio-8080-exec-2] DEBUG [o.s.w.s.m.m.a.HttpEntityMethodProcessor] - Writing [[]]
2025-06-05 00:31:35 [http-nio-8080-exec-2] DEBUG [o.s.web.servlet.DispatcherServlet] - Completed 200 OK
2025-06-05 00:34:41 [http-nio-8080-exec-5] DEBUG [o.s.web.servlet.DispatcherServlet] - POST "/api/voters/register", parameters={}
2025-06-05 00:34:41 [http-nio-8080-exec-5] DEBUG [o.s.w.s.m.m.a.RequestMappingHandlerMapping] - Mapped to com.aditya.controller.VoterController#registerVoter(Voter)
2025-06-05 00:34:42 [http-nio-8080-exec-5] DEBUG [o.s.w.s.m.m.a.RequestResponseBodyMethodProcessor] - Read "application/json;charset=UTF-8" to [Voter(id=null, name=rohan kumar, email=rohankumar.2002@gmail.com, has_voted=false, voterImg=null, vo (truncated)...]
2025-06-05 00:34:42 [http-nio-8080-exec-5] DEBUG [org.hibernate.SQL] - select v1_0.id from voter v1_0 where v1_0.email=? limit ?
2025-06-05 00:34:42 [http-nio-8080-exec-5] INFO  [com.aditya.service.VoterService] - Voter successfully registered: rohankumar.2002@gmail.com
2025-06-05 00:34:42 [http-nio-8080-exec-5] DEBUG [org.hibernate.SQL] - insert into voter (email,has_voted,name,voter_img) values (?,?,?,?)
2025-06-05 00:34:42 [http-nio-8080-exec-5] DEBUG [o.s.w.s.m.m.a.HttpEntityMethodProcessor] - Using 'application/json', given [*/*] and supported [application/json, application/*+json]
2025-06-05 00:34:42 [http-nio-8080-exec-5] DEBUG [o.s.w.s.m.m.a.HttpEntityMethodProcessor] - Writing [Voter(id=3, name=rohan kumar, email=rohankumar.2002@gmail.com, has_voted=false, voterImg=null, vote= (truncated)...]
2025-06-05 00:34:42 [http-nio-8080-exec-5] DEBUG [o.s.web.servlet.DispatcherServlet] - Completed 201 CREATED
2025-06-05 00:43:15 [http-nio-8080-exec-8] DEBUG [o.s.web.servlet.DispatcherServlet] - POST "/api/voters", parameters={}
2025-06-05 00:43:15 [http-nio-8080-exec-8] DEBUG [o.s.w.s.m.m.a.ExceptionHandlerExceptionResolver] - Using @ExceptionHandler com.aditya.exception.GlobalExceptionHandler#handleGeneralException(Exception)
2025-06-05 00:43:15 [http-nio-8080-exec-8] ERROR [c.a.exception.GlobalExceptionHandler] - Unexpected error occurred
org.springframework.web.HttpRequestMethodNotSupportedException: Request method 'POST' is not supported
	at org.springframework.web.servlet.mvc.method.RequestMappingInfoHandlerMapping.handleNoMatch(RequestMappingInfoHandlerMapping.java:267)
	at org.springframework.web.servlet.handler.AbstractHandlerMethodMapping.lookupHandlerMethod(AbstractHandlerMethodMapping.java:441)
	at org.springframework.web.servlet.handler.AbstractHandlerMethodMapping.getHandlerInternal(AbstractHandlerMethodMapping.java:382)
	at org.springframework.web.servlet.mvc.method.RequestMappingInfoHandlerMapping.getHandlerInternal(RequestMappingInfoHandlerMapping.java:127)
	at org.springframework.web.servlet.mvc.method.RequestMappingInfoHandlerMapping.getHandlerInternal(RequestMappingInfoHandlerMapping.java:68)
	at org.springframework.web.servlet.handler.AbstractHandlerMapping.getHandler(AbstractHandlerMapping.java:509)
	at org.springframework.web.servlet.DispatcherServlet.getHandler(DispatcherServlet.java:1284)
	at org.springframework.web.servlet.DispatcherServlet.doDispatch(DispatcherServlet.java:1065)
	at org.springframework.web.servlet.DispatcherServlet.doService(DispatcherServlet.java:979)
	at org.springframework.web.servlet.FrameworkServlet.processRequest(FrameworkServlet.java:1014)
	at org.springframework.web.servlet.FrameworkServlet.doPost(FrameworkServlet.java:914)
	at jakarta.servlet.http.HttpServlet.service(HttpServlet.java:590)
	at org.springframework.web.servlet.FrameworkServlet.service(FrameworkServlet.java:885)
	at jakarta.servlet.http.HttpServlet.service(HttpServlet.java:658)
	at org.apache.catalina.core.ApplicationFilterChain.internalDoFilter(ApplicationFilterChain.java:195)
	at org.apache.catalina.core.ApplicationFilterChain.doFilter(ApplicationFilterChain.java:140)
	at org.apache.tomcat.websocket.server.WsFilter.doFilter(WsFilter.java:51)
	at org.apache.catalina.core.ApplicationFilterChain.internalDoFilter(ApplicationFilterChain.java:164)
	at org.apache.catalina.core.ApplicationFilterChain.doFilter(ApplicationFilterChain.java:140)
	at org.springframework.web.filter.RequestContextFilter.doFilterInternal(RequestContextFilter.java:100)
	at org.springframework.web.filter.OncePerRequestFilter.doFilter(OncePerRequestFilter.java:116)
	at org.apache.catalina.core.ApplicationFilterChain.internalDoFilter(ApplicationFilterChain.java:164)
	at org.apache.catalina.core.ApplicationFilterChain.doFilter(ApplicationFilterChain.java:140)
	at org.springframework.web.filter.FormContentFilter.doFilterInternal(FormContentFilter.java:93)
	at org.springframework.web.filter.OncePerRequestFilter.doFilter(OncePerRequestFilter.java:116)
	at org.apache.catalina.core.ApplicationFilterChain.internalDoFilter(ApplicationFilterChain.java:164)
	at org.apache.catalina.core.ApplicationFilterChain.doFilter(ApplicationFilterChain.java:140)
	at org.springframework.web.filter.CharacterEncodingFilter.doFilterInternal(CharacterEncodingFilter.java:201)
	at org.springframework.web.filter.OncePerRequestFilter.doFilter(OncePerRequestFilter.java:116)
	at org.apache.catalina.core.ApplicationFilterChain.internalDoFilter(ApplicationFilterChain.java:164)
	at org.apache.catalina.core.ApplicationFilterChain.doFilter(ApplicationFilterChain.java:140)
	at org.apache.catalina.core.StandardWrapperValve.invoke(StandardWrapperValve.java:167)
	at org.apache.catalina.core.StandardContextValve.invoke(StandardContextValve.java:90)
	at org.apache.catalina.authenticator.AuthenticatorBase.invoke(AuthenticatorBase.java:483)
	at org.apache.catalina.core.StandardHostValve.invoke(StandardHostValve.java:116)
	at org.apache.catalina.valves.ErrorReportValve.invoke(ErrorReportValve.java:93)
	at org.apache.catalina.core.StandardEngineValve.invoke(StandardEngineValve.java:74)
	at org.apache.catalina.connector.CoyoteAdapter.service(CoyoteAdapter.java:344)
	at org.apache.coyote.http11.Http11Processor.service(Http11Processor.java:398)
	at org.apache.coyote.AbstractProcessorLight.process(AbstractProcessorLight.java:63)
	at org.apache.coyote.AbstractProtocol$ConnectionHandler.process(AbstractProtocol.java:903)
	at org.apache.tomcat.util.net.NioEndpoint$SocketProcessor.doRun(NioEndpoint.java:1740)
	at org.apache.tomcat.util.net.SocketProcessorBase.run(SocketProcessorBase.java:52)
	at org.apache.tomcat.util.threads.ThreadPoolExecutor.runWorker(ThreadPoolExecutor.java:1189)
	at org.apache.tomcat.util.threads.ThreadPoolExecutor$Worker.run(ThreadPoolExecutor.java:658)
	at org.apache.tomcat.util.threads.TaskThread$WrappingRunnable.run(TaskThread.java:63)
	at java.base/java.lang.Thread.run(Thread.java:1583)
2025-06-05 00:43:15 [http-nio-8080-exec-8] DEBUG [o.s.w.s.m.m.a.HttpEntityMethodProcessor] - Using 'application/json', given [*/*] and supported [application/json, application/*+json]
2025-06-05 00:43:15 [http-nio-8080-exec-8] DEBUG [o.s.w.s.m.m.a.HttpEntityMethodProcessor] - Writing [ErrorResponse(statusCode=500, message=Request method 'POST' is not supported)]
2025-06-05 00:43:15 [http-nio-8080-exec-8] WARN  [o.s.w.s.m.m.a.ExceptionHandlerExceptionResolver] - Resolved [org.springframework.web.HttpRequestMethodNotSupportedException: Request method 'POST' is not supported]
2025-06-05 00:43:15 [http-nio-8080-exec-8] DEBUG [o.s.web.servlet.DispatcherServlet] - Completed 500 INTERNAL_SERVER_ERROR
2025-06-05 00:43:22 [http-nio-8080-exec-10] DEBUG [o.s.web.servlet.DispatcherServlet] - GET "/api/voters", parameters={}
2025-06-05 00:43:22 [http-nio-8080-exec-10] DEBUG [o.s.w.s.m.m.a.RequestMappingHandlerMapping] - Mapped to com.aditya.controller.VoterController#getAllVoter()
2025-06-05 00:43:22 [http-nio-8080-exec-10] INFO  [com.aditya.service.VoterService] - fetch all the resources.
2025-06-05 00:43:22 [http-nio-8080-exec-10] DEBUG [org.hibernate.SQL] - select v1_0.id,v1_0.email,v1_0.has_voted,v1_0.name,v1_0.voter_img from voter v1_0
2025-06-05 00:43:22 [http-nio-8080-exec-10] DEBUG [org.hibernate.SQL] - select v1_0.id,c1_0.id,c1_0.candidate_img,c1_0.email,c1_0.name,c1_0.party_name,c1_0.symbol,c1_0.vote_count,v2_0.id,v2_0.email,v2_0.has_voted,v2_0.name,v2_0.voter_img from vote v1_0 left join candidate c1_0 on c1_0.id=v1_0.candidate_id left join voter v2_0 on v2_0.id=v1_0.voter_id where v1_0.voter_id=?
2025-06-05 00:43:22 [http-nio-8080-exec-10] DEBUG [org.hibernate.SQL] - select v1_0.id,c1_0.id,c1_0.candidate_img,c1_0.email,c1_0.name,c1_0.party_name,c1_0.symbol,c1_0.vote_count,v2_0.id,v2_0.email,v2_0.has_voted,v2_0.name,v2_0.voter_img from vote v1_0 left join candidate c1_0 on c1_0.id=v1_0.candidate_id left join voter v2_0 on v2_0.id=v1_0.voter_id where v1_0.voter_id=?
2025-06-05 00:43:22 [http-nio-8080-exec-10] DEBUG [o.s.w.s.m.m.a.HttpEntityMethodProcessor] - Using 'application/json', given [*/*] and supported [application/json, application/*+json]
2025-06-05 00:43:22 [http-nio-8080-exec-10] DEBUG [o.s.w.s.m.m.a.HttpEntityMethodProcessor] - Writing [[Voter(id=1, name=aditya mehta, email=adityamehta242@gmail.com, has_voted=false, voterImg=[-119, 80, (truncated)...]
2025-06-05 00:43:22 [http-nio-8080-exec-10] DEBUG [o.s.web.servlet.DispatcherServlet] - Completed 200 OK
2025-06-05 00:46:00 [http-nio-8080-exec-2] DEBUG [o.s.web.servlet.DispatcherServlet] - POST "/api/votes/cast", parameters={}
2025-06-05 00:46:00 [http-nio-8080-exec-2] DEBUG [o.s.w.s.m.m.a.RequestMappingHandlerMapping] - Mapped to com.aditya.controller.VotingController#castVote(voteRequestDTO)
2025-06-05 00:46:00 [http-nio-8080-exec-2] DEBUG [o.s.w.s.m.m.a.RequestResponseBodyMethodProcessor] - Read "application/json;charset=UTF-8" to [voteRequestDTO(voterId=2, candidateId=null)]
2025-06-05 00:46:00 [http-nio-8080-exec-2] DEBUG [o.s.w.s.m.m.a.ExceptionHandlerExceptionResolver] - Using @ExceptionHandler com.aditya.exception.GlobalExceptionHandler#handleMethodArgumentNotValidException(MethodArgumentNotValidException)
2025-06-05 00:46:00 [http-nio-8080-exec-2] DEBUG [o.s.w.s.m.m.a.HttpEntityMethodProcessor] - Using 'application/json', given [*/*] and supported [application/json, application/*+json]
2025-06-05 00:46:00 [http-nio-8080-exec-2] DEBUG [o.s.w.s.m.m.a.HttpEntityMethodProcessor] - Writing [{candidateId=candidateId is required}]
2025-06-05 00:46:00 [http-nio-8080-exec-2] WARN  [o.s.w.s.m.m.a.ExceptionHandlerExceptionResolver] - Resolved [org.springframework.web.bind.MethodArgumentNotValidException: Validation failed for argument [0] in public org.springframework.http.ResponseEntity<com.aditya.dto.VoteResponseDTO> com.aditya.controller.VotingController.castVote(com.aditya.dto.voteRequestDTO): [Field error in object 'voteRequestDTO' on field 'candidateId': rejected value [null]; codes [NotNull.voteRequestDTO.candidateId,NotNull.candidateId,NotNull.java.lang.Long,NotNull]; arguments [org.springframework.context.support.DefaultMessageSourceResolvable: codes [voteRequestDTO.candidateId,candidateId]; arguments []; default message [candidateId]]; default message [candidateId is required]] ]
2025-06-05 00:46:00 [http-nio-8080-exec-2] DEBUG [o.s.web.servlet.DispatcherServlet] - Completed 400 BAD_REQUEST
2025-06-05 00:46:52 [http-nio-8080-exec-5] DEBUG [o.s.web.servlet.DispatcherServlet] - POST "/api/votes/cast", parameters={}
2025-06-05 00:46:52 [http-nio-8080-exec-5] DEBUG [o.s.w.s.m.m.a.RequestMappingHandlerMapping] - Mapped to com.aditya.controller.VotingController#castVote(voteRequestDTO)
2025-06-05 00:46:52 [http-nio-8080-exec-5] DEBUG [o.s.w.s.m.m.a.RequestResponseBodyMethodProcessor] - Read "application/json;charset=UTF-8" to [voteRequestDTO(voterId=2, candidateId=1)]
2025-06-05 00:46:52 [http-nio-8080-exec-5] DEBUG [org.hibernate.SQL] - select v1_0.id,v1_0.email,v1_0.has_voted,v1_0.name,v2_0.id,c1_0.id,c1_0.candidate_img,c1_0.email,c1_0.name,c1_0.party_name,c1_0.symbol,c1_0.vote_count,v1_0.voter_img from voter v1_0 left join vote v2_0 on v1_0.id=v2_0.voter_id left join candidate c1_0 on c1_0.id=v2_0.candidate_id where v1_0.id=?
2025-06-05 00:46:52 [http-nio-8080-exec-5] DEBUG [org.hibernate.SQL] - select c1_0.id,c1_0.candidate_img,c1_0.email,c1_0.name,c1_0.party_name,c1_0.symbol,c1_0.vote_count from candidate c1_0 where c1_0.id=?
2025-06-05 00:46:52 [http-nio-8080-exec-5] DEBUG [o.s.w.s.m.m.a.ExceptionHandlerExceptionResolver] - Using @ExceptionHandler com.aditya.exception.GlobalExceptionHandler#handleResourceNotFoundException(ResourceNotFoundException)
2025-06-05 00:46:52 [http-nio-8080-exec-5] WARN  [c.a.exception.GlobalExceptionHandler] - Resource not found: Voter id not Found
2025-06-05 00:46:52 [http-nio-8080-exec-5] DEBUG [o.s.w.s.m.m.a.HttpEntityMethodProcessor] - Using 'application/json', given [*/*] and supported [application/json, application/*+json]
2025-06-05 00:46:52 [http-nio-8080-exec-5] DEBUG [o.s.w.s.m.m.a.HttpEntityMethodProcessor] - Writing [ErrorResponse(statusCode=404, message=Voter id not Found)]
2025-06-05 00:46:52 [http-nio-8080-exec-5] WARN  [o.s.w.s.m.m.a.ExceptionHandlerExceptionResolver] - Resolved [com.aditya.exception.ResourceNotFoundException: Voter id not Found]
2025-06-05 00:46:52 [http-nio-8080-exec-5] DEBUG [o.s.web.servlet.DispatcherServlet] - Completed 404 NOT_FOUND
2025-06-05 00:47:04 [http-nio-8080-exec-6] DEBUG [o.s.web.servlet.DispatcherServlet] - POST "/api/votes/cast", parameters={}
2025-06-05 00:47:04 [http-nio-8080-exec-6] DEBUG [o.s.w.s.m.m.a.RequestMappingHandlerMapping] - Mapped to com.aditya.controller.VotingController#castVote(voteRequestDTO)
2025-06-05 00:47:04 [http-nio-8080-exec-6] DEBUG [o.s.w.s.m.m.a.RequestResponseBodyMethodProcessor] - Read "application/json;charset=UTF-8" to [voteRequestDTO(voterId=1, candidateId=1)]
2025-06-05 00:47:04 [http-nio-8080-exec-6] DEBUG [org.hibernate.SQL] - select v1_0.id,v1_0.email,v1_0.has_voted,v1_0.name,v2_0.id,c1_0.id,c1_0.candidate_img,c1_0.email,c1_0.name,c1_0.party_name,c1_0.symbol,c1_0.vote_count,v1_0.voter_img from voter v1_0 left join vote v2_0 on v1_0.id=v2_0.voter_id left join candidate c1_0 on c1_0.id=v2_0.candidate_id where v1_0.id=?
2025-06-05 00:47:04 [http-nio-8080-exec-6] DEBUG [org.hibernate.SQL] - select c1_0.id,c1_0.candidate_img,c1_0.email,c1_0.name,c1_0.party_name,c1_0.symbol,c1_0.vote_count from candidate c1_0 where c1_0.id=?
2025-06-05 00:47:04 [http-nio-8080-exec-6] DEBUG [org.hibernate.SQL] - insert into vote (candidate_id,voter_id) values (?,?)
2025-06-05 00:47:04 [http-nio-8080-exec-6] DEBUG [org.hibernate.SQL] - update voter set email=?,has_voted=?,name=?,voter_img=? where id=?
2025-06-05 00:47:04 [http-nio-8080-exec-6] DEBUG [org.hibernate.SQL] - update candidate set candidate_img=?,email=?,name=?,party_name=?,symbol=?,vote_count=? where id=?
2025-06-05 00:47:04 [http-nio-8080-exec-6] DEBUG [o.s.w.s.m.m.a.HttpEntityMethodProcessor] - Using 'application/json', given [*/*] and supported [application/json, application/*+json]
2025-06-05 00:47:04 [http-nio-8080-exec-6] DEBUG [o.s.w.s.m.m.a.HttpEntityMethodProcessor] - Writing [VoteResponseDTO(message=vote casted successfully, success=true, voterId=1, candidateId=1)]
2025-06-05 00:47:04 [http-nio-8080-exec-6] DEBUG [o.s.web.servlet.DispatcherServlet] - Completed 201 CREATED
2025-06-05 00:47:22 [http-nio-8080-exec-7] DEBUG [o.s.web.servlet.DispatcherServlet] - GET "/api/votes", parameters={}
2025-06-05 00:47:22 [http-nio-8080-exec-7] DEBUG [o.s.w.s.m.m.a.RequestMappingHandlerMapping] - Mapped to com.aditya.controller.VotingController#getAllVotes()
2025-06-05 00:47:22 [http-nio-8080-exec-7] DEBUG [org.hibernate.SQL] - select v1_0.id,v1_0.candidate_id,v1_0.voter_id from vote v1_0
2025-06-05 00:47:22 [http-nio-8080-exec-7] DEBUG [org.hibernate.SQL] - select c1_0.id,c1_0.candidate_img,c1_0.email,c1_0.name,c1_0.party_name,c1_0.symbol,c1_0.vote_count from candidate c1_0 where c1_0.id=?
2025-06-05 00:47:22 [http-nio-8080-exec-7] DEBUG [org.hibernate.SQL] - select v1_0.id,v1_0.email,v1_0.has_voted,v1_0.name,v2_0.id,c1_0.id,c1_0.candidate_img,c1_0.email,c1_0.name,c1_0.party_name,c1_0.symbol,c1_0.vote_count,v1_0.voter_img from voter v1_0 left join vote v2_0 on v1_0.id=v2_0.voter_id left join candidate c1_0 on c1_0.id=v2_0.candidate_id where v1_0.id=?
2025-06-05 00:47:22 [http-nio-8080-exec-7] DEBUG [o.s.w.s.m.m.a.HttpEntityMethodProcessor] - Using 'application/json', given [*/*] and supported [application/json, application/*+json]
2025-06-05 00:47:22 [http-nio-8080-exec-7] DEBUG [o.s.w.s.m.m.a.HttpEntityMethodProcessor] - Writing [[com.aditya.entity.Vote@450c4eae]]
2025-06-05 00:47:22 [http-nio-8080-exec-7] DEBUG [o.s.web.servlet.DispatcherServlet] - Completed 200 OK
2025-06-05 00:47:58 [http-nio-8080-exec-8] DEBUG [o.s.web.servlet.DispatcherServlet] - POST "/api/votes/cast", parameters={}
2025-06-05 00:47:58 [http-nio-8080-exec-8] DEBUG [o.s.w.s.m.m.a.RequestMappingHandlerMapping] - Mapped to com.aditya.controller.VotingController#castVote(voteRequestDTO)
2025-06-05 00:47:58 [http-nio-8080-exec-8] DEBUG [o.s.w.s.m.m.a.RequestResponseBodyMethodProcessor] - Read "application/json;charset=UTF-8" to [voteRequestDTO(voterId=1, candidateId=11)]
2025-06-05 00:47:58 [http-nio-8080-exec-8] DEBUG [org.hibernate.SQL] - select v1_0.id,v1_0.email,v1_0.has_voted,v1_0.name,v2_0.id,c1_0.id,c1_0.candidate_img,c1_0.email,c1_0.name,c1_0.party_name,c1_0.symbol,c1_0.vote_count,v1_0.voter_img from voter v1_0 left join vote v2_0 on v1_0.id=v2_0.voter_id left join candidate c1_0 on c1_0.id=v2_0.candidate_id where v1_0.id=?
2025-06-05 00:47:58 [http-nio-8080-exec-8] DEBUG [org.hibernate.SQL] - select c1_0.id,c1_0.candidate_img,c1_0.email,c1_0.name,c1_0.party_name,c1_0.symbol,c1_0.vote_count from candidate c1_0 where c1_0.id=?
2025-06-05 00:47:58 [http-nio-8080-exec-8] DEBUG [o.s.w.s.m.m.a.ExceptionHandlerExceptionResolver] - Using @ExceptionHandler com.aditya.exception.GlobalExceptionHandler#handleGeneralException(Exception)
2025-06-05 00:47:58 [http-nio-8080-exec-8] ERROR [c.a.exception.GlobalExceptionHandler] - Unexpected error occurred
java.lang.NullPointerException: Cannot invoke "java.util.function.Supplier.get()" because "supplier" is null
	at java.base/java.util.Optional.orElseGet(Optional.java:364)
	at com.aditya.service.VotingService.castVote(VotingService.java:35)
	at java.base/jdk.internal.reflect.DirectMethodHandleAccessor.invoke(DirectMethodHandleAccessor.java:103)
	at java.base/java.lang.reflect.Method.invoke(Method.java:580)
	at org.springframework.aop.support.AopUtils.invokeJoinpointUsingReflection(AopUtils.java:359)
	at org.springframework.aop.framework.ReflectiveMethodInvocation.invokeJoinpoint(ReflectiveMethodInvocation.java:196)
	at org.springframework.aop.framework.ReflectiveMethodInvocation.proceed(ReflectiveMethodInvocation.java:163)
	at org.springframework.transaction.interceptor.TransactionAspectSupport.invokeWithinTransaction(TransactionAspectSupport.java:380)
	at org.springframework.transaction.interceptor.TransactionInterceptor.invoke(TransactionInterceptor.java:119)
	at org.springframework.aop.framework.ReflectiveMethodInvocation.proceed(ReflectiveMethodInvocation.java:184)
	at org.springframework.aop.framework.CglibAopProxy$DynamicAdvisedInterceptor.intercept(CglibAopProxy.java:728)
	at com.aditya.service.VotingService$$SpringCGLIB$$0.castVote(<generated>)
	at com.aditya.controller.VotingController.castVote(VotingController.java:35)
	at java.base/jdk.internal.reflect.DirectMethodHandleAccessor.invoke(DirectMethodHandleAccessor.java:103)
	at java.base/java.lang.reflect.Method.invoke(Method.java:580)
	at org.springframework.web.method.support.InvocableHandlerMethod.doInvoke(InvocableHandlerMethod.java:258)
	at org.springframework.web.method.support.InvocableHandlerMethod.invokeForRequest(InvocableHandlerMethod.java:191)
	at org.springframework.web.servlet.mvc.method.annotation.ServletInvocableHandlerMethod.invokeAndHandle(ServletInvocableHandlerMethod.java:118)
	at org.springframework.web.servlet.mvc.method.annotation.RequestMappingHandlerAdapter.invokeHandlerMethod(RequestMappingHandlerAdapter.java:986)
	at org.springframework.web.servlet.mvc.method.annotation.RequestMappingHandlerAdapter.handleInternal(RequestMappingHandlerAdapter.java:891)
	at org.springframework.web.servlet.mvc.method.AbstractHandlerMethodAdapter.handle(AbstractHandlerMethodAdapter.java:87)
	at org.springframework.web.servlet.DispatcherServlet.doDispatch(DispatcherServlet.java:1089)
	at org.springframework.web.servlet.DispatcherServlet.doService(DispatcherServlet.java:979)
	at org.springframework.web.servlet.FrameworkServlet.processRequest(FrameworkServlet.java:1014)
	at org.springframework.web.servlet.FrameworkServlet.doPost(FrameworkServlet.java:914)
	at jakarta.servlet.http.HttpServlet.service(HttpServlet.java:590)
	at org.springframework.web.servlet.FrameworkServlet.service(FrameworkServlet.java:885)
	at jakarta.servlet.http.HttpServlet.service(HttpServlet.java:658)
	at org.apache.catalina.core.ApplicationFilterChain.internalDoFilter(ApplicationFilterChain.java:195)
	at org.apache.catalina.core.ApplicationFilterChain.doFilter(ApplicationFilterChain.java:140)
	at org.apache.tomcat.websocket.server.WsFilter.doFilter(WsFilter.java:51)
	at org.apache.catalina.core.ApplicationFilterChain.internalDoFilter(ApplicationFilterChain.java:164)
	at org.apache.catalina.core.ApplicationFilterChain.doFilter(ApplicationFilterChain.java:140)
	at org.springframework.web.filter.RequestContextFilter.doFilterInternal(RequestContextFilter.java:100)
	at org.springframework.web.filter.OncePerRequestFilter.doFilter(OncePerRequestFilter.java:116)
	at org.apache.catalina.core.ApplicationFilterChain.internalDoFilter(ApplicationFilterChain.java:164)
	at org.apache.catalina.core.ApplicationFilterChain.doFilter(ApplicationFilterChain.java:140)
	at org.springframework.web.filter.FormContentFilter.doFilterInternal(FormContentFilter.java:93)
	at org.springframework.web.filter.OncePerRequestFilter.doFilter(OncePerRequestFilter.java:116)
	at org.apache.catalina.core.ApplicationFilterChain.internalDoFilter(ApplicationFilterChain.java:164)
	at org.apache.catalina.core.ApplicationFilterChain.doFilter(ApplicationFilterChain.java:140)
	at org.springframework.web.filter.CharacterEncodingFilter.doFilterInternal(CharacterEncodingFilter.java:201)
	at org.springframework.web.filter.OncePerRequestFilter.doFilter(OncePerRequestFilter.java:116)
	at org.apache.catalina.core.ApplicationFilterChain.internalDoFilter(ApplicationFilterChain.java:164)
	at org.apache.catalina.core.ApplicationFilterChain.doFilter(ApplicationFilterChain.java:140)
	at org.apache.catalina.core.StandardWrapperValve.invoke(StandardWrapperValve.java:167)
	at org.apache.catalina.core.StandardContextValve.invoke(StandardContextValve.java:90)
	at org.apache.catalina.authenticator.AuthenticatorBase.invoke(AuthenticatorBase.java:483)
	at org.apache.catalina.core.StandardHostValve.invoke(StandardHostValve.java:116)
	at org.apache.catalina.valves.ErrorReportValve.invoke(ErrorReportValve.java:93)
	at org.apache.catalina.core.StandardEngineValve.invoke(StandardEngineValve.java:74)
	at org.apache.catalina.connector.CoyoteAdapter.service(CoyoteAdapter.java:344)
	at org.apache.coyote.http11.Http11Processor.service(Http11Processor.java:398)
	at org.apache.coyote.AbstractProcessorLight.process(AbstractProcessorLight.java:63)
	at org.apache.coyote.AbstractProtocol$ConnectionHandler.process(AbstractProtocol.java:903)
	at org.apache.tomcat.util.net.NioEndpoint$SocketProcessor.doRun(NioEndpoint.java:1740)
	at org.apache.tomcat.util.net.SocketProcessorBase.run(SocketProcessorBase.java:52)
	at org.apache.tomcat.util.threads.ThreadPoolExecutor.runWorker(ThreadPoolExecutor.java:1189)
	at org.apache.tomcat.util.threads.ThreadPoolExecutor$Worker.run(ThreadPoolExecutor.java:658)
	at org.apache.tomcat.util.threads.TaskThread$WrappingRunnable.run(TaskThread.java:63)
	at java.base/java.lang.Thread.run(Thread.java:1583)
2025-06-05 00:47:58 [http-nio-8080-exec-8] DEBUG [o.s.w.s.m.m.a.HttpEntityMethodProcessor] - Using 'application/json', given [*/*] and supported [application/json, application/*+json]
2025-06-05 00:47:58 [http-nio-8080-exec-8] DEBUG [o.s.w.s.m.m.a.HttpEntityMethodProcessor] - Writing [ErrorResponse(statusCode=500, message=Cannot invoke "java.util.function.Supplier.get()" because "sup (truncated)...]
2025-06-05 00:47:58 [http-nio-8080-exec-8] WARN  [o.s.w.s.m.m.a.ExceptionHandlerExceptionResolver] - Resolved [java.lang.NullPointerException: Cannot invoke "java.util.function.Supplier.get()" because "supplier" is null]
2025-06-05 00:47:58 [http-nio-8080-exec-8] DEBUG [o.s.web.servlet.DispatcherServlet] - Completed 500 INTERNAL_SERVER_ERROR
2025-06-05 00:50:05 [RMI TCP Connection(21)-127.0.0.1] INFO  [o.s.b.a.SpringApplicationAdminMXBeanRegistrar$SpringApplicationAdmin] - Application shutdown requested.
2025-06-05 00:50:05 [RMI TCP Connection(21)-127.0.0.1] INFO  [o.s.b.w.e.tomcat.GracefulShutdown] - Commencing graceful shutdown. Waiting for active requests to complete
2025-06-05 00:50:05 [tomcat-shutdown] INFO  [o.a.coyote.http11.Http11NioProtocol] - Pausing ProtocolHandler ["http-nio-8080"]
2025-06-05 00:50:05 [tomcat-shutdown] INFO  [o.s.b.w.e.tomcat.GracefulShutdown] - Graceful shutdown complete
2025-06-05 00:50:05 [RMI TCP Connection(21)-127.0.0.1] INFO  [o.a.coyote.http11.Http11NioProtocol] - Stopping ProtocolHandler ["http-nio-8080"]
2025-06-05 00:50:05 [RMI TCP Connection(21)-127.0.0.1] INFO  [o.s.o.j.LocalContainerEntityManagerFactoryBean] - Closing JPA EntityManagerFactory for persistence unit 'default'
2025-06-05 00:50:05 [RMI TCP Connection(21)-127.0.0.1] INFO  [com.zaxxer.hikari.HikariDataSource] - HikariPool-1 - Shutdown initiated...
2025-06-05 00:50:05 [RMI TCP Connection(21)-127.0.0.1] INFO  [com.zaxxer.hikari.HikariDataSource] - HikariPool-1 - Shutdown completed.
2025-06-05 00:50:24 [background-preinit] INFO  [o.h.validator.internal.util.Version] - HV000001: Hibernate Validator 8.0.2.Final
2025-06-05 00:50:24 [restartedMain] INFO  [com.aditya.VotezyApplication] - Starting VotezyApplication using Java 21.0.4 with PID 13960 (D:\Code-Practice\Spring-STS\votezy\target\classes started by Aditya-Mehta in D:\Code-Practice\Spring-STS\votezy)
2025-06-05 00:50:24 [restartedMain] INFO  [com.aditya.VotezyApplication] - No active profile set, falling back to 1 default profile: "default"
2025-06-05 00:50:24 [restartedMain] INFO  [o.s.b.d.e.DevToolsPropertyDefaultsPostProcessor] - Devtools property defaults active! Set 'spring.devtools.add-properties' to 'false' to disable
2025-06-05 00:50:24 [restartedMain] INFO  [o.s.b.d.e.DevToolsPropertyDefaultsPostProcessor] - For additional web related logging consider setting the 'logging.level.web' property to 'DEBUG'
2025-06-05 00:50:26 [restartedMain] INFO  [o.s.d.r.c.RepositoryConfigurationDelegate] - Bootstrapping Spring Data JPA repositories in DEFAULT mode.
2025-06-05 00:50:26 [restartedMain] INFO  [o.s.d.r.c.RepositoryConfigurationDelegate] - Finished Spring Data repository scanning in 142 ms. Found 4 JPA repository interfaces.
2025-06-05 00:50:28 [restartedMain] INFO  [o.s.b.w.e.tomcat.TomcatWebServer] - Tomcat initialized with port 8080 (http)
2025-06-05 00:50:28 [restartedMain] INFO  [o.a.coyote.http11.Http11NioProtocol] - Initializing ProtocolHandler ["http-nio-8080"]
2025-06-05 00:50:28 [restartedMain] INFO  [o.a.catalina.core.StandardService] - Starting service [Tomcat]
2025-06-05 00:50:28 [restartedMain] INFO  [o.a.catalina.core.StandardEngine] - Starting Servlet engine: [Apache Tomcat/10.1.40]
2025-06-05 00:50:28 [restartedMain] INFO  [o.a.c.c.C.[Tomcat].[localhost].[/]] - Initializing Spring embedded WebApplicationContext
2025-06-05 00:50:28 [restartedMain] INFO  [o.s.b.w.s.c.ServletWebServerApplicationContext] - Root WebApplicationContext: initialization completed in 3382 ms
2025-06-05 00:50:28 [restartedMain] INFO  [o.h.jpa.internal.util.LogHelper] - HHH000204: Processing PersistenceUnitInfo [name: default]
2025-06-05 00:50:28 [restartedMain] INFO  [org.hibernate.Version] - HHH000412: Hibernate ORM core version 6.6.13.Final
2025-06-05 00:50:28 [restartedMain] INFO  [o.h.c.i.RegionFactoryInitiator] - HHH000026: Second-level cache disabled
2025-06-05 00:50:29 [restartedMain] INFO  [o.s.o.j.p.SpringPersistenceUnitInfo] - No LoadTimeWeaver setup: ignoring JPA class transformer
2025-06-05 00:50:29 [restartedMain] INFO  [com.zaxxer.hikari.HikariDataSource] - HikariPool-1 - Starting...
2025-06-05 00:50:30 [restartedMain] INFO  [com.zaxxer.hikari.pool.HikariPool] - HikariPool-1 - Added connection com.mysql.cj.jdbc.ConnectionImpl@5398bb8e
2025-06-05 00:50:30 [restartedMain] INFO  [com.zaxxer.hikari.HikariDataSource] - HikariPool-1 - Start completed.
2025-06-05 00:50:30 [restartedMain] WARN  [org.hibernate.orm.deprecation] - HHH90000025: MySQLDialect does not need to be specified explicitly using 'hibernate.dialect' (remove the property setting and it will be selected by default)
2025-06-05 00:50:30 [restartedMain] INFO  [o.hibernate.orm.connections.pooling] - HHH10001005: Database info:
	Database JDBC URL [Connecting through datasource 'HikariDataSource (HikariPool-1)']
	Database driver: undefined/unknown
	Database version: 8.0.41
	Autocommit mode: undefined/unknown
	Isolation level: undefined/unknown
	Minimum pool size: undefined/unknown
	Maximum pool size: undefined/unknown
2025-06-05 00:50:31 [restartedMain] INFO  [o.h.e.t.j.p.i.JtaPlatformInitiator] - HHH000489: No JTA platform available (set 'hibernate.transaction.jta.platform' to enable JTA platform integration)
2025-06-05 00:50:31 [restartedMain] INFO  [o.s.o.j.LocalContainerEntityManagerFactoryBean] - Initialized JPA EntityManagerFactory for persistence unit 'default'
2025-06-05 00:50:32 [restartedMain] WARN  [o.s.b.a.o.j.JpaBaseConfiguration$JpaWebConfiguration] - spring.jpa.open-in-view is enabled by default. Therefore, database queries may be performed during view rendering. Explicitly configure spring.jpa.open-in-view to disable this warning
2025-06-05 00:50:32 [restartedMain] DEBUG [o.s.w.s.m.m.a.RequestMappingHandlerMapping] - 19 mappings in 'requestMappingHandlerMapping'
2025-06-05 00:50:32 [restartedMain] DEBUG [o.s.w.s.h.SimpleUrlHandlerMapping] - Patterns [/webjars/**, /**] in 'resourceHandlerMapping'
2025-06-05 00:50:32 [restartedMain] DEBUG [o.s.w.s.m.m.a.RequestMappingHandlerAdapter] - ControllerAdvice beans: 0 @ModelAttribute, 0 @InitBinder, 1 RequestBodyAdvice, 1 ResponseBodyAdvice
2025-06-05 00:50:32 [restartedMain] DEBUG [o.s.w.s.m.m.a.ExceptionHandlerExceptionResolver] - ControllerAdvice beans: 1 @ExceptionHandler, 1 ResponseBodyAdvice
2025-06-05 00:50:32 [restartedMain] INFO  [o.s.b.d.a.OptionalLiveReloadServer] - LiveReload server is running on port 35729
2025-06-05 00:50:32 [restartedMain] INFO  [o.a.coyote.http11.Http11NioProtocol] - Starting ProtocolHandler ["http-nio-8080"]
2025-06-05 00:50:32 [restartedMain] INFO  [o.s.b.w.e.tomcat.TomcatWebServer] - Tomcat started on port 8080 (http) with context path '/'
2025-06-05 00:50:32 [restartedMain] INFO  [com.aditya.VotezyApplication] - Started VotezyApplication in 9.709 seconds (process running for 13.29)
2025-06-05 00:50:48 [http-nio-8080-exec-1] INFO  [o.a.c.c.C.[Tomcat].[localhost].[/]] - Initializing Spring DispatcherServlet 'dispatcherServlet'
2025-06-05 00:50:48 [http-nio-8080-exec-1] INFO  [o.s.web.servlet.DispatcherServlet] - Initializing Servlet 'dispatcherServlet'
2025-06-05 00:50:48 [http-nio-8080-exec-1] DEBUG [o.s.web.servlet.DispatcherServlet] - Detected StandardServletMultipartResolver
2025-06-05 00:50:48 [http-nio-8080-exec-1] DEBUG [o.s.web.servlet.DispatcherServlet] - Detected AcceptHeaderLocaleResolver
2025-06-05 00:50:48 [http-nio-8080-exec-1] DEBUG [o.s.web.servlet.DispatcherServlet] - Detected FixedThemeResolver
2025-06-05 00:50:48 [http-nio-8080-exec-1] DEBUG [o.s.web.servlet.DispatcherServlet] - Detected org.springframework.web.servlet.view.DefaultRequestToViewNameTranslator@64f2decf
2025-06-05 00:50:48 [http-nio-8080-exec-1] DEBUG [o.s.web.servlet.DispatcherServlet] - Detected org.springframework.web.servlet.support.SessionFlashMapManager@b5bdaa1
2025-06-05 00:50:48 [http-nio-8080-exec-1] DEBUG [o.s.web.servlet.DispatcherServlet] - enableLoggingRequestDetails='false': request parameters and headers will be masked to prevent unsafe logging of potentially sensitive data
2025-06-05 00:50:48 [http-nio-8080-exec-1] INFO  [o.s.web.servlet.DispatcherServlet] - Completed initialization in 2 ms
2025-06-05 00:50:48 [http-nio-8080-exec-1] DEBUG [o.s.web.servlet.DispatcherServlet] - POST "/api/votes/cast", parameters={}
2025-06-05 00:50:48 [http-nio-8080-exec-1] DEBUG [o.s.w.s.m.m.a.RequestMappingHandlerMapping] - Mapped to com.aditya.controller.VotingController#castVote(voteRequestDTO)
2025-06-05 00:50:48 [http-nio-8080-exec-1] DEBUG [o.s.w.s.m.m.a.RequestResponseBodyMethodProcessor] - Read "application/json;charset=UTF-8" to [voteRequestDTO(voterId=1, candidateId=11)]
2025-06-05 00:50:48 [http-nio-8080-exec-1] DEBUG [org.hibernate.SQL] - select v1_0.id,v1_0.email,v1_0.has_voted,v1_0.name,v2_0.id,c1_0.id,c1_0.candidate_img,c1_0.email,c1_0.name,c1_0.party_name,c1_0.symbol,c1_0.vote_count,v1_0.voter_img from voter v1_0 left join vote v2_0 on v1_0.id=v2_0.voter_id left join candidate c1_0 on c1_0.id=v2_0.candidate_id where v1_0.id=?
