2025-06-02 00:03:29 [File Watcher] INFO  [o.s.b.d.a.LocalDevToolsAutoConfiguration$RestartingClassPathChangeChangedEventListener] - Restarting due to 1 class path change (0 additions, 0 deletions, 1 modification)
2025-06-02 00:03:30 [Thread-63] INFO  [o.s.b.w.e.tomcat.GracefulShutdown] - Commencing graceful shutdown. Waiting for active requests to complete
2025-06-02 00:03:30 [tomcat-shutdown] INFO  [o.a.coyote.http11.Http11NioProtocol] - Pausing ProtocolHandler ["http-nio-8080"]
2025-06-02 00:03:30 [tomcat-shutdown] INFO  [o.s.b.w.e.tomcat.GracefulShutdown] - Graceful shutdown complete
2025-06-02 00:03:30 [Thread-63] INFO  [o.a.coyote.http11.Http11NioProtocol] - Stopping ProtocolHandler ["http-nio-8080"]
2025-06-02 00:03:30 [Thread-63] INFO  [o.s.o.j.LocalContainerEntityManagerFactoryBean] - Closing JPA EntityManagerFactory for persistence unit 'default'
2025-06-02 00:03:30 [Thread-63] INFO  [com.zaxxer.hikari.HikariDataSource] - HikariPool-16 - Shutdown initiated...
2025-06-02 00:03:30 [Thread-63] INFO  [com.zaxxer.hikari.HikariDataSource] - HikariPool-16 - Shutdown completed.
2025-06-02 00:03:30 [restartedMain] INFO  [com.aditya.VotezyApplication] - Starting VotezyApplication using Java 21.0.4 with PID 15952 (D:\Code-Practice\Spring-STS\votezy\target\classes started by Aditya-Mehta in D:\Code-Practice\Spring-STS\votezy)
2025-06-02 00:03:30 [restartedMain] INFO  [com.aditya.VotezyApplication] - No active profile set, falling back to 1 default profile: "default"
2025-06-02 00:03:30 [restartedMain] INFO  [o.s.d.r.c.RepositoryConfigurationDelegate] - Bootstrapping Spring Data JPA repositories in DEFAULT mode.
2025-06-02 00:03:30 [restartedMain] INFO  [o.s.d.r.c.RepositoryConfigurationDelegate] - Finished Spring Data repository scanning in 13 ms. Found 4 JPA repository interfaces.
2025-06-02 00:03:30 [restartedMain] INFO  [o.s.b.w.e.tomcat.TomcatWebServer] - Tomcat initialized with port 8080 (http)
2025-06-02 00:03:30 [restartedMain] INFO  [o.a.coyote.http11.Http11NioProtocol] - Initializing ProtocolHandler ["http-nio-8080"]
2025-06-02 00:03:30 [restartedMain] INFO  [o.a.catalina.core.StandardService] - Starting service [Tomcat]
2025-06-02 00:03:30 [restartedMain] INFO  [o.a.catalina.core.StandardEngine] - Starting Servlet engine: [Apache Tomcat/10.1.40]
2025-06-02 00:03:30 [restartedMain] INFO  [o.a.c.c.C.[Tomcat].[localhost].[/]] - Initializing Spring embedded WebApplicationContext
2025-06-02 00:03:30 [restartedMain] INFO  [o.s.b.w.s.c.ServletWebServerApplicationContext] - Root WebApplicationContext: initialization completed in 468 ms
2025-06-02 00:03:30 [restartedMain] INFO  [o.h.jpa.internal.util.LogHelper] - HHH000204: Processing PersistenceUnitInfo [name: default]
2025-06-02 00:03:30 [restartedMain] INFO  [o.h.c.i.RegionFactoryInitiator] - HHH000026: Second-level cache disabled
2025-06-02 00:03:30 [restartedMain] INFO  [o.s.o.j.p.SpringPersistenceUnitInfo] - No LoadTimeWeaver setup: ignoring JPA class transformer
2025-06-02 00:03:30 [restartedMain] INFO  [com.zaxxer.hikari.HikariDataSource] - HikariPool-17 - Starting...
2025-06-02 00:03:30 [restartedMain] INFO  [com.zaxxer.hikari.pool.HikariPool] - HikariPool-17 - Added connection com.mysql.cj.jdbc.ConnectionImpl@3c29e686
2025-06-02 00:03:30 [restartedMain] INFO  [com.zaxxer.hikari.HikariDataSource] - HikariPool-17 - Start completed.
2025-06-02 00:03:30 [restartedMain] WARN  [org.hibernate.orm.deprecation] - HHH90000025: MySQLDialect does not need to be specified explicitly using 'hibernate.dialect' (remove the property setting and it will be selected by default)
2025-06-02 00:03:30 [restartedMain] INFO  [o.hibernate.orm.connections.pooling] - HHH10001005: Database info:
	Database JDBC URL [Connecting through datasource 'HikariDataSource (HikariPool-17)']
	Database driver: undefined/unknown
	Database version: 8.0.41
	Autocommit mode: undefined/unknown
	Isolation level: undefined/unknown
	Minimum pool size: undefined/unknown
	Maximum pool size: undefined/unknown
2025-06-02 00:03:30 [restartedMain] INFO  [o.h.e.t.j.p.i.JtaPlatformInitiator] - HHH000489: No JTA platform available (set 'hibernate.transaction.jta.platform' to enable JTA platform integration)
2025-06-02 00:03:30 [restartedMain] INFO  [o.s.o.j.LocalContainerEntityManagerFactoryBean] - Initialized JPA EntityManagerFactory for persistence unit 'default'
2025-06-02 00:03:31 [restartedMain] WARN  [o.s.b.a.o.j.JpaBaseConfiguration$JpaWebConfiguration] - spring.jpa.open-in-view is enabled by default. Therefore, database queries may be performed during view rendering. Explicitly configure spring.jpa.open-in-view to disable this warning
2025-06-02 00:03:31 [restartedMain] DEBUG [o.s.w.s.m.m.a.RequestMappingHandlerMapping] - 16 mappings in 'requestMappingHandlerMapping'
2025-06-02 00:03:31 [restartedMain] DEBUG [o.s.w.s.h.SimpleUrlHandlerMapping] - Patterns [/webjars/**, /**] in 'resourceHandlerMapping'
2025-06-02 00:03:31 [restartedMain] DEBUG [o.s.w.s.m.m.a.RequestMappingHandlerAdapter] - ControllerAdvice beans: 0 @ModelAttribute, 0 @InitBinder, 1 RequestBodyAdvice, 1 ResponseBodyAdvice
2025-06-02 00:03:31 [restartedMain] DEBUG [o.s.w.s.m.m.a.ExceptionHandlerExceptionResolver] - ControllerAdvice beans: 1 @ExceptionHandler, 1 ResponseBodyAdvice
2025-06-02 00:03:31 [restartedMain] INFO  [o.s.b.d.a.OptionalLiveReloadServer] - LiveReload server is running on port 35729
2025-06-02 00:03:31 [restartedMain] INFO  [o.a.coyote.http11.Http11NioProtocol] - Starting ProtocolHandler ["http-nio-8080"]
2025-06-02 00:03:31 [restartedMain] INFO  [o.s.b.w.e.tomcat.TomcatWebServer] - Tomcat started on port 8080 (http) with context path '/'
2025-06-02 00:03:31 [restartedMain] INFO  [com.aditya.VotezyApplication] - Started VotezyApplication in 1.002 seconds (process running for 21122.782)
2025-06-02 00:03:31 [restartedMain] INFO  [o.s.b.d.a.ConditionEvaluationDeltaLoggingListener] - Condition evaluation unchanged
2025-06-02 00:04:07 [File Watcher] INFO  [o.s.b.d.a.LocalDevToolsAutoConfiguration$RestartingClassPathChangeChangedEventListener] - Restarting due to 1 class path change (0 additions, 0 deletions, 1 modification)
2025-06-02 00:04:07 [Thread-67] INFO  [o.s.b.w.e.tomcat.GracefulShutdown] - Commencing graceful shutdown. Waiting for active requests to complete
2025-06-02 00:04:07 [tomcat-shutdown] INFO  [o.a.coyote.http11.Http11NioProtocol] - Pausing ProtocolHandler ["http-nio-8080"]
2025-06-02 00:04:07 [tomcat-shutdown] INFO  [o.s.b.w.e.tomcat.GracefulShutdown] - Graceful shutdown complete
2025-06-02 00:04:07 [Thread-67] INFO  [o.a.coyote.http11.Http11NioProtocol] - Stopping ProtocolHandler ["http-nio-8080"]
2025-06-02 00:04:07 [Thread-67] INFO  [o.s.o.j.LocalContainerEntityManagerFactoryBean] - Closing JPA EntityManagerFactory for persistence unit 'default'
2025-06-02 00:04:07 [Thread-67] INFO  [com.zaxxer.hikari.HikariDataSource] - HikariPool-17 - Shutdown initiated...
2025-06-02 00:04:07 [Thread-67] INFO  [com.zaxxer.hikari.HikariDataSource] - HikariPool-17 - Shutdown completed.
2025-06-02 00:04:07 [restartedMain] INFO  [com.aditya.VotezyApplication] - Starting VotezyApplication using Java 21.0.4 with PID 15952 (D:\Code-Practice\Spring-STS\votezy\target\classes started by Aditya-Mehta in D:\Code-Practice\Spring-STS\votezy)
2025-06-02 00:04:07 [restartedMain] INFO  [com.aditya.VotezyApplication] - No active profile set, falling back to 1 default profile: "default"
2025-06-02 00:04:07 [restartedMain] INFO  [o.s.d.r.c.RepositoryConfigurationDelegate] - Bootstrapping Spring Data JPA repositories in DEFAULT mode.
2025-06-02 00:04:07 [restartedMain] INFO  [o.s.d.r.c.RepositoryConfigurationDelegate] - Finished Spring Data repository scanning in 11 ms. Found 4 JPA repository interfaces.
2025-06-02 00:04:07 [restartedMain] INFO  [o.s.b.w.e.tomcat.TomcatWebServer] - Tomcat initialized with port 8080 (http)
2025-06-02 00:04:07 [restartedMain] INFO  [o.a.coyote.http11.Http11NioProtocol] - Initializing ProtocolHandler ["http-nio-8080"]
2025-06-02 00:04:07 [restartedMain] INFO  [o.a.catalina.core.StandardService] - Starting service [Tomcat]
2025-06-02 00:04:07 [restartedMain] INFO  [o.a.catalina.core.StandardEngine] - Starting Servlet engine: [Apache Tomcat/10.1.40]
2025-06-02 00:04:07 [restartedMain] INFO  [o.a.c.c.C.[Tomcat].[localhost].[/]] - Initializing Spring embedded WebApplicationContext
2025-06-02 00:04:07 [restartedMain] INFO  [o.s.b.w.s.c.ServletWebServerApplicationContext] - Root WebApplicationContext: initialization completed in 272 ms
2025-06-02 00:04:07 [restartedMain] INFO  [o.h.jpa.internal.util.LogHelper] - HHH000204: Processing PersistenceUnitInfo [name: default]
2025-06-02 00:04:07 [restartedMain] INFO  [o.h.c.i.RegionFactoryInitiator] - HHH000026: Second-level cache disabled
2025-06-02 00:04:07 [restartedMain] INFO  [o.s.o.j.p.SpringPersistenceUnitInfo] - No LoadTimeWeaver setup: ignoring JPA class transformer
2025-06-02 00:04:07 [restartedMain] INFO  [com.zaxxer.hikari.HikariDataSource] - HikariPool-18 - Starting...
2025-06-02 00:04:07 [restartedMain] INFO  [com.zaxxer.hikari.pool.HikariPool] - HikariPool-18 - Added connection com.mysql.cj.jdbc.ConnectionImpl@372cdcfa
2025-06-02 00:04:07 [restartedMain] INFO  [com.zaxxer.hikari.HikariDataSource] - HikariPool-18 - Start completed.
2025-06-02 00:04:07 [restartedMain] WARN  [org.hibernate.orm.deprecation] - HHH90000025: MySQLDialect does not need to be specified explicitly using 'hibernate.dialect' (remove the property setting and it will be selected by default)
2025-06-02 00:04:07 [restartedMain] INFO  [o.hibernate.orm.connections.pooling] - HHH10001005: Database info:
	Database JDBC URL [Connecting through datasource 'HikariDataSource (HikariPool-18)']
	Database driver: undefined/unknown
	Database version: 8.0.41
	Autocommit mode: undefined/unknown
	Isolation level: undefined/unknown
	Minimum pool size: undefined/unknown
	Maximum pool size: undefined/unknown
2025-06-02 00:04:07 [restartedMain] INFO  [o.h.e.t.j.p.i.JtaPlatformInitiator] - HHH000489: No JTA platform available (set 'hibernate.transaction.jta.platform' to enable JTA platform integration)
2025-06-02 00:04:07 [restartedMain] INFO  [o.s.o.j.LocalContainerEntityManagerFactoryBean] - Initialized JPA EntityManagerFactory for persistence unit 'default'
2025-06-02 00:04:07 [restartedMain] WARN  [o.s.b.a.o.j.JpaBaseConfiguration$JpaWebConfiguration] - spring.jpa.open-in-view is enabled by default. Therefore, database queries may be performed during view rendering. Explicitly configure spring.jpa.open-in-view to disable this warning
2025-06-02 00:04:07 [restartedMain] DEBUG [o.s.w.s.m.m.a.RequestMappingHandlerMapping] - 16 mappings in 'requestMappingHandlerMapping'
2025-06-02 00:04:07 [restartedMain] DEBUG [o.s.w.s.h.SimpleUrlHandlerMapping] - Patterns [/webjars/**, /**] in 'resourceHandlerMapping'
2025-06-02 00:04:07 [restartedMain] DEBUG [o.s.w.s.m.m.a.RequestMappingHandlerAdapter] - ControllerAdvice beans: 0 @ModelAttribute, 0 @InitBinder, 1 RequestBodyAdvice, 1 ResponseBodyAdvice
2025-06-02 00:04:07 [restartedMain] DEBUG [o.s.w.s.m.m.a.ExceptionHandlerExceptionResolver] - ControllerAdvice beans: 1 @ExceptionHandler, 1 ResponseBodyAdvice
2025-06-02 00:04:07 [restartedMain] INFO  [o.s.b.d.a.OptionalLiveReloadServer] - LiveReload server is running on port 35729
2025-06-02 00:04:07 [restartedMain] INFO  [o.a.coyote.http11.Http11NioProtocol] - Starting ProtocolHandler ["http-nio-8080"]
2025-06-02 00:04:07 [restartedMain] INFO  [o.s.b.w.e.tomcat.TomcatWebServer] - Tomcat started on port 8080 (http) with context path '/'
2025-06-02 00:04:07 [restartedMain] INFO  [com.aditya.VotezyApplication] - Started VotezyApplication in 0.683 seconds (process running for 21159.542)
2025-06-02 00:04:07 [restartedMain] INFO  [o.s.b.d.a.ConditionEvaluationDeltaLoggingListener] - Condition evaluation unchanged
2025-06-02 00:04:45 [File Watcher] INFO  [o.s.b.d.a.LocalDevToolsAutoConfiguration$RestartingClassPathChangeChangedEventListener] - Restarting due to 1 class path change (0 additions, 0 deletions, 1 modification)
2025-06-02 00:04:45 [Thread-71] INFO  [o.s.b.w.e.tomcat.GracefulShutdown] - Commencing graceful shutdown. Waiting for active requests to complete
2025-06-02 00:04:45 [tomcat-shutdown] INFO  [o.a.coyote.http11.Http11NioProtocol] - Pausing ProtocolHandler ["http-nio-8080"]
2025-06-02 00:04:46 [tomcat-shutdown] INFO  [o.s.b.w.e.tomcat.GracefulShutdown] - Graceful shutdown complete
2025-06-02 00:04:46 [Thread-71] INFO  [o.a.coyote.http11.Http11NioProtocol] - Stopping ProtocolHandler ["http-nio-8080"]
2025-06-02 00:04:46 [Thread-71] INFO  [o.s.o.j.LocalContainerEntityManagerFactoryBean] - Closing JPA EntityManagerFactory for persistence unit 'default'
2025-06-02 00:04:46 [Thread-71] INFO  [com.zaxxer.hikari.HikariDataSource] - HikariPool-18 - Shutdown initiated...
2025-06-02 00:04:46 [Thread-71] INFO  [com.zaxxer.hikari.HikariDataSource] - HikariPool-18 - Shutdown completed.
2025-06-02 00:04:46 [restartedMain] INFO  [com.aditya.VotezyApplication] - Starting VotezyApplication using Java 21.0.4 with PID 15952 (D:\Code-Practice\Spring-STS\votezy\target\classes started by Aditya-Mehta in D:\Code-Practice\Spring-STS\votezy)
2025-06-02 00:04:46 [restartedMain] INFO  [com.aditya.VotezyApplication] - No active profile set, falling back to 1 default profile: "default"
2025-06-02 00:04:46 [restartedMain] INFO  [o.s.d.r.c.RepositoryConfigurationDelegate] - Bootstrapping Spring Data JPA repositories in DEFAULT mode.
2025-06-02 00:04:46 [restartedMain] INFO  [o.s.d.r.c.RepositoryConfigurationDelegate] - Finished Spring Data repository scanning in 14 ms. Found 4 JPA repository interfaces.
2025-06-02 00:04:46 [restartedMain] INFO  [o.s.b.w.e.tomcat.TomcatWebServer] - Tomcat initialized with port 8080 (http)
2025-06-02 00:04:46 [restartedMain] INFO  [o.a.coyote.http11.Http11NioProtocol] - Initializing ProtocolHandler ["http-nio-8080"]
2025-06-02 00:04:46 [restartedMain] INFO  [o.a.catalina.core.StandardService] - Starting service [Tomcat]
2025-06-02 00:04:46 [restartedMain] INFO  [o.a.catalina.core.StandardEngine] - Starting Servlet engine: [Apache Tomcat/10.1.40]
2025-06-02 00:04:46 [restartedMain] INFO  [o.a.c.c.C.[Tomcat].[localhost].[/]] - Initializing Spring embedded WebApplicationContext
2025-06-02 00:04:46 [restartedMain] INFO  [o.s.b.w.s.c.ServletWebServerApplicationContext] - Root WebApplicationContext: initialization completed in 282 ms
2025-06-02 00:04:46 [restartedMain] INFO  [o.h.jpa.internal.util.LogHelper] - HHH000204: Processing PersistenceUnitInfo [name: default]
2025-06-02 00:04:46 [restartedMain] INFO  [o.h.c.i.RegionFactoryInitiator] - HHH000026: Second-level cache disabled
2025-06-02 00:04:46 [restartedMain] INFO  [o.s.o.j.p.SpringPersistenceUnitInfo] - No LoadTimeWeaver setup: ignoring JPA class transformer
2025-06-02 00:04:46 [restartedMain] INFO  [com.zaxxer.hikari.HikariDataSource] - HikariPool-19 - Starting...
2025-06-02 00:04:46 [restartedMain] INFO  [com.zaxxer.hikari.pool.HikariPool] - HikariPool-19 - Added connection com.mysql.cj.jdbc.ConnectionImpl@3d2d5d38
2025-06-02 00:04:46 [restartedMain] INFO  [com.zaxxer.hikari.HikariDataSource] - HikariPool-19 - Start completed.
2025-06-02 00:04:46 [restartedMain] WARN  [org.hibernate.orm.deprecation] - HHH90000025: MySQLDialect does not need to be specified explicitly using 'hibernate.dialect' (remove the property setting and it will be selected by default)
2025-06-02 00:04:46 [restartedMain] INFO  [o.hibernate.orm.connections.pooling] - HHH10001005: Database info:
	Database JDBC URL [Connecting through datasource 'HikariDataSource (HikariPool-19)']
	Database driver: undefined/unknown
	Database version: 8.0.41
	Autocommit mode: undefined/unknown
	Isolation level: undefined/unknown
	Minimum pool size: undefined/unknown
	Maximum pool size: undefined/unknown
2025-06-02 00:04:46 [restartedMain] INFO  [o.h.e.t.j.p.i.JtaPlatformInitiator] - HHH000489: No JTA platform available (set 'hibernate.transaction.jta.platform' to enable JTA platform integration)
2025-06-02 00:04:46 [restartedMain] INFO  [o.s.o.j.LocalContainerEntityManagerFactoryBean] - Initialized JPA EntityManagerFactory for persistence unit 'default'
2025-06-02 00:04:46 [restartedMain] WARN  [o.s.b.a.o.j.JpaBaseConfiguration$JpaWebConfiguration] - spring.jpa.open-in-view is enabled by default. Therefore, database queries may be performed during view rendering. Explicitly configure spring.jpa.open-in-view to disable this warning
2025-06-02 00:04:46 [restartedMain] DEBUG [o.s.w.s.m.m.a.RequestMappingHandlerMapping] - 16 mappings in 'requestMappingHandlerMapping'
2025-06-02 00:04:47 [restartedMain] DEBUG [o.s.w.s.h.SimpleUrlHandlerMapping] - Patterns [/webjars/**, /**] in 'resourceHandlerMapping'
2025-06-02 00:04:47 [restartedMain] DEBUG [o.s.w.s.m.m.a.RequestMappingHandlerAdapter] - ControllerAdvice beans: 0 @ModelAttribute, 0 @InitBinder, 1 RequestBodyAdvice, 1 ResponseBodyAdvice
2025-06-02 00:04:47 [restartedMain] DEBUG [o.s.w.s.m.m.a.ExceptionHandlerExceptionResolver] - ControllerAdvice beans: 1 @ExceptionHandler, 1 ResponseBodyAdvice
2025-06-02 00:04:47 [restartedMain] INFO  [o.s.b.d.a.OptionalLiveReloadServer] - LiveReload server is running on port 35729
2025-06-02 00:04:47 [restartedMain] INFO  [o.a.coyote.http11.Http11NioProtocol] - Starting ProtocolHandler ["http-nio-8080"]
2025-06-02 00:04:47 [restartedMain] INFO  [o.s.b.w.e.tomcat.TomcatWebServer] - Tomcat started on port 8080 (http) with context path '/'
2025-06-02 00:04:47 [restartedMain] INFO  [com.aditya.VotezyApplication] - Started VotezyApplication in 1.056 seconds (process running for 21198.689)
2025-06-02 00:04:47 [restartedMain] INFO  [o.s.b.d.a.ConditionEvaluationDeltaLoggingListener] - Condition evaluation unchanged
2025-06-02 00:05:15 [File Watcher] INFO  [o.s.b.d.a.LocalDevToolsAutoConfiguration$RestartingClassPathChangeChangedEventListener] - Restarting due to 1 class path change (0 additions, 0 deletions, 1 modification)
2025-06-02 00:05:15 [Thread-75] INFO  [o.s.b.w.e.tomcat.GracefulShutdown] - Commencing graceful shutdown. Waiting for active requests to complete
2025-06-02 00:05:15 [tomcat-shutdown] INFO  [o.a.coyote.http11.Http11NioProtocol] - Pausing ProtocolHandler ["http-nio-8080"]
2025-06-02 00:05:15 [tomcat-shutdown] INFO  [o.s.b.w.e.tomcat.GracefulShutdown] - Graceful shutdown complete
2025-06-02 00:05:15 [Thread-75] INFO  [o.a.coyote.http11.Http11NioProtocol] - Stopping ProtocolHandler ["http-nio-8080"]
2025-06-02 00:05:15 [Thread-75] INFO  [o.s.o.j.LocalContainerEntityManagerFactoryBean] - Closing JPA EntityManagerFactory for persistence unit 'default'
2025-06-02 00:05:15 [Thread-75] INFO  [com.zaxxer.hikari.HikariDataSource] - HikariPool-19 - Shutdown initiated...
2025-06-02 00:05:15 [Thread-75] INFO  [com.zaxxer.hikari.HikariDataSource] - HikariPool-19 - Shutdown completed.
2025-06-02 00:05:15 [restartedMain] INFO  [com.aditya.VotezyApplication] - Starting VotezyApplication using Java 21.0.4 with PID 15952 (D:\Code-Practice\Spring-STS\votezy\target\classes started by Aditya-Mehta in D:\Code-Practice\Spring-STS\votezy)
2025-06-02 00:05:15 [restartedMain] INFO  [com.aditya.VotezyApplication] - No active profile set, falling back to 1 default profile: "default"
2025-06-02 00:05:15 [restartedMain] INFO  [o.s.d.r.c.RepositoryConfigurationDelegate] - Bootstrapping Spring Data JPA repositories in DEFAULT mode.
2025-06-02 00:05:15 [restartedMain] INFO  [o.s.d.r.c.RepositoryConfigurationDelegate] - Finished Spring Data repository scanning in 18 ms. Found 4 JPA repository interfaces.
2025-06-02 00:05:15 [restartedMain] INFO  [o.s.b.w.e.tomcat.TomcatWebServer] - Tomcat initialized with port 8080 (http)
2025-06-02 00:05:15 [restartedMain] INFO  [o.a.coyote.http11.Http11NioProtocol] - Initializing ProtocolHandler ["http-nio-8080"]
2025-06-02 00:05:15 [restartedMain] INFO  [o.a.catalina.core.StandardService] - Starting service [Tomcat]
2025-06-02 00:05:15 [restartedMain] INFO  [o.a.catalina.core.StandardEngine] - Starting Servlet engine: [Apache Tomcat/10.1.40]
2025-06-02 00:05:15 [restartedMain] INFO  [o.a.c.c.C.[Tomcat].[localhost].[/]] - Initializing Spring embedded WebApplicationContext
2025-06-02 00:05:15 [restartedMain] INFO  [o.s.b.w.s.c.ServletWebServerApplicationContext] - Root WebApplicationContext: initialization completed in 486 ms
2025-06-02 00:05:15 [restartedMain] INFO  [o.h.jpa.internal.util.LogHelper] - HHH000204: Processing PersistenceUnitInfo [name: default]
2025-06-02 00:05:15 [restartedMain] INFO  [o.h.c.i.RegionFactoryInitiator] - HHH000026: Second-level cache disabled
2025-06-02 00:05:15 [restartedMain] INFO  [o.s.o.j.p.SpringPersistenceUnitInfo] - No LoadTimeWeaver setup: ignoring JPA class transformer
2025-06-02 00:05:15 [restartedMain] INFO  [com.zaxxer.hikari.HikariDataSource] - HikariPool-20 - Starting...
2025-06-02 00:05:15 [restartedMain] INFO  [com.zaxxer.hikari.pool.HikariPool] - HikariPool-20 - Added connection com.mysql.cj.jdbc.ConnectionImpl@345d0d2e
2025-06-02 00:05:15 [restartedMain] INFO  [com.zaxxer.hikari.HikariDataSource] - HikariPool-20 - Start completed.
2025-06-02 00:05:15 [restartedMain] WARN  [org.hibernate.orm.deprecation] - HHH90000025: MySQLDialect does not need to be specified explicitly using 'hibernate.dialect' (remove the property setting and it will be selected by default)
2025-06-02 00:05:15 [restartedMain] INFO  [o.hibernate.orm.connections.pooling] - HHH10001005: Database info:
	Database JDBC URL [Connecting through datasource 'HikariDataSource (HikariPool-20)']
	Database driver: undefined/unknown
	Database version: 8.0.41
	Autocommit mode: undefined/unknown
	Isolation level: undefined/unknown
	Minimum pool size: undefined/unknown
	Maximum pool size: undefined/unknown
2025-06-02 00:05:16 [restartedMain] INFO  [o.h.e.t.j.p.i.JtaPlatformInitiator] - HHH000489: No JTA platform available (set 'hibernate.transaction.jta.platform' to enable JTA platform integration)
2025-06-02 00:05:16 [restartedMain] INFO  [o.s.o.j.LocalContainerEntityManagerFactoryBean] - Initialized JPA EntityManagerFactory for persistence unit 'default'
2025-06-02 00:05:16 [restartedMain] WARN  [o.s.b.a.o.j.JpaBaseConfiguration$JpaWebConfiguration] - spring.jpa.open-in-view is enabled by default. Therefore, database queries may be performed during view rendering. Explicitly configure spring.jpa.open-in-view to disable this warning
2025-06-02 00:05:16 [restartedMain] DEBUG [o.s.w.s.m.m.a.RequestMappingHandlerMapping] - 16 mappings in 'requestMappingHandlerMapping'
2025-06-02 00:05:16 [restartedMain] DEBUG [o.s.w.s.h.SimpleUrlHandlerMapping] - Patterns [/webjars/**, /**] in 'resourceHandlerMapping'
2025-06-02 00:05:16 [restartedMain] DEBUG [o.s.w.s.m.m.a.RequestMappingHandlerAdapter] - ControllerAdvice beans: 0 @ModelAttribute, 0 @InitBinder, 1 RequestBodyAdvice, 1 ResponseBodyAdvice
2025-06-02 00:05:16 [restartedMain] DEBUG [o.s.w.s.m.m.a.ExceptionHandlerExceptionResolver] - ControllerAdvice beans: 1 @ExceptionHandler, 1 ResponseBodyAdvice
2025-06-02 00:05:16 [restartedMain] INFO  [o.s.b.d.a.OptionalLiveReloadServer] - LiveReload server is running on port 35729
2025-06-02 00:05:16 [restartedMain] INFO  [o.a.coyote.http11.Http11NioProtocol] - Starting ProtocolHandler ["http-nio-8080"]
2025-06-02 00:05:16 [restartedMain] INFO  [o.s.b.w.e.tomcat.TomcatWebServer] - Tomcat started on port 8080 (http) with context path '/'
2025-06-02 00:05:16 [restartedMain] INFO  [com.aditya.VotezyApplication] - Started VotezyApplication in 1.286 seconds (process running for 21228.009)
2025-06-02 00:05:16 [restartedMain] INFO  [o.s.b.d.a.ConditionEvaluationDeltaLoggingListener] - Condition evaluation unchanged
2025-06-02 00:11:25 [File Watcher] INFO  [o.s.b.d.a.LocalDevToolsAutoConfiguration$RestartingClassPathChangeChangedEventListener] - Restarting due to 1 class path change (0 additions, 0 deletions, 1 modification)
2025-06-02 00:11:25 [Thread-79] INFO  [o.s.b.w.e.tomcat.GracefulShutdown] - Commencing graceful shutdown. Waiting for active requests to complete
2025-06-02 00:11:25 [tomcat-shutdown] INFO  [o.a.coyote.http11.Http11NioProtocol] - Pausing ProtocolHandler ["http-nio-8080"]
2025-06-02 00:11:25 [tomcat-shutdown] INFO  [o.s.b.w.e.tomcat.GracefulShutdown] - Graceful shutdown complete
2025-06-02 00:11:25 [Thread-79] INFO  [o.a.coyote.http11.Http11NioProtocol] - Stopping ProtocolHandler ["http-nio-8080"]
2025-06-02 00:11:25 [Thread-79] INFO  [o.s.o.j.LocalContainerEntityManagerFactoryBean] - Closing JPA EntityManagerFactory for persistence unit 'default'
2025-06-02 00:11:25 [Thread-79] INFO  [com.zaxxer.hikari.HikariDataSource] - HikariPool-20 - Shutdown initiated...
2025-06-02 00:11:25 [Thread-79] INFO  [com.zaxxer.hikari.HikariDataSource] - HikariPool-20 - Shutdown completed.
2025-06-02 00:11:25 [restartedMain] INFO  [com.aditya.VotezyApplication] - Starting VotezyApplication using Java 21.0.4 with PID 15952 (D:\Code-Practice\Spring-STS\votezy\target\classes started by Aditya-Mehta in D:\Code-Practice\Spring-STS\votezy)
2025-06-02 00:11:25 [restartedMain] INFO  [com.aditya.VotezyApplication] - No active profile set, falling back to 1 default profile: "default"
2025-06-02 00:11:26 [restartedMain] INFO  [o.s.d.r.c.RepositoryConfigurationDelegate] - Bootstrapping Spring Data JPA repositories in DEFAULT mode.
2025-06-02 00:11:26 [restartedMain] INFO  [o.s.d.r.c.RepositoryConfigurationDelegate] - Finished Spring Data repository scanning in 19 ms. Found 4 JPA repository interfaces.
2025-06-02 00:11:26 [restartedMain] INFO  [o.s.b.w.e.tomcat.TomcatWebServer] - Tomcat initialized with port 8080 (http)
2025-06-02 00:11:26 [restartedMain] INFO  [o.a.coyote.http11.Http11NioProtocol] - Initializing ProtocolHandler ["http-nio-8080"]
2025-06-02 00:11:26 [restartedMain] INFO  [o.a.catalina.core.StandardService] - Starting service [Tomcat]
2025-06-02 00:11:26 [restartedMain] INFO  [o.a.catalina.core.StandardEngine] - Starting Servlet engine: [Apache Tomcat/10.1.40]
2025-06-02 00:11:26 [restartedMain] INFO  [o.a.c.c.C.[Tomcat].[localhost].[/]] - Initializing Spring embedded WebApplicationContext
2025-06-02 00:11:26 [restartedMain] INFO  [o.s.b.w.s.c.ServletWebServerApplicationContext] - Root WebApplicationContext: initialization completed in 700 ms
2025-06-02 00:11:26 [restartedMain] INFO  [o.h.jpa.internal.util.LogHelper] - HHH000204: Processing PersistenceUnitInfo [name: default]
2025-06-02 00:11:26 [restartedMain] INFO  [o.h.c.i.RegionFactoryInitiator] - HHH000026: Second-level cache disabled
2025-06-02 00:11:26 [restartedMain] INFO  [o.s.o.j.p.SpringPersistenceUnitInfo] - No LoadTimeWeaver setup: ignoring JPA class transformer
2025-06-02 00:11:26 [restartedMain] INFO  [com.zaxxer.hikari.HikariDataSource] - HikariPool-21 - Starting...
2025-06-02 00:11:26 [restartedMain] INFO  [com.zaxxer.hikari.pool.HikariPool] - HikariPool-21 - Added connection com.mysql.cj.jdbc.ConnectionImpl@29df298f
2025-06-02 00:11:26 [restartedMain] INFO  [com.zaxxer.hikari.HikariDataSource] - HikariPool-21 - Start completed.
2025-06-02 00:11:26 [restartedMain] WARN  [org.hibernate.orm.deprecation] - HHH90000025: MySQLDialect does not need to be specified explicitly using 'hibernate.dialect' (remove the property setting and it will be selected by default)
2025-06-02 00:11:26 [restartedMain] INFO  [o.hibernate.orm.connections.pooling] - HHH10001005: Database info:
	Database JDBC URL [Connecting through datasource 'HikariDataSource (HikariPool-21)']
	Database driver: undefined/unknown
	Database version: 8.0.41
	Autocommit mode: undefined/unknown
	Isolation level: undefined/unknown
	Minimum pool size: undefined/unknown
	Maximum pool size: undefined/unknown
2025-06-02 00:11:26 [restartedMain] INFO  [o.h.e.t.j.p.i.JtaPlatformInitiator] - HHH000489: No JTA platform available (set 'hibernate.transaction.jta.platform' to enable JTA platform integration)
2025-06-02 00:11:26 [restartedMain] INFO  [o.s.o.j.LocalContainerEntityManagerFactoryBean] - Initialized JPA EntityManagerFactory for persistence unit 'default'
2025-06-02 00:11:26 [restartedMain] WARN  [o.s.b.a.o.j.JpaBaseConfiguration$JpaWebConfiguration] - spring.jpa.open-in-view is enabled by default. Therefore, database queries may be performed during view rendering. Explicitly configure spring.jpa.open-in-view to disable this warning
2025-06-02 00:11:26 [restartedMain] DEBUG [o.s.w.s.m.m.a.RequestMappingHandlerMapping] - 17 mappings in 'requestMappingHandlerMapping'
2025-06-02 00:11:26 [restartedMain] DEBUG [o.s.w.s.h.SimpleUrlHandlerMapping] - Patterns [/webjars/**, /**] in 'resourceHandlerMapping'
2025-06-02 00:11:26 [restartedMain] DEBUG [o.s.w.s.m.m.a.RequestMappingHandlerAdapter] - ControllerAdvice beans: 0 @ModelAttribute, 0 @InitBinder, 1 RequestBodyAdvice, 1 ResponseBodyAdvice
2025-06-02 00:11:26 [restartedMain] DEBUG [o.s.w.s.m.m.a.ExceptionHandlerExceptionResolver] - ControllerAdvice beans: 1 @ExceptionHandler, 1 ResponseBodyAdvice
2025-06-02 00:11:26 [restartedMain] INFO  [o.s.b.d.a.OptionalLiveReloadServer] - LiveReload server is running on port 35729
2025-06-02 00:11:26 [restartedMain] INFO  [o.a.coyote.http11.Http11NioProtocol] - Starting ProtocolHandler ["http-nio-8080"]
2025-06-02 00:11:26 [restartedMain] INFO  [o.s.b.w.e.tomcat.TomcatWebServer] - Tomcat started on port 8080 (http) with context path '/'
2025-06-02 00:11:26 [restartedMain] INFO  [com.aditya.VotezyApplication] - Started VotezyApplication in 1.261 seconds (process running for 21598.433)
2025-06-02 00:11:26 [restartedMain] INFO  [o.s.b.d.a.ConditionEvaluationDeltaLoggingListener] - Condition evaluation unchanged
2025-06-02 00:12:34 [File Watcher] INFO  [o.s.b.d.a.LocalDevToolsAutoConfiguration$RestartingClassPathChangeChangedEventListener] - Restarting due to 1 class path change (0 additions, 0 deletions, 1 modification)
2025-06-02 00:12:34 [Thread-83] INFO  [o.s.b.w.e.tomcat.GracefulShutdown] - Commencing graceful shutdown. Waiting for active requests to complete
2025-06-02 00:12:34 [tomcat-shutdown] INFO  [o.a.coyote.http11.Http11NioProtocol] - Pausing ProtocolHandler ["http-nio-8080"]
2025-06-02 00:12:34 [tomcat-shutdown] INFO  [o.s.b.w.e.tomcat.GracefulShutdown] - Graceful shutdown complete
2025-06-02 00:12:34 [Thread-83] INFO  [o.a.coyote.http11.Http11NioProtocol] - Stopping ProtocolHandler ["http-nio-8080"]
2025-06-02 00:12:34 [Thread-83] INFO  [o.s.o.j.LocalContainerEntityManagerFactoryBean] - Closing JPA EntityManagerFactory for persistence unit 'default'
2025-06-02 00:12:34 [Thread-83] INFO  [com.zaxxer.hikari.HikariDataSource] - HikariPool-21 - Shutdown initiated...
2025-06-02 00:12:34 [Thread-83] INFO  [com.zaxxer.hikari.HikariDataSource] - HikariPool-21 - Shutdown completed.
2025-06-02 00:12:34 [restartedMain] INFO  [com.aditya.VotezyApplication] - Starting VotezyApplication using Java 21.0.4 with PID 15952 (D:\Code-Practice\Spring-STS\votezy\target\classes started by Aditya-Mehta in D:\Code-Practice\Spring-STS\votezy)
2025-06-02 00:12:34 [restartedMain] INFO  [com.aditya.VotezyApplication] - No active profile set, falling back to 1 default profile: "default"
2025-06-02 00:12:34 [restartedMain] INFO  [o.s.d.r.c.RepositoryConfigurationDelegate] - Bootstrapping Spring Data JPA repositories in DEFAULT mode.
2025-06-02 00:12:34 [restartedMain] INFO  [o.s.d.r.c.RepositoryConfigurationDelegate] - Finished Spring Data repository scanning in 9 ms. Found 4 JPA repository interfaces.
2025-06-02 00:12:34 [restartedMain] INFO  [o.s.b.w.e.tomcat.TomcatWebServer] - Tomcat initialized with port 8080 (http)
2025-06-02 00:12:34 [restartedMain] INFO  [o.a.coyote.http11.Http11NioProtocol] - Initializing ProtocolHandler ["http-nio-8080"]
2025-06-02 00:12:34 [restartedMain] INFO  [o.a.catalina.core.StandardService] - Starting service [Tomcat]
2025-06-02 00:12:34 [restartedMain] INFO  [o.a.catalina.core.StandardEngine] - Starting Servlet engine: [Apache Tomcat/10.1.40]
2025-06-02 00:12:34 [restartedMain] INFO  [o.a.c.c.C.[Tomcat].[localhost].[/]] - Initializing Spring embedded WebApplicationContext
2025-06-02 00:12:34 [restartedMain] INFO  [o.s.b.w.s.c.ServletWebServerApplicationContext] - Root WebApplicationContext: initialization completed in 279 ms
2025-06-02 00:12:34 [restartedMain] INFO  [o.h.jpa.internal.util.LogHelper] - HHH000204: Processing PersistenceUnitInfo [name: default]
2025-06-02 00:12:34 [restartedMain] INFO  [o.h.c.i.RegionFactoryInitiator] - HHH000026: Second-level cache disabled
2025-06-02 00:12:34 [restartedMain] INFO  [o.s.o.j.p.SpringPersistenceUnitInfo] - No LoadTimeWeaver setup: ignoring JPA class transformer
2025-06-02 00:12:34 [restartedMain] INFO  [com.zaxxer.hikari.HikariDataSource] - HikariPool-22 - Starting...
2025-06-02 00:12:34 [restartedMain] INFO  [com.zaxxer.hikari.pool.HikariPool] - HikariPool-22 - Added connection com.mysql.cj.jdbc.ConnectionImpl@71cb8974
2025-06-02 00:12:34 [restartedMain] INFO  [com.zaxxer.hikari.HikariDataSource] - HikariPool-22 - Start completed.
2025-06-02 00:12:34 [restartedMain] WARN  [org.hibernate.orm.deprecation] - HHH90000025: MySQLDialect does not need to be specified explicitly using 'hibernate.dialect' (remove the property setting and it will be selected by default)
2025-06-02 00:12:34 [restartedMain] INFO  [o.hibernate.orm.connections.pooling] - HHH10001005: Database info:
	Database JDBC URL [Connecting through datasource 'HikariDataSource (HikariPool-22)']
	Database driver: undefined/unknown
	Database version: 8.0.41
	Autocommit mode: undefined/unknown
	Isolation level: undefined/unknown
	Minimum pool size: undefined/unknown
	Maximum pool size: undefined/unknown
2025-06-02 00:12:34 [restartedMain] INFO  [o.h.e.t.j.p.i.JtaPlatformInitiator] - HHH000489: No JTA platform available (set 'hibernate.transaction.jta.platform' to enable JTA platform integration)
2025-06-02 00:12:34 [restartedMain] INFO  [o.s.o.j.LocalContainerEntityManagerFactoryBean] - Initialized JPA EntityManagerFactory for persistence unit 'default'
2025-06-02 00:12:34 [restartedMain] WARN  [o.s.b.a.o.j.JpaBaseConfiguration$JpaWebConfiguration] - spring.jpa.open-in-view is enabled by default. Therefore, database queries may be performed during view rendering. Explicitly configure spring.jpa.open-in-view to disable this warning
2025-06-02 00:12:35 [restartedMain] DEBUG [o.s.w.s.m.m.a.RequestMappingHandlerMapping] - 17 mappings in 'requestMappingHandlerMapping'
2025-06-02 00:12:35 [restartedMain] DEBUG [o.s.w.s.h.SimpleUrlHandlerMapping] - Patterns [/webjars/**, /**] in 'resourceHandlerMapping'
2025-06-02 00:12:35 [restartedMain] DEBUG [o.s.w.s.m.m.a.RequestMappingHandlerAdapter] - ControllerAdvice beans: 0 @ModelAttribute, 0 @InitBinder, 1 RequestBodyAdvice, 1 ResponseBodyAdvice
2025-06-02 00:12:35 [restartedMain] DEBUG [o.s.w.s.m.m.a.ExceptionHandlerExceptionResolver] - ControllerAdvice beans: 1 @ExceptionHandler, 1 ResponseBodyAdvice
2025-06-02 00:12:35 [restartedMain] INFO  [o.s.b.d.a.OptionalLiveReloadServer] - LiveReload server is running on port 35729
2025-06-02 00:12:35 [restartedMain] INFO  [o.a.coyote.http11.Http11NioProtocol] - Starting ProtocolHandler ["http-nio-8080"]
2025-06-02 00:12:35 [restartedMain] INFO  [o.s.b.w.e.tomcat.TomcatWebServer] - Tomcat started on port 8080 (http) with context path '/'
2025-06-02 00:12:35 [restartedMain] INFO  [com.aditya.VotezyApplication] - Started VotezyApplication in 0.68 seconds (process running for 21666.643)
2025-06-02 00:12:35 [restartedMain] INFO  [o.s.b.d.a.ConditionEvaluationDeltaLoggingListener] - Condition evaluation unchanged
2025-06-02 00:12:57 [File Watcher] INFO  [o.s.b.d.a.LocalDevToolsAutoConfiguration$RestartingClassPathChangeChangedEventListener] - Restarting due to 1 class path change (0 additions, 0 deletions, 1 modification)
2025-06-02 00:12:57 [Thread-87] INFO  [o.s.b.w.e.tomcat.GracefulShutdown] - Commencing graceful shutdown. Waiting for active requests to complete
2025-06-02 00:12:57 [tomcat-shutdown] INFO  [o.a.coyote.http11.Http11NioProtocol] - Pausing ProtocolHandler ["http-nio-8080"]
2025-06-02 00:12:57 [tomcat-shutdown] INFO  [o.s.b.w.e.tomcat.GracefulShutdown] - Graceful shutdown complete
2025-06-02 00:12:57 [Thread-87] INFO  [o.a.coyote.http11.Http11NioProtocol] - Stopping ProtocolHandler ["http-nio-8080"]
2025-06-02 00:12:57 [Thread-87] INFO  [o.s.o.j.LocalContainerEntityManagerFactoryBean] - Closing JPA EntityManagerFactory for persistence unit 'default'
2025-06-02 00:12:57 [Thread-87] INFO  [com.zaxxer.hikari.HikariDataSource] - HikariPool-22 - Shutdown initiated...
2025-06-02 00:12:57 [Thread-87] INFO  [com.zaxxer.hikari.HikariDataSource] - HikariPool-22 - Shutdown completed.
2025-06-02 00:12:57 [restartedMain] INFO  [com.aditya.VotezyApplication] - Starting VotezyApplication using Java 21.0.4 with PID 15952 (D:\Code-Practice\Spring-STS\votezy\target\classes started by Aditya-Mehta in D:\Code-Practice\Spring-STS\votezy)
2025-06-02 00:12:57 [restartedMain] INFO  [com.aditya.VotezyApplication] - No active profile set, falling back to 1 default profile: "default"
2025-06-02 00:12:58 [restartedMain] INFO  [o.s.d.r.c.RepositoryConfigurationDelegate] - Bootstrapping Spring Data JPA repositories in DEFAULT mode.
2025-06-02 00:12:58 [restartedMain] INFO  [o.s.d.r.c.RepositoryConfigurationDelegate] - Finished Spring Data repository scanning in 11 ms. Found 4 JPA repository interfaces.
2025-06-02 00:12:58 [restartedMain] INFO  [o.s.b.w.e.tomcat.TomcatWebServer] - Tomcat initialized with port 8080 (http)
2025-06-02 00:12:58 [restartedMain] INFO  [o.a.coyote.http11.Http11NioProtocol] - Initializing ProtocolHandler ["http-nio-8080"]
2025-06-02 00:12:58 [restartedMain] INFO  [o.a.catalina.core.StandardService] - Starting service [Tomcat]
2025-06-02 00:12:58 [restartedMain] INFO  [o.a.catalina.core.StandardEngine] - Starting Servlet engine: [Apache Tomcat/10.1.40]
2025-06-02 00:12:58 [restartedMain] INFO  [o.a.c.c.C.[Tomcat].[localhost].[/]] - Initializing Spring embedded WebApplicationContext
2025-06-02 00:12:58 [restartedMain] INFO  [o.s.b.w.s.c.ServletWebServerApplicationContext] - Root WebApplicationContext: initialization completed in 221 ms
2025-06-02 00:12:58 [restartedMain] INFO  [o.h.jpa.internal.util.LogHelper] - HHH000204: Processing PersistenceUnitInfo [name: default]
2025-06-02 00:12:58 [restartedMain] INFO  [o.h.c.i.RegionFactoryInitiator] - HHH000026: Second-level cache disabled
2025-06-02 00:12:58 [restartedMain] INFO  [o.s.o.j.p.SpringPersistenceUnitInfo] - No LoadTimeWeaver setup: ignoring JPA class transformer
2025-06-02 00:12:58 [restartedMain] INFO  [com.zaxxer.hikari.HikariDataSource] - HikariPool-23 - Starting...
2025-06-02 00:12:58 [restartedMain] INFO  [com.zaxxer.hikari.pool.HikariPool] - HikariPool-23 - Added connection com.mysql.cj.jdbc.ConnectionImpl@6e88fa17
2025-06-02 00:12:58 [restartedMain] INFO  [com.zaxxer.hikari.HikariDataSource] - HikariPool-23 - Start completed.
2025-06-02 00:12:58 [restartedMain] WARN  [org.hibernate.orm.deprecation] - HHH90000025: MySQLDialect does not need to be specified explicitly using 'hibernate.dialect' (remove the property setting and it will be selected by default)
2025-06-02 00:12:58 [restartedMain] INFO  [o.hibernate.orm.connections.pooling] - HHH10001005: Database info:
	Database JDBC URL [Connecting through datasource 'HikariDataSource (HikariPool-23)']
	Database driver: undefined/unknown
	Database version: 8.0.41
	Autocommit mode: undefined/unknown
	Isolation level: undefined/unknown
	Minimum pool size: undefined/unknown
	Maximum pool size: undefined/unknown
2025-06-02 00:12:58 [restartedMain] INFO  [o.h.e.t.j.p.i.JtaPlatformInitiator] - HHH000489: No JTA platform available (set 'hibernate.transaction.jta.platform' to enable JTA platform integration)
2025-06-02 00:12:58 [restartedMain] INFO  [o.s.o.j.LocalContainerEntityManagerFactoryBean] - Initialized JPA EntityManagerFactory for persistence unit 'default'
2025-06-02 00:12:58 [restartedMain] WARN  [o.s.b.a.o.j.JpaBaseConfiguration$JpaWebConfiguration] - spring.jpa.open-in-view is enabled by default. Therefore, database queries may be performed during view rendering. Explicitly configure spring.jpa.open-in-view to disable this warning
2025-06-02 00:12:58 [restartedMain] DEBUG [o.s.w.s.m.m.a.RequestMappingHandlerMapping] - 17 mappings in 'requestMappingHandlerMapping'
2025-06-02 00:12:58 [restartedMain] DEBUG [o.s.w.s.h.SimpleUrlHandlerMapping] - Patterns [/webjars/**, /**] in 'resourceHandlerMapping'
2025-06-02 00:12:58 [restartedMain] DEBUG [o.s.w.s.m.m.a.RequestMappingHandlerAdapter] - ControllerAdvice beans: 0 @ModelAttribute, 0 @InitBinder, 1 RequestBodyAdvice, 1 ResponseBodyAdvice
2025-06-02 00:12:58 [restartedMain] DEBUG [o.s.w.s.m.m.a.ExceptionHandlerExceptionResolver] - ControllerAdvice beans: 1 @ExceptionHandler, 1 ResponseBodyAdvice
2025-06-02 00:12:58 [restartedMain] INFO  [o.s.b.d.a.OptionalLiveReloadServer] - LiveReload server is running on port 35729
2025-06-02 00:12:58 [restartedMain] INFO  [o.a.coyote.http11.Http11NioProtocol] - Starting ProtocolHandler ["http-nio-8080"]
2025-06-02 00:12:58 [restartedMain] INFO  [o.s.b.w.e.tomcat.TomcatWebServer] - Tomcat started on port 8080 (http) with context path '/'
2025-06-02 00:12:58 [restartedMain] INFO  [com.aditya.VotezyApplication] - Started VotezyApplication in 0.58 seconds (process running for 21690.048)
2025-06-02 00:12:58 [restartedMain] INFO  [o.s.b.d.a.ConditionEvaluationDeltaLoggingListener] - Condition evaluation unchanged
2025-06-02 00:13:21 [File Watcher] INFO  [o.s.b.d.a.LocalDevToolsAutoConfiguration$RestartingClassPathChangeChangedEventListener] - Restarting due to 1 class path change (0 additions, 0 deletions, 1 modification)
2025-06-02 00:13:21 [Thread-91] INFO  [o.s.b.w.e.tomcat.GracefulShutdown] - Commencing graceful shutdown. Waiting for active requests to complete
2025-06-02 00:13:21 [tomcat-shutdown] INFO  [o.a.coyote.http11.Http11NioProtocol] - Pausing ProtocolHandler ["http-nio-8080"]
2025-06-02 00:13:21 [tomcat-shutdown] INFO  [o.s.b.w.e.tomcat.GracefulShutdown] - Graceful shutdown complete
2025-06-02 00:13:21 [Thread-91] INFO  [o.a.coyote.http11.Http11NioProtocol] - Stopping ProtocolHandler ["http-nio-8080"]
2025-06-02 00:13:21 [Thread-91] INFO  [o.s.o.j.LocalContainerEntityManagerFactoryBean] - Closing JPA EntityManagerFactory for persistence unit 'default'
2025-06-02 00:13:21 [Thread-91] INFO  [com.zaxxer.hikari.HikariDataSource] - HikariPool-23 - Shutdown initiated...
2025-06-02 00:13:21 [Thread-91] INFO  [com.zaxxer.hikari.HikariDataSource] - HikariPool-23 - Shutdown completed.
2025-06-02 00:13:21 [restartedMain] INFO  [com.aditya.VotezyApplication] - Starting VotezyApplication using Java 21.0.4 with PID 15952 (D:\Code-Practice\Spring-STS\votezy\target\classes started by Aditya-Mehta in D:\Code-Practice\Spring-STS\votezy)
2025-06-02 00:13:21 [restartedMain] INFO  [com.aditya.VotezyApplication] - No active profile set, falling back to 1 default profile: "default"
2025-06-02 00:13:21 [restartedMain] INFO  [o.s.d.r.c.RepositoryConfigurationDelegate] - Bootstrapping Spring Data JPA repositories in DEFAULT mode.
2025-06-02 00:13:21 [restartedMain] INFO  [o.s.d.r.c.RepositoryConfigurationDelegate] - Finished Spring Data repository scanning in 9 ms. Found 4 JPA repository interfaces.
2025-06-02 00:13:21 [restartedMain] INFO  [o.s.b.w.e.tomcat.TomcatWebServer] - Tomcat initialized with port 8080 (http)
2025-06-02 00:13:21 [restartedMain] INFO  [o.a.coyote.http11.Http11NioProtocol] - Initializing ProtocolHandler ["http-nio-8080"]
2025-06-02 00:13:21 [restartedMain] INFO  [o.a.catalina.core.StandardService] - Starting service [Tomcat]
2025-06-02 00:13:21 [restartedMain] INFO  [o.a.catalina.core.StandardEngine] - Starting Servlet engine: [Apache Tomcat/10.1.40]
2025-06-02 00:13:21 [restartedMain] INFO  [o.a.c.c.C.[Tomcat].[localhost].[/]] - Initializing Spring embedded WebApplicationContext
2025-06-02 00:13:21 [restartedMain] INFO  [o.s.b.w.s.c.ServletWebServerApplicationContext] - Root WebApplicationContext: initialization completed in 258 ms
2025-06-02 00:13:21 [restartedMain] INFO  [o.h.jpa.internal.util.LogHelper] - HHH000204: Processing PersistenceUnitInfo [name: default]
2025-06-02 00:13:21 [restartedMain] INFO  [o.h.c.i.RegionFactoryInitiator] - HHH000026: Second-level cache disabled
2025-06-02 00:13:21 [restartedMain] INFO  [o.s.o.j.p.SpringPersistenceUnitInfo] - No LoadTimeWeaver setup: ignoring JPA class transformer
2025-06-02 00:13:21 [restartedMain] INFO  [com.zaxxer.hikari.HikariDataSource] - HikariPool-24 - Starting...
2025-06-02 00:13:21 [restartedMain] INFO  [com.zaxxer.hikari.pool.HikariPool] - HikariPool-24 - Added connection com.mysql.cj.jdbc.ConnectionImpl@6c0bb5ff
2025-06-02 00:13:21 [restartedMain] INFO  [com.zaxxer.hikari.HikariDataSource] - HikariPool-24 - Start completed.
2025-06-02 00:13:21 [restartedMain] WARN  [org.hibernate.orm.deprecation] - HHH90000025: MySQLDialect does not need to be specified explicitly using 'hibernate.dialect' (remove the property setting and it will be selected by default)
2025-06-02 00:13:21 [restartedMain] INFO  [o.hibernate.orm.connections.pooling] - HHH10001005: Database info:
	Database JDBC URL [Connecting through datasource 'HikariDataSource (HikariPool-24)']
	Database driver: undefined/unknown
	Database version: 8.0.41
	Autocommit mode: undefined/unknown
	Isolation level: undefined/unknown
	Minimum pool size: undefined/unknown
	Maximum pool size: undefined/unknown
2025-06-02 00:13:21 [restartedMain] INFO  [o.h.e.t.j.p.i.JtaPlatformInitiator] - HHH000489: No JTA platform available (set 'hibernate.transaction.jta.platform' to enable JTA platform integration)
2025-06-02 00:13:21 [restartedMain] INFO  [o.s.o.j.LocalContainerEntityManagerFactoryBean] - Initialized JPA EntityManagerFactory for persistence unit 'default'
2025-06-02 00:13:21 [restartedMain] WARN  [o.s.b.a.o.j.JpaBaseConfiguration$JpaWebConfiguration] - spring.jpa.open-in-view is enabled by default. Therefore, database queries may be performed during view rendering. Explicitly configure spring.jpa.open-in-view to disable this warning
2025-06-02 00:13:21 [restartedMain] DEBUG [o.s.w.s.m.m.a.RequestMappingHandlerMapping] - 17 mappings in 'requestMappingHandlerMapping'
2025-06-02 00:13:22 [restartedMain] DEBUG [o.s.w.s.h.SimpleUrlHandlerMapping] - Patterns [/webjars/**, /**] in 'resourceHandlerMapping'
2025-06-02 00:13:22 [restartedMain] DEBUG [o.s.w.s.m.m.a.RequestMappingHandlerAdapter] - ControllerAdvice beans: 0 @ModelAttribute, 0 @InitBinder, 1 RequestBodyAdvice, 1 ResponseBodyAdvice
2025-06-02 00:13:22 [restartedMain] DEBUG [o.s.w.s.m.m.a.ExceptionHandlerExceptionResolver] - ControllerAdvice beans: 1 @ExceptionHandler, 1 ResponseBodyAdvice
2025-06-02 00:13:22 [restartedMain] INFO  [o.s.b.d.a.OptionalLiveReloadServer] - LiveReload server is running on port 35729
2025-06-02 00:13:22 [restartedMain] INFO  [o.a.coyote.http11.Http11NioProtocol] - Starting ProtocolHandler ["http-nio-8080"]
2025-06-02 00:13:22 [restartedMain] INFO  [o.s.b.w.e.tomcat.TomcatWebServer] - Tomcat started on port 8080 (http) with context path '/'
2025-06-02 00:13:22 [restartedMain] INFO  [com.aditya.VotezyApplication] - Started VotezyApplication in 0.892 seconds (process running for 21713.772)
2025-06-02 00:13:22 [restartedMain] INFO  [o.s.b.d.a.ConditionEvaluationDeltaLoggingListener] - Condition evaluation unchanged
2025-06-02 00:13:41 [File Watcher] INFO  [o.s.b.d.a.LocalDevToolsAutoConfiguration$RestartingClassPathChangeChangedEventListener] - Restarting due to 1 class path change (0 additions, 0 deletions, 1 modification)
2025-06-02 00:13:41 [Thread-95] INFO  [o.s.b.w.e.tomcat.GracefulShutdown] - Commencing graceful shutdown. Waiting for active requests to complete
2025-06-02 00:13:41 [tomcat-shutdown] INFO  [o.a.coyote.http11.Http11NioProtocol] - Pausing ProtocolHandler ["http-nio-8080"]
2025-06-02 00:13:41 [tomcat-shutdown] INFO  [o.s.b.w.e.tomcat.GracefulShutdown] - Graceful shutdown complete
2025-06-02 00:13:41 [Thread-95] INFO  [o.a.coyote.http11.Http11NioProtocol] - Stopping ProtocolHandler ["http-nio-8080"]
2025-06-02 00:13:41 [Thread-95] INFO  [o.s.o.j.LocalContainerEntityManagerFactoryBean] - Closing JPA EntityManagerFactory for persistence unit 'default'
2025-06-02 00:13:41 [Thread-95] INFO  [com.zaxxer.hikari.HikariDataSource] - HikariPool-24 - Shutdown initiated...
2025-06-02 00:13:41 [Thread-95] INFO  [com.zaxxer.hikari.HikariDataSource] - HikariPool-24 - Shutdown completed.
2025-06-02 00:13:41 [restartedMain] INFO  [com.aditya.VotezyApplication] - Starting VotezyApplication using Java 21.0.4 with PID 15952 (D:\Code-Practice\Spring-STS\votezy\target\classes started by Aditya-Mehta in D:\Code-Practice\Spring-STS\votezy)
2025-06-02 00:13:41 [restartedMain] INFO  [com.aditya.VotezyApplication] - No active profile set, falling back to 1 default profile: "default"
2025-06-02 00:13:42 [restartedMain] INFO  [o.s.d.r.c.RepositoryConfigurationDelegate] - Bootstrapping Spring Data JPA repositories in DEFAULT mode.
2025-06-02 00:13:42 [restartedMain] INFO  [o.s.d.r.c.RepositoryConfigurationDelegate] - Finished Spring Data repository scanning in 9 ms. Found 4 JPA repository interfaces.
2025-06-02 00:13:42 [restartedMain] INFO  [o.s.b.w.e.tomcat.TomcatWebServer] - Tomcat initialized with port 8080 (http)
2025-06-02 00:13:42 [restartedMain] INFO  [o.a.coyote.http11.Http11NioProtocol] - Initializing ProtocolHandler ["http-nio-8080"]
2025-06-02 00:13:42 [restartedMain] INFO  [o.a.catalina.core.StandardService] - Starting service [Tomcat]
2025-06-02 00:13:42 [restartedMain] INFO  [o.a.catalina.core.StandardEngine] - Starting Servlet engine: [Apache Tomcat/10.1.40]
2025-06-02 00:13:42 [restartedMain] INFO  [o.a.c.c.C.[Tomcat].[localhost].[/]] - Initializing Spring embedded WebApplicationContext
2025-06-02 00:13:42 [restartedMain] INFO  [o.s.b.w.s.c.ServletWebServerApplicationContext] - Root WebApplicationContext: initialization completed in 312 ms
2025-06-02 00:13:42 [restartedMain] INFO  [o.h.jpa.internal.util.LogHelper] - HHH000204: Processing PersistenceUnitInfo [name: default]
2025-06-02 00:13:42 [restartedMain] INFO  [o.h.c.i.RegionFactoryInitiator] - HHH000026: Second-level cache disabled
2025-06-02 00:13:42 [restartedMain] INFO  [o.s.o.j.p.SpringPersistenceUnitInfo] - No LoadTimeWeaver setup: ignoring JPA class transformer
2025-06-02 00:13:42 [restartedMain] INFO  [com.zaxxer.hikari.HikariDataSource] - HikariPool-25 - Starting...
2025-06-02 00:13:42 [restartedMain] INFO  [com.zaxxer.hikari.pool.HikariPool] - HikariPool-25 - Added connection com.mysql.cj.jdbc.ConnectionImpl@b9d684a
2025-06-02 00:13:42 [restartedMain] INFO  [com.zaxxer.hikari.HikariDataSource] - HikariPool-25 - Start completed.
2025-06-02 00:13:42 [restartedMain] WARN  [org.hibernate.orm.deprecation] - HHH90000025: MySQLDialect does not need to be specified explicitly using 'hibernate.dialect' (remove the property setting and it will be selected by default)
2025-06-02 00:13:42 [restartedMain] INFO  [o.hibernate.orm.connections.pooling] - HHH10001005: Database info:
	Database JDBC URL [Connecting through datasource 'HikariDataSource (HikariPool-25)']
	Database driver: undefined/unknown
	Database version: 8.0.41
	Autocommit mode: undefined/unknown
	Isolation level: undefined/unknown
	Minimum pool size: undefined/unknown
	Maximum pool size: undefined/unknown
2025-06-02 00:13:42 [restartedMain] INFO  [o.h.e.t.j.p.i.JtaPlatformInitiator] - HHH000489: No JTA platform available (set 'hibernate.transaction.jta.platform' to enable JTA platform integration)
2025-06-02 00:13:42 [restartedMain] INFO  [o.s.o.j.LocalContainerEntityManagerFactoryBean] - Initialized JPA EntityManagerFactory for persistence unit 'default'
2025-06-02 00:13:42 [restartedMain] WARN  [o.s.b.a.o.j.JpaBaseConfiguration$JpaWebConfiguration] - spring.jpa.open-in-view is enabled by default. Therefore, database queries may be performed during view rendering. Explicitly configure spring.jpa.open-in-view to disable this warning
2025-06-02 00:13:42 [restartedMain] DEBUG [o.s.w.s.m.m.a.RequestMappingHandlerMapping] - 17 mappings in 'requestMappingHandlerMapping'
2025-06-02 00:13:42 [restartedMain] DEBUG [o.s.w.s.h.SimpleUrlHandlerMapping] - Patterns [/webjars/**, /**] in 'resourceHandlerMapping'
2025-06-02 00:13:42 [restartedMain] DEBUG [o.s.w.s.m.m.a.RequestMappingHandlerAdapter] - ControllerAdvice beans: 0 @ModelAttribute, 0 @InitBinder, 1 RequestBodyAdvice, 1 ResponseBodyAdvice
2025-06-02 00:13:42 [restartedMain] DEBUG [o.s.w.s.m.m.a.ExceptionHandlerExceptionResolver] - ControllerAdvice beans: 1 @ExceptionHandler, 1 ResponseBodyAdvice
2025-06-02 00:13:42 [restartedMain] INFO  [o.s.b.d.a.OptionalLiveReloadServer] - LiveReload server is running on port 35729
2025-06-02 00:13:42 [restartedMain] INFO  [o.a.coyote.http11.Http11NioProtocol] - Starting ProtocolHandler ["http-nio-8080"]
2025-06-02 00:13:42 [restartedMain] INFO  [o.s.b.w.e.tomcat.TomcatWebServer] - Tomcat started on port 8080 (http) with context path '/'
2025-06-02 00:13:42 [restartedMain] INFO  [com.aditya.VotezyApplication] - Started VotezyApplication in 0.671 seconds (process running for 21734.156)
2025-06-02 00:13:42 [restartedMain] INFO  [o.s.b.d.a.ConditionEvaluationDeltaLoggingListener] - Condition evaluation unchanged
2025-06-02 00:37:25 [RMI TCP Connection(148)-127.0.0.1] INFO  [o.s.b.a.SpringApplicationAdminMXBeanRegistrar$SpringApplicationAdmin] - Application shutdown requested.
2025-06-02 00:37:25 [RMI TCP Connection(148)-127.0.0.1] INFO  [o.s.b.w.e.tomcat.GracefulShutdown] - Commencing graceful shutdown. Waiting for active requests to complete
2025-06-02 00:37:25 [tomcat-shutdown] INFO  [o.a.coyote.http11.Http11NioProtocol] - Pausing ProtocolHandler ["http-nio-8080"]
2025-06-02 00:37:25 [tomcat-shutdown] INFO  [o.s.b.w.e.tomcat.GracefulShutdown] - Graceful shutdown complete
2025-06-02 00:37:25 [RMI TCP Connection(148)-127.0.0.1] INFO  [o.a.coyote.http11.Http11NioProtocol] - Stopping ProtocolHandler ["http-nio-8080"]
2025-06-02 00:37:25 [RMI TCP Connection(148)-127.0.0.1] INFO  [o.s.o.j.LocalContainerEntityManagerFactoryBean] - Closing JPA EntityManagerFactory for persistence unit 'default'
2025-06-02 00:37:25 [RMI TCP Connection(148)-127.0.0.1] INFO  [com.zaxxer.hikari.HikariDataSource] - HikariPool-25 - Shutdown initiated...
2025-06-02 00:37:25 [RMI TCP Connection(148)-127.0.0.1] INFO  [com.zaxxer.hikari.HikariDataSource] - HikariPool-25 - Shutdown completed.
