2025-05-25 18:07:58 [background-preinit] INFO  [o.h.validator.internal.util.Version] - HV000001: Hibernate Validator 8.0.2.Final
2025-05-25 18:07:59 [restartedMain] INFO  [com.aditya.VotezyApplication] - Starting VotezyApplication using Java 21.0.4 with PID 11588 (D:\Code-Practice\Spring-STS\votezy\target\classes started by Aditya-Mehta in D:\Code-Practice\Spring-STS\votezy)
2025-05-25 18:07:59 [restartedMain] INFO  [com.aditya.VotezyApplication] - No active profile set, falling back to 1 default profile: "default"
2025-05-25 18:07:59 [restartedMain] INFO  [o.s.b.d.e.DevToolsPropertyDefaultsPostProcessor] - Devtools property defaults active! Set 'spring.devtools.add-properties' to 'false' to disable
2025-05-25 18:07:59 [restartedMain] INFO  [o.s.b.d.e.DevToolsPropertyDefaultsPostProcessor] - For additional web related logging consider setting the 'logging.level.web' property to 'DEBUG'
2025-05-25 18:08:00 [restartedMain] INFO  [o.s.d.r.c.RepositoryConfigurationDelegate] - Bootstrapping Spring Data JPA repositories in DEFAULT mode.
2025-05-25 18:08:00 [restartedMain] INFO  [o.s.d.r.c.RepositoryConfigurationDelegate] - Finished Spring Data repository scanning in 73 ms. Found 4 JPA repository interfaces.
2025-05-25 18:08:01 [restartedMain] INFO  [o.s.b.w.e.tomcat.TomcatWebServer] - Tomcat initialized with port 8080 (http)
2025-05-25 18:08:01 [restartedMain] INFO  [o.a.coyote.http11.Http11NioProtocol] - Initializing ProtocolHandler ["http-nio-8080"]
2025-05-25 18:08:01 [restartedMain] INFO  [o.a.catalina.core.StandardService] - Starting service [Tomcat]
2025-05-25 18:08:01 [restartedMain] INFO  [o.a.catalina.core.StandardEngine] - Starting Servlet engine: [Apache Tomcat/10.1.40]
2025-05-25 18:08:01 [restartedMain] INFO  [o.a.c.c.C.[Tomcat].[localhost].[/]] - Initializing Spring embedded WebApplicationContext
2025-05-25 18:08:01 [restartedMain] INFO  [o.s.b.w.s.c.ServletWebServerApplicationContext] - Root WebApplicationContext: initialization completed in 2387 ms
2025-05-25 18:08:01 [restartedMain] INFO  [o.h.jpa.internal.util.LogHelper] - HHH000204: Processing PersistenceUnitInfo [name: default]
2025-05-25 18:08:02 [restartedMain] INFO  [org.hibernate.Version] - HHH000412: Hibernate ORM core version 6.6.13.Final
2025-05-25 18:08:02 [restartedMain] INFO  [o.h.c.i.RegionFactoryInitiator] - HHH000026: Second-level cache disabled
2025-05-25 18:08:02 [restartedMain] INFO  [o.s.o.j.p.SpringPersistenceUnitInfo] - No LoadTimeWeaver setup: ignoring JPA class transformer
2025-05-25 18:08:02 [restartedMain] INFO  [com.zaxxer.hikari.HikariDataSource] - HikariPool-1 - Starting...
2025-05-25 18:08:03 [restartedMain] INFO  [com.zaxxer.hikari.pool.HikariPool] - HikariPool-1 - Added connection com.mysql.cj.jdbc.ConnectionImpl@5321f74f
2025-05-25 18:08:03 [restartedMain] INFO  [com.zaxxer.hikari.HikariDataSource] - HikariPool-1 - Start completed.
2025-05-25 18:08:03 [restartedMain] WARN  [org.hibernate.orm.deprecation] - HHH90000025: MySQLDialect does not need to be specified explicitly using 'hibernate.dialect' (remove the property setting and it will be selected by default)
2025-05-25 18:08:03 [restartedMain] INFO  [o.hibernate.orm.connections.pooling] - HHH10001005: Database info:
	Database JDBC URL [Connecting through datasource 'HikariDataSource (HikariPool-1)']
	Database driver: undefined/unknown
	Database version: 8.0.41
	Autocommit mode: undefined/unknown
	Isolation level: undefined/unknown
	Minimum pool size: undefined/unknown
	Maximum pool size: undefined/unknown
2025-05-25 18:08:06 [restartedMain] INFO  [o.h.e.t.j.p.i.JtaPlatformInitiator] - HHH000489: No JTA platform available (set 'hibernate.transaction.jta.platform' to enable JTA platform integration)
2025-05-25 18:08:06 [restartedMain] INFO  [o.s.o.j.LocalContainerEntityManagerFactoryBean] - Initialized JPA EntityManagerFactory for persistence unit 'default'
2025-05-25 18:08:06 [restartedMain] WARN  [o.s.b.a.o.j.JpaBaseConfiguration$JpaWebConfiguration] - spring.jpa.open-in-view is enabled by default. Therefore, database queries may be performed during view rendering. Explicitly configure spring.jpa.open-in-view to disable this warning
2025-05-25 18:08:06 [restartedMain] DEBUG [o.s.w.s.m.m.a.RequestMappingHandlerMapping] - 2 mappings in 'requestMappingHandlerMapping'
2025-05-25 18:08:06 [restartedMain] DEBUG [o.s.w.s.h.SimpleUrlHandlerMapping] - Patterns [/webjars/**, /**] in 'resourceHandlerMapping'
2025-05-25 18:08:06 [restartedMain] DEBUG [o.s.w.s.m.m.a.RequestMappingHandlerAdapter] - ControllerAdvice beans: 0 @ModelAttribute, 0 @InitBinder, 1 RequestBodyAdvice, 1 ResponseBodyAdvice
2025-05-25 18:08:07 [restartedMain] DEBUG [o.s.w.s.m.m.a.ExceptionHandlerExceptionResolver] - ControllerAdvice beans: 1 @ExceptionHandler, 1 ResponseBodyAdvice
2025-05-25 18:08:07 [restartedMain] INFO  [o.s.b.d.a.OptionalLiveReloadServer] - LiveReload server is running on port 35729
2025-05-25 18:08:07 [restartedMain] INFO  [o.a.coyote.http11.Http11NioProtocol] - Starting ProtocolHandler ["http-nio-8080"]
2025-05-25 18:08:07 [restartedMain] INFO  [o.s.b.w.e.tomcat.TomcatWebServer] - Tomcat started on port 8080 (http) with context path '/'
2025-05-25 18:08:07 [restartedMain] INFO  [com.aditya.VotezyApplication] - Started VotezyApplication in 9.932 seconds (process running for 15.476)
2025-05-25 18:08:38 [RMI TCP Connection(4)-127.0.0.1] INFO  [o.s.b.a.SpringApplicationAdminMXBeanRegistrar$SpringApplicationAdmin] - Application shutdown requested.
2025-05-25 18:08:38 [RMI TCP Connection(4)-127.0.0.1] INFO  [o.s.b.w.e.tomcat.GracefulShutdown] - Commencing graceful shutdown. Waiting for active requests to complete
2025-05-25 18:08:38 [tomcat-shutdown] INFO  [o.a.coyote.http11.Http11NioProtocol] - Pausing ProtocolHandler ["http-nio-8080"]
2025-05-25 18:08:38 [tomcat-shutdown] INFO  [o.s.b.w.e.tomcat.GracefulShutdown] - Graceful shutdown complete
2025-05-25 18:08:38 [RMI TCP Connection(4)-127.0.0.1] INFO  [o.a.coyote.http11.Http11NioProtocol] - Stopping ProtocolHandler ["http-nio-8080"]
2025-05-25 18:08:38 [RMI TCP Connection(4)-127.0.0.1] INFO  [o.s.o.j.LocalContainerEntityManagerFactoryBean] - Closing JPA EntityManagerFactory for persistence unit 'default'
2025-05-25 18:08:38 [RMI TCP Connection(4)-127.0.0.1] INFO  [com.zaxxer.hikari.HikariDataSource] - HikariPool-1 - Shutdown initiated...
2025-05-25 18:08:38 [RMI TCP Connection(4)-127.0.0.1] INFO  [com.zaxxer.hikari.HikariDataSource] - HikariPool-1 - Shutdown completed.
