2025-05-29 00:29:05 [HikariPool-5 housekeeper] WARN  [com.zaxxer.hikari.pool.HikariPool] - HikariPool-5 - Thread starvation or clock leap detected (housekeeper delta=20m30s607ms730µs).
2025-05-29 00:30:52 [http-nio-8080-exec-2] INFO  [o.a.c.c.C.[Tomcat].[localhost].[/]] - Initializing Spring DispatcherServlet 'dispatcherServlet'
2025-05-29 00:30:52 [http-nio-8080-exec-2] INFO  [o.s.web.servlet.DispatcherServlet] - Initializing Servlet 'dispatcherServlet'
2025-05-29 00:30:52 [http-nio-8080-exec-2] DEBUG [o.s.web.servlet.DispatcherServlet] - Detected StandardServletMultipartResolver
2025-05-29 00:30:52 [http-nio-8080-exec-2] DEBUG [o.s.web.servlet.DispatcherServlet] - Detected AcceptHeaderLocaleResolver
2025-05-29 00:30:52 [http-nio-8080-exec-2] DEBUG [o.s.web.servlet.DispatcherServlet] - Detected FixedThemeResolver
2025-05-29 00:30:52 [http-nio-8080-exec-2] DEBUG [o.s.web.servlet.DispatcherServlet] - Detected org.springframework.web.servlet.view.DefaultRequestToViewNameTranslator@7e046482
2025-05-29 00:30:52 [http-nio-8080-exec-2] DEBUG [o.s.web.servlet.DispatcherServlet] - Detected org.springframework.web.servlet.support.SessionFlashMapManager@73277c5f
2025-05-29 00:30:52 [http-nio-8080-exec-2] DEBUG [o.s.web.servlet.DispatcherServlet] - enableLoggingRequestDetails='false': request parameters and headers will be masked to prevent unsafe logging of potentially sensitive data
2025-05-29 00:30:52 [http-nio-8080-exec-2] INFO  [o.s.web.servlet.DispatcherServlet] - Completed initialization in 2 ms
2025-05-29 00:30:52 [http-nio-8080-exec-2] DEBUG [o.s.web.servlet.DispatcherServlet] - GET "/api/voters/register", parameters={}
2025-05-29 00:30:52 [http-nio-8080-exec-2] DEBUG [o.s.w.s.m.m.a.ExceptionHandlerExceptionResolver] - Using @ExceptionHandler com.aditya.exception.GlobalExceptionHandler#handleGeneralException(Exception)
2025-05-29 00:30:52 [http-nio-8080-exec-2] ERROR [c.a.exception.GlobalExceptionHandler] - Unexpected error occurred
org.springframework.web.HttpRequestMethodNotSupportedException: Request method 'GET' is not supported
	at org.springframework.web.servlet.mvc.method.RequestMappingInfoHandlerMapping.handleNoMatch(RequestMappingInfoHandlerMapping.java:267)
	at org.springframework.web.servlet.handler.AbstractHandlerMethodMapping.lookupHandlerMethod(AbstractHandlerMethodMapping.java:441)
	at org.springframework.web.servlet.handler.AbstractHandlerMethodMapping.getHandlerInternal(AbstractHandlerMethodMapping.java:382)
	at org.springframework.web.servlet.mvc.method.RequestMappingInfoHandlerMapping.getHandlerInternal(RequestMappingInfoHandlerMapping.java:127)
	at org.springframework.web.servlet.mvc.method.RequestMappingInfoHandlerMapping.getHandlerInternal(RequestMappingInfoHandlerMapping.java:68)
	at org.springframework.web.servlet.handler.AbstractHandlerMapping.getHandler(AbstractHandlerMapping.java:509)
	at org.springframework.web.servlet.DispatcherServlet.getHandler(DispatcherServlet.java:1284)
	at org.springframework.web.servlet.DispatcherServlet.doDispatch(DispatcherServlet.java:1065)
	at org.springframework.web.servlet.DispatcherServlet.doService(DispatcherServlet.java:979)
	at org.springframework.web.servlet.FrameworkServlet.processRequest(FrameworkServlet.java:1014)
	at org.springframework.web.servlet.FrameworkServlet.doGet(FrameworkServlet.java:903)
	at jakarta.servlet.http.HttpServlet.service(HttpServlet.java:564)
	at org.springframework.web.servlet.FrameworkServlet.service(FrameworkServlet.java:885)
	at jakarta.servlet.http.HttpServlet.service(HttpServlet.java:658)
	at org.apache.catalina.core.ApplicationFilterChain.internalDoFilter(ApplicationFilterChain.java:195)
	at org.apache.catalina.core.ApplicationFilterChain.doFilter(ApplicationFilterChain.java:140)
	at org.apache.tomcat.websocket.server.WsFilter.doFilter(WsFilter.java:51)
	at org.apache.catalina.core.ApplicationFilterChain.internalDoFilter(ApplicationFilterChain.java:164)
	at org.apache.catalina.core.ApplicationFilterChain.doFilter(ApplicationFilterChain.java:140)
	at org.springframework.web.filter.RequestContextFilter.doFilterInternal(RequestContextFilter.java:100)
	at org.springframework.web.filter.OncePerRequestFilter.doFilter(OncePerRequestFilter.java:116)
	at org.apache.catalina.core.ApplicationFilterChain.internalDoFilter(ApplicationFilterChain.java:164)
	at org.apache.catalina.core.ApplicationFilterChain.doFilter(ApplicationFilterChain.java:140)
	at org.springframework.web.filter.FormContentFilter.doFilterInternal(FormContentFilter.java:93)
	at org.springframework.web.filter.OncePerRequestFilter.doFilter(OncePerRequestFilter.java:116)
	at org.apache.catalina.core.ApplicationFilterChain.internalDoFilter(ApplicationFilterChain.java:164)
	at org.apache.catalina.core.ApplicationFilterChain.doFilter(ApplicationFilterChain.java:140)
	at org.springframework.web.filter.CharacterEncodingFilter.doFilterInternal(CharacterEncodingFilter.java:201)
	at org.springframework.web.filter.OncePerRequestFilter.doFilter(OncePerRequestFilter.java:116)
	at org.apache.catalina.core.ApplicationFilterChain.internalDoFilter(ApplicationFilterChain.java:164)
	at org.apache.catalina.core.ApplicationFilterChain.doFilter(ApplicationFilterChain.java:140)
	at org.apache.catalina.core.StandardWrapperValve.invoke(StandardWrapperValve.java:167)
	at org.apache.catalina.core.StandardContextValve.invoke(StandardContextValve.java:90)
	at org.apache.catalina.authenticator.AuthenticatorBase.invoke(AuthenticatorBase.java:483)
	at org.apache.catalina.core.StandardHostValve.invoke(StandardHostValve.java:116)
	at org.apache.catalina.valves.ErrorReportValve.invoke(ErrorReportValve.java:93)
	at org.apache.catalina.core.StandardEngineValve.invoke(StandardEngineValve.java:74)
	at org.apache.catalina.connector.CoyoteAdapter.service(CoyoteAdapter.java:344)
	at org.apache.coyote.http11.Http11Processor.service(Http11Processor.java:398)
	at org.apache.coyote.AbstractProcessorLight.process(AbstractProcessorLight.java:63)
	at org.apache.coyote.AbstractProtocol$ConnectionHandler.process(AbstractProtocol.java:903)
	at org.apache.tomcat.util.net.NioEndpoint$SocketProcessor.doRun(NioEndpoint.java:1740)
	at org.apache.tomcat.util.net.SocketProcessorBase.run(SocketProcessorBase.java:52)
	at org.apache.tomcat.util.threads.ThreadPoolExecutor.runWorker(ThreadPoolExecutor.java:1189)
	at org.apache.tomcat.util.threads.ThreadPoolExecutor$Worker.run(ThreadPoolExecutor.java:658)
	at org.apache.tomcat.util.threads.TaskThread$WrappingRunnable.run(TaskThread.java:63)
	at java.base/java.lang.Thread.run(Thread.java:1583)
2025-05-29 00:30:52 [http-nio-8080-exec-2] DEBUG [o.s.w.s.m.m.a.HttpEntityMethodProcessor] - Using 'application/json', given [*/*] and supported [application/json, application/*+json]
2025-05-29 00:30:52 [http-nio-8080-exec-2] DEBUG [o.s.w.s.m.m.a.HttpEntityMethodProcessor] - Writing [ErrorResponse(statusCode=500, message=Request method 'GET' is not supported)]
2025-05-29 00:30:52 [http-nio-8080-exec-2] WARN  [o.s.w.s.m.m.a.ExceptionHandlerExceptionResolver] - Resolved [org.springframework.web.HttpRequestMethodNotSupportedException: Request method 'GET' is not supported]
2025-05-29 00:30:52 [http-nio-8080-exec-2] DEBUG [o.s.web.servlet.DispatcherServlet] - Completed 500 INTERNAL_SERVER_ERROR
2025-05-29 00:38:08 [File Watcher] INFO  [o.s.b.d.a.LocalDevToolsAutoConfiguration$RestartingClassPathChangeChangedEventListener] - Restarting due to 1 class path change (0 additions, 0 deletions, 1 modification)
2025-05-29 00:38:08 [Thread-19] INFO  [o.s.b.w.e.tomcat.GracefulShutdown] - Commencing graceful shutdown. Waiting for active requests to complete
2025-05-29 00:38:08 [tomcat-shutdown] INFO  [o.a.coyote.http11.Http11NioProtocol] - Pausing ProtocolHandler ["http-nio-8080"]
2025-05-29 00:38:08 [tomcat-shutdown] INFO  [o.s.b.w.e.tomcat.GracefulShutdown] - Graceful shutdown complete
2025-05-29 00:38:08 [Thread-19] INFO  [o.a.coyote.http11.Http11NioProtocol] - Stopping ProtocolHandler ["http-nio-8080"]
2025-05-29 00:38:08 [Thread-19] INFO  [o.s.o.j.LocalContainerEntityManagerFactoryBean] - Closing JPA EntityManagerFactory for persistence unit 'default'
2025-05-29 00:38:08 [Thread-19] INFO  [com.zaxxer.hikari.HikariDataSource] - HikariPool-5 - Shutdown initiated...
2025-05-29 00:38:08 [Thread-19] INFO  [com.zaxxer.hikari.HikariDataSource] - HikariPool-5 - Shutdown completed.
2025-05-29 00:38:09 [restartedMain] INFO  [com.aditya.VotezyApplication] - Starting VotezyApplication using Java 21.0.4 with PID 4464 (D:\Code-Practice\Spring-STS\votezy\target\classes started by Aditya-Mehta in D:\Code-Practice\Spring-STS\votezy)
2025-05-29 00:38:09 [restartedMain] INFO  [com.aditya.VotezyApplication] - No active profile set, falling back to 1 default profile: "default"
2025-05-29 00:38:09 [restartedMain] INFO  [o.s.d.r.c.RepositoryConfigurationDelegate] - Bootstrapping Spring Data JPA repositories in DEFAULT mode.
2025-05-29 00:38:09 [restartedMain] INFO  [o.s.d.r.c.RepositoryConfigurationDelegate] - Finished Spring Data repository scanning in 22 ms. Found 4 JPA repository interfaces.
2025-05-29 00:38:09 [restartedMain] INFO  [o.s.b.w.e.tomcat.TomcatWebServer] - Tomcat initialized with port 8080 (http)
2025-05-29 00:38:09 [restartedMain] INFO  [o.a.coyote.http11.Http11NioProtocol] - Initializing ProtocolHandler ["http-nio-8080"]
2025-05-29 00:38:09 [restartedMain] INFO  [o.a.catalina.core.StandardService] - Starting service [Tomcat]
2025-05-29 00:38:09 [restartedMain] INFO  [o.a.catalina.core.StandardEngine] - Starting Servlet engine: [Apache Tomcat/10.1.40]
2025-05-29 00:38:09 [restartedMain] INFO  [o.a.c.c.C.[Tomcat].[localhost].[/]] - Initializing Spring embedded WebApplicationContext
2025-05-29 00:38:09 [restartedMain] INFO  [o.s.b.w.s.c.ServletWebServerApplicationContext] - Root WebApplicationContext: initialization completed in 493 ms
2025-05-29 00:38:09 [restartedMain] INFO  [o.h.jpa.internal.util.LogHelper] - HHH000204: Processing PersistenceUnitInfo [name: default]
2025-05-29 00:38:09 [restartedMain] INFO  [o.h.c.i.RegionFactoryInitiator] - HHH000026: Second-level cache disabled
2025-05-29 00:38:09 [restartedMain] INFO  [o.s.o.j.p.SpringPersistenceUnitInfo] - No LoadTimeWeaver setup: ignoring JPA class transformer
2025-05-29 00:38:09 [restartedMain] INFO  [com.zaxxer.hikari.HikariDataSource] - HikariPool-6 - Starting...
2025-05-29 00:38:09 [restartedMain] INFO  [com.zaxxer.hikari.pool.HikariPool] - HikariPool-6 - Added connection com.mysql.cj.jdbc.ConnectionImpl@23757392
2025-05-29 00:38:09 [restartedMain] INFO  [com.zaxxer.hikari.HikariDataSource] - HikariPool-6 - Start completed.
2025-05-29 00:38:09 [restartedMain] WARN  [org.hibernate.orm.deprecation] - HHH90000025: MySQLDialect does not need to be specified explicitly using 'hibernate.dialect' (remove the property setting and it will be selected by default)
2025-05-29 00:38:09 [restartedMain] INFO  [o.hibernate.orm.connections.pooling] - HHH10001005: Database info:
	Database JDBC URL [Connecting through datasource 'HikariDataSource (HikariPool-6)']
	Database driver: undefined/unknown
	Database version: 8.0.41
	Autocommit mode: undefined/unknown
	Isolation level: undefined/unknown
	Minimum pool size: undefined/unknown
	Maximum pool size: undefined/unknown
2025-05-29 00:38:09 [restartedMain] INFO  [o.h.e.t.j.p.i.JtaPlatformInitiator] - HHH000489: No JTA platform available (set 'hibernate.transaction.jta.platform' to enable JTA platform integration)
2025-05-29 00:38:09 [restartedMain] INFO  [o.s.o.j.LocalContainerEntityManagerFactoryBean] - Initialized JPA EntityManagerFactory for persistence unit 'default'
2025-05-29 00:38:10 [restartedMain] WARN  [o.s.b.a.o.j.JpaBaseConfiguration$JpaWebConfiguration] - spring.jpa.open-in-view is enabled by default. Therefore, database queries may be performed during view rendering. Explicitly configure spring.jpa.open-in-view to disable this warning
2025-05-29 00:38:10 [restartedMain] DEBUG [o.s.w.s.m.m.a.RequestMappingHandlerMapping] - 4 mappings in 'requestMappingHandlerMapping'
2025-05-29 00:38:10 [restartedMain] DEBUG [o.s.w.s.h.SimpleUrlHandlerMapping] - Patterns [/webjars/**, /**] in 'resourceHandlerMapping'
2025-05-29 00:38:10 [restartedMain] DEBUG [o.s.w.s.m.m.a.RequestMappingHandlerAdapter] - ControllerAdvice beans: 0 @ModelAttribute, 0 @InitBinder, 1 RequestBodyAdvice, 1 ResponseBodyAdvice
2025-05-29 00:38:10 [restartedMain] DEBUG [o.s.w.s.m.m.a.ExceptionHandlerExceptionResolver] - ControllerAdvice beans: 1 @ExceptionHandler, 1 ResponseBodyAdvice
2025-05-29 00:38:10 [restartedMain] INFO  [o.s.b.d.a.OptionalLiveReloadServer] - LiveReload server is running on port 35729
2025-05-29 00:38:10 [restartedMain] INFO  [o.a.coyote.http11.Http11NioProtocol] - Starting ProtocolHandler ["http-nio-8080"]
2025-05-29 00:38:10 [restartedMain] INFO  [o.s.b.w.e.tomcat.TomcatWebServer] - Tomcat started on port 8080 (http) with context path '/'
2025-05-29 00:38:10 [restartedMain] INFO  [com.aditya.VotezyApplication] - Started VotezyApplication in 1.35 seconds (process running for 6507.432)
2025-05-29 00:38:10 [restartedMain] INFO  [o.s.b.d.a.ConditionEvaluationDeltaLoggingListener] - Condition evaluation unchanged
2025-05-29 00:39:09 [File Watcher] INFO  [o.s.b.d.a.LocalDevToolsAutoConfiguration$RestartingClassPathChangeChangedEventListener] - Restarting due to 1 class path change (0 additions, 0 deletions, 1 modification)
2025-05-29 00:39:09 [Thread-23] INFO  [o.s.b.w.e.tomcat.GracefulShutdown] - Commencing graceful shutdown. Waiting for active requests to complete
2025-05-29 00:39:09 [tomcat-shutdown] INFO  [o.a.coyote.http11.Http11NioProtocol] - Pausing ProtocolHandler ["http-nio-8080"]
2025-05-29 00:39:09 [tomcat-shutdown] INFO  [o.s.b.w.e.tomcat.GracefulShutdown] - Graceful shutdown complete
2025-05-29 00:39:09 [Thread-23] INFO  [o.a.coyote.http11.Http11NioProtocol] - Stopping ProtocolHandler ["http-nio-8080"]
2025-05-29 00:39:09 [Thread-23] INFO  [o.s.o.j.LocalContainerEntityManagerFactoryBean] - Closing JPA EntityManagerFactory for persistence unit 'default'
2025-05-29 00:39:09 [Thread-23] INFO  [com.zaxxer.hikari.HikariDataSource] - HikariPool-6 - Shutdown initiated...
2025-05-29 00:39:09 [Thread-23] INFO  [com.zaxxer.hikari.HikariDataSource] - HikariPool-6 - Shutdown completed.
2025-05-29 00:39:09 [restartedMain] INFO  [com.aditya.VotezyApplication] - Starting VotezyApplication using Java 21.0.4 with PID 4464 (D:\Code-Practice\Spring-STS\votezy\target\classes started by Aditya-Mehta in D:\Code-Practice\Spring-STS\votezy)
2025-05-29 00:39:09 [restartedMain] INFO  [com.aditya.VotezyApplication] - No active profile set, falling back to 1 default profile: "default"
2025-05-29 00:39:10 [restartedMain] INFO  [o.s.d.r.c.RepositoryConfigurationDelegate] - Bootstrapping Spring Data JPA repositories in DEFAULT mode.
2025-05-29 00:39:10 [restartedMain] INFO  [o.s.d.r.c.RepositoryConfigurationDelegate] - Finished Spring Data repository scanning in 14 ms. Found 4 JPA repository interfaces.
2025-05-29 00:39:10 [restartedMain] INFO  [o.s.b.w.e.tomcat.TomcatWebServer] - Tomcat initialized with port 8080 (http)
2025-05-29 00:39:10 [restartedMain] INFO  [o.a.coyote.http11.Http11NioProtocol] - Initializing ProtocolHandler ["http-nio-8080"]
2025-05-29 00:39:10 [restartedMain] INFO  [o.a.catalina.core.StandardService] - Starting service [Tomcat]
2025-05-29 00:39:10 [restartedMain] INFO  [o.a.catalina.core.StandardEngine] - Starting Servlet engine: [Apache Tomcat/10.1.40]
2025-05-29 00:39:10 [restartedMain] INFO  [o.a.c.c.C.[Tomcat].[localhost].[/]] - Initializing Spring embedded WebApplicationContext
2025-05-29 00:39:10 [restartedMain] INFO  [o.s.b.w.s.c.ServletWebServerApplicationContext] - Root WebApplicationContext: initialization completed in 350 ms
2025-05-29 00:39:10 [restartedMain] INFO  [o.h.jpa.internal.util.LogHelper] - HHH000204: Processing PersistenceUnitInfo [name: default]
2025-05-29 00:39:10 [restartedMain] INFO  [o.h.c.i.RegionFactoryInitiator] - HHH000026: Second-level cache disabled
2025-05-29 00:39:10 [restartedMain] INFO  [o.s.o.j.p.SpringPersistenceUnitInfo] - No LoadTimeWeaver setup: ignoring JPA class transformer
2025-05-29 00:39:10 [restartedMain] INFO  [com.zaxxer.hikari.HikariDataSource] - HikariPool-7 - Starting...
2025-05-29 00:39:10 [restartedMain] INFO  [com.zaxxer.hikari.pool.HikariPool] - HikariPool-7 - Added connection com.mysql.cj.jdbc.ConnectionImpl@7c4348b3
2025-05-29 00:39:10 [restartedMain] INFO  [com.zaxxer.hikari.HikariDataSource] - HikariPool-7 - Start completed.
2025-05-29 00:39:10 [restartedMain] WARN  [org.hibernate.orm.deprecation] - HHH90000025: MySQLDialect does not need to be specified explicitly using 'hibernate.dialect' (remove the property setting and it will be selected by default)
2025-05-29 00:39:10 [restartedMain] INFO  [o.hibernate.orm.connections.pooling] - HHH10001005: Database info:
	Database JDBC URL [Connecting through datasource 'HikariDataSource (HikariPool-7)']
	Database driver: undefined/unknown
	Database version: 8.0.41
	Autocommit mode: undefined/unknown
	Isolation level: undefined/unknown
	Minimum pool size: undefined/unknown
	Maximum pool size: undefined/unknown
2025-05-29 00:39:10 [restartedMain] INFO  [o.h.e.t.j.p.i.JtaPlatformInitiator] - HHH000489: No JTA platform available (set 'hibernate.transaction.jta.platform' to enable JTA platform integration)
2025-05-29 00:39:10 [restartedMain] INFO  [o.s.o.j.LocalContainerEntityManagerFactoryBean] - Initialized JPA EntityManagerFactory for persistence unit 'default'
2025-05-29 00:39:10 [restartedMain] WARN  [o.s.b.a.o.j.JpaBaseConfiguration$JpaWebConfiguration] - spring.jpa.open-in-view is enabled by default. Therefore, database queries may be performed during view rendering. Explicitly configure spring.jpa.open-in-view to disable this warning
2025-05-29 00:39:10 [restartedMain] DEBUG [o.s.w.s.m.m.a.RequestMappingHandlerMapping] - 4 mappings in 'requestMappingHandlerMapping'
2025-05-29 00:39:10 [restartedMain] DEBUG [o.s.w.s.h.SimpleUrlHandlerMapping] - Patterns [/webjars/**, /**] in 'resourceHandlerMapping'
2025-05-29 00:39:10 [restartedMain] DEBUG [o.s.w.s.m.m.a.RequestMappingHandlerAdapter] - ControllerAdvice beans: 0 @ModelAttribute, 0 @InitBinder, 1 RequestBodyAdvice, 1 ResponseBodyAdvice
2025-05-29 00:39:10 [restartedMain] DEBUG [o.s.w.s.m.m.a.ExceptionHandlerExceptionResolver] - ControllerAdvice beans: 1 @ExceptionHandler, 1 ResponseBodyAdvice
2025-05-29 00:39:10 [restartedMain] INFO  [o.s.b.d.a.OptionalLiveReloadServer] - LiveReload server is running on port 35729
2025-05-29 00:39:10 [restartedMain] INFO  [o.a.coyote.http11.Http11NioProtocol] - Starting ProtocolHandler ["http-nio-8080"]
2025-05-29 00:39:10 [restartedMain] INFO  [o.s.b.w.e.tomcat.TomcatWebServer] - Tomcat started on port 8080 (http) with context path '/'
2025-05-29 00:39:10 [restartedMain] INFO  [com.aditya.VotezyApplication] - Started VotezyApplication in 0.845 seconds (process running for 6567.745)
2025-05-29 00:39:10 [restartedMain] INFO  [o.s.b.d.a.ConditionEvaluationDeltaLoggingListener] - Condition evaluation unchanged
2025-05-29 00:41:10 [File Watcher] INFO  [o.s.b.d.a.LocalDevToolsAutoConfiguration$RestartingClassPathChangeChangedEventListener] - Restarting due to 1 class path change (0 additions, 0 deletions, 1 modification)
2025-05-29 00:41:10 [Thread-27] INFO  [o.s.b.w.e.tomcat.GracefulShutdown] - Commencing graceful shutdown. Waiting for active requests to complete
2025-05-29 00:41:10 [tomcat-shutdown] INFO  [o.a.coyote.http11.Http11NioProtocol] - Pausing ProtocolHandler ["http-nio-8080"]
2025-05-29 00:41:10 [tomcat-shutdown] INFO  [o.s.b.w.e.tomcat.GracefulShutdown] - Graceful shutdown complete
2025-05-29 00:41:10 [Thread-27] INFO  [o.a.coyote.http11.Http11NioProtocol] - Stopping ProtocolHandler ["http-nio-8080"]
2025-05-29 00:41:10 [Thread-27] INFO  [o.s.o.j.LocalContainerEntityManagerFactoryBean] - Closing JPA EntityManagerFactory for persistence unit 'default'
2025-05-29 00:41:10 [Thread-27] INFO  [com.zaxxer.hikari.HikariDataSource] - HikariPool-7 - Shutdown initiated...
2025-05-29 00:41:10 [Thread-27] INFO  [com.zaxxer.hikari.HikariDataSource] - HikariPool-7 - Shutdown completed.
2025-05-29 00:41:10 [restartedMain] INFO  [com.aditya.VotezyApplication] - Starting VotezyApplication using Java 21.0.4 with PID 4464 (D:\Code-Practice\Spring-STS\votezy\target\classes started by Aditya-Mehta in D:\Code-Practice\Spring-STS\votezy)
2025-05-29 00:41:10 [restartedMain] INFO  [com.aditya.VotezyApplication] - No active profile set, falling back to 1 default profile: "default"
2025-05-29 00:41:10 [restartedMain] INFO  [o.s.d.r.c.RepositoryConfigurationDelegate] - Bootstrapping Spring Data JPA repositories in DEFAULT mode.
2025-05-29 00:41:10 [restartedMain] INFO  [o.s.d.r.c.RepositoryConfigurationDelegate] - Finished Spring Data repository scanning in 9 ms. Found 4 JPA repository interfaces.
2025-05-29 00:41:10 [restartedMain] INFO  [o.s.b.w.e.tomcat.TomcatWebServer] - Tomcat initialized with port 8080 (http)
2025-05-29 00:41:10 [restartedMain] INFO  [o.a.coyote.http11.Http11NioProtocol] - Initializing ProtocolHandler ["http-nio-8080"]
2025-05-29 00:41:10 [restartedMain] INFO  [o.a.catalina.core.StandardService] - Starting service [Tomcat]
2025-05-29 00:41:10 [restartedMain] INFO  [o.a.catalina.core.StandardEngine] - Starting Servlet engine: [Apache Tomcat/10.1.40]
2025-05-29 00:41:10 [restartedMain] INFO  [o.a.c.c.C.[Tomcat].[localhost].[/]] - Initializing Spring embedded WebApplicationContext
2025-05-29 00:41:10 [restartedMain] INFO  [o.s.b.w.s.c.ServletWebServerApplicationContext] - Root WebApplicationContext: initialization completed in 248 ms
2025-05-29 00:41:10 [restartedMain] INFO  [o.h.jpa.internal.util.LogHelper] - HHH000204: Processing PersistenceUnitInfo [name: default]
2025-05-29 00:41:10 [restartedMain] INFO  [o.h.c.i.RegionFactoryInitiator] - HHH000026: Second-level cache disabled
2025-05-29 00:41:10 [restartedMain] INFO  [o.s.o.j.p.SpringPersistenceUnitInfo] - No LoadTimeWeaver setup: ignoring JPA class transformer
2025-05-29 00:41:10 [restartedMain] INFO  [com.zaxxer.hikari.HikariDataSource] - HikariPool-8 - Starting...
2025-05-29 00:41:10 [restartedMain] INFO  [com.zaxxer.hikari.pool.HikariPool] - HikariPool-8 - Added connection com.mysql.cj.jdbc.ConnectionImpl@23d335b0
2025-05-29 00:41:10 [restartedMain] INFO  [com.zaxxer.hikari.HikariDataSource] - HikariPool-8 - Start completed.
2025-05-29 00:41:10 [restartedMain] WARN  [org.hibernate.orm.deprecation] - HHH90000025: MySQLDialect does not need to be specified explicitly using 'hibernate.dialect' (remove the property setting and it will be selected by default)
2025-05-29 00:41:10 [restartedMain] INFO  [o.hibernate.orm.connections.pooling] - HHH10001005: Database info:
	Database JDBC URL [Connecting through datasource 'HikariDataSource (HikariPool-8)']
	Database driver: undefined/unknown
	Database version: 8.0.41
	Autocommit mode: undefined/unknown
	Isolation level: undefined/unknown
	Minimum pool size: undefined/unknown
	Maximum pool size: undefined/unknown
2025-05-29 00:41:10 [restartedMain] INFO  [o.h.e.t.j.p.i.JtaPlatformInitiator] - HHH000489: No JTA platform available (set 'hibernate.transaction.jta.platform' to enable JTA platform integration)
2025-05-29 00:41:10 [restartedMain] INFO  [o.s.o.j.LocalContainerEntityManagerFactoryBean] - Initialized JPA EntityManagerFactory for persistence unit 'default'
2025-05-29 00:41:10 [restartedMain] WARN  [o.s.b.a.o.j.JpaBaseConfiguration$JpaWebConfiguration] - spring.jpa.open-in-view is enabled by default. Therefore, database queries may be performed during view rendering. Explicitly configure spring.jpa.open-in-view to disable this warning
2025-05-29 00:41:10 [restartedMain] DEBUG [o.s.w.s.m.m.a.RequestMappingHandlerMapping] - 5 mappings in 'requestMappingHandlerMapping'
2025-05-29 00:41:11 [restartedMain] DEBUG [o.s.w.s.h.SimpleUrlHandlerMapping] - Patterns [/webjars/**, /**] in 'resourceHandlerMapping'
2025-05-29 00:41:11 [restartedMain] DEBUG [o.s.w.s.m.m.a.RequestMappingHandlerAdapter] - ControllerAdvice beans: 0 @ModelAttribute, 0 @InitBinder, 1 RequestBodyAdvice, 1 ResponseBodyAdvice
2025-05-29 00:41:11 [restartedMain] DEBUG [o.s.w.s.m.m.a.ExceptionHandlerExceptionResolver] - ControllerAdvice beans: 1 @ExceptionHandler, 1 ResponseBodyAdvice
2025-05-29 00:41:11 [restartedMain] INFO  [o.s.b.d.a.OptionalLiveReloadServer] - LiveReload server is running on port 35729
2025-05-29 00:41:11 [restartedMain] INFO  [o.a.coyote.http11.Http11NioProtocol] - Starting ProtocolHandler ["http-nio-8080"]
2025-05-29 00:41:11 [restartedMain] INFO  [o.s.b.w.e.tomcat.TomcatWebServer] - Tomcat started on port 8080 (http) with context path '/'
2025-05-29 00:41:11 [restartedMain] INFO  [com.aditya.VotezyApplication] - Started VotezyApplication in 0.749 seconds (process running for 6688.21)
2025-05-29 00:41:11 [restartedMain] INFO  [o.s.b.d.a.ConditionEvaluationDeltaLoggingListener] - Condition evaluation unchanged
2025-05-29 00:41:22 [http-nio-8080-exec-3] INFO  [o.a.c.c.C.[Tomcat].[localhost].[/]] - Initializing Spring DispatcherServlet 'dispatcherServlet'
2025-05-29 00:41:22 [http-nio-8080-exec-3] INFO  [o.s.web.servlet.DispatcherServlet] - Initializing Servlet 'dispatcherServlet'
2025-05-29 00:41:22 [http-nio-8080-exec-3] DEBUG [o.s.web.servlet.DispatcherServlet] - Detected StandardServletMultipartResolver
2025-05-29 00:41:22 [http-nio-8080-exec-3] DEBUG [o.s.web.servlet.DispatcherServlet] - Detected AcceptHeaderLocaleResolver
2025-05-29 00:41:22 [http-nio-8080-exec-3] DEBUG [o.s.web.servlet.DispatcherServlet] - Detected FixedThemeResolver
2025-05-29 00:41:22 [http-nio-8080-exec-3] DEBUG [o.s.web.servlet.DispatcherServlet] - Detected org.springframework.web.servlet.view.DefaultRequestToViewNameTranslator@6ecdee8
2025-05-29 00:41:22 [http-nio-8080-exec-3] DEBUG [o.s.web.servlet.DispatcherServlet] - Detected org.springframework.web.servlet.support.SessionFlashMapManager@5c5a6814
2025-05-29 00:41:22 [http-nio-8080-exec-3] DEBUG [o.s.web.servlet.DispatcherServlet] - enableLoggingRequestDetails='false': request parameters and headers will be masked to prevent unsafe logging of potentially sensitive data
2025-05-29 00:41:22 [http-nio-8080-exec-3] INFO  [o.s.web.servlet.DispatcherServlet] - Completed initialization in 1 ms
2025-05-29 00:41:22 [http-nio-8080-exec-3] DEBUG [o.s.web.servlet.DispatcherServlet] - GET "/api/voters/1", parameters={}
2025-05-29 00:41:22 [http-nio-8080-exec-3] DEBUG [o.s.w.s.m.m.a.RequestMappingHandlerMapping] - Mapped to com.aditya.controller.VoterController#getVoterById(Long)
2025-05-29 00:41:22 [http-nio-8080-exec-3] DEBUG [org.hibernate.SQL] - select v1_0.id,v1_0.email,v1_0.has_voted,v1_0.name,v2_0.id,c1_0.id,c1_0.email,c1_0.name,c1_0.party_name,c1_0.voter_img,c1_0.vote_count,v1_0.voter_img from voter v1_0 left join vote v2_0 on v1_0.id=v2_0.candidate_id left join candidate c1_0 on c1_0.id=v2_0.voter_id where v1_0.id=?
2025-05-29 00:41:22 [http-nio-8080-exec-3] INFO  [com.aditya.service.VoterService] - Voter ID 1 fetched successfully.
2025-05-29 00:41:22 [http-nio-8080-exec-3] DEBUG [o.s.w.s.m.m.a.HttpEntityMethodProcessor] - Using 'application/json', given [*/*] and supported [application/json, application/*+json]
2025-05-29 00:41:22 [http-nio-8080-exec-3] DEBUG [o.s.w.s.m.m.a.HttpEntityMethodProcessor] - Writing [Voter(id=1, name=aditya mehta, email=adityamehta242@gmail.com, has_voted=false, voterImg=null, vote= (truncated)...]
2025-05-29 00:41:22 [http-nio-8080-exec-3] DEBUG [o.s.web.servlet.DispatcherServlet] - Completed 200 OK
2025-05-29 00:41:46 [http-nio-8080-exec-2] DEBUG [o.s.web.servlet.DispatcherServlet] - GET "/api/voters/", parameters={}
2025-05-29 00:41:46 [http-nio-8080-exec-2] DEBUG [o.s.w.s.h.SimpleUrlHandlerMapping] - Mapped to ResourceHttpRequestHandler [classpath [META-INF/resources/], classpath [resources/], classpath [static/], classpath [public/], ServletContext [/]]
2025-05-29 00:41:46 [http-nio-8080-exec-2] DEBUG [o.s.w.s.r.ResourceHttpRequestHandler] - Resource not found
2025-05-29 00:41:46 [http-nio-8080-exec-2] DEBUG [o.s.w.s.m.m.a.ExceptionHandlerExceptionResolver] - Using @ExceptionHandler com.aditya.exception.GlobalExceptionHandler#handleGeneralException(Exception)
2025-05-29 00:41:46 [http-nio-8080-exec-2] ERROR [c.a.exception.GlobalExceptionHandler] - Unexpected error occurred
org.springframework.web.servlet.resource.NoResourceFoundException: No static resource api/voters.
	at org.springframework.web.servlet.resource.ResourceHttpRequestHandler.handleRequest(ResourceHttpRequestHandler.java:585)
	at org.springframework.web.servlet.mvc.HttpRequestHandlerAdapter.handle(HttpRequestHandlerAdapter.java:52)
	at org.springframework.web.servlet.DispatcherServlet.doDispatch(DispatcherServlet.java:1089)
	at org.springframework.web.servlet.DispatcherServlet.doService(DispatcherServlet.java:979)
	at org.springframework.web.servlet.FrameworkServlet.processRequest(FrameworkServlet.java:1014)
	at org.springframework.web.servlet.FrameworkServlet.doGet(FrameworkServlet.java:903)
	at jakarta.servlet.http.HttpServlet.service(HttpServlet.java:564)
	at org.springframework.web.servlet.FrameworkServlet.service(FrameworkServlet.java:885)
	at jakarta.servlet.http.HttpServlet.service(HttpServlet.java:658)
	at org.apache.catalina.core.ApplicationFilterChain.internalDoFilter(ApplicationFilterChain.java:195)
	at org.apache.catalina.core.ApplicationFilterChain.doFilter(ApplicationFilterChain.java:140)
	at org.apache.tomcat.websocket.server.WsFilter.doFilter(WsFilter.java:51)
	at org.apache.catalina.core.ApplicationFilterChain.internalDoFilter(ApplicationFilterChain.java:164)
	at org.apache.catalina.core.ApplicationFilterChain.doFilter(ApplicationFilterChain.java:140)
	at org.springframework.web.filter.RequestContextFilter.doFilterInternal(RequestContextFilter.java:100)
	at org.springframework.web.filter.OncePerRequestFilter.doFilter(OncePerRequestFilter.java:116)
	at org.apache.catalina.core.ApplicationFilterChain.internalDoFilter(ApplicationFilterChain.java:164)
	at org.apache.catalina.core.ApplicationFilterChain.doFilter(ApplicationFilterChain.java:140)
	at org.springframework.web.filter.FormContentFilter.doFilterInternal(FormContentFilter.java:93)
	at org.springframework.web.filter.OncePerRequestFilter.doFilter(OncePerRequestFilter.java:116)
	at org.apache.catalina.core.ApplicationFilterChain.internalDoFilter(ApplicationFilterChain.java:164)
	at org.apache.catalina.core.ApplicationFilterChain.doFilter(ApplicationFilterChain.java:140)
	at org.springframework.web.filter.CharacterEncodingFilter.doFilterInternal(CharacterEncodingFilter.java:201)
	at org.springframework.web.filter.OncePerRequestFilter.doFilter(OncePerRequestFilter.java:116)
	at org.apache.catalina.core.ApplicationFilterChain.internalDoFilter(ApplicationFilterChain.java:164)
	at org.apache.catalina.core.ApplicationFilterChain.doFilter(ApplicationFilterChain.java:140)
	at org.apache.catalina.core.StandardWrapperValve.invoke(StandardWrapperValve.java:167)
	at org.apache.catalina.core.StandardContextValve.invoke(StandardContextValve.java:90)
	at org.apache.catalina.authenticator.AuthenticatorBase.invoke(AuthenticatorBase.java:483)
	at org.apache.catalina.core.StandardHostValve.invoke(StandardHostValve.java:116)
	at org.apache.catalina.valves.ErrorReportValve.invoke(ErrorReportValve.java:93)
	at org.apache.catalina.core.StandardEngineValve.invoke(StandardEngineValve.java:74)
	at org.apache.catalina.connector.CoyoteAdapter.service(CoyoteAdapter.java:344)
	at org.apache.coyote.http11.Http11Processor.service(Http11Processor.java:398)
	at org.apache.coyote.AbstractProcessorLight.process(AbstractProcessorLight.java:63)
	at org.apache.coyote.AbstractProtocol$ConnectionHandler.process(AbstractProtocol.java:903)
	at org.apache.tomcat.util.net.NioEndpoint$SocketProcessor.doRun(NioEndpoint.java:1740)
	at org.apache.tomcat.util.net.SocketProcessorBase.run(SocketProcessorBase.java:52)
	at org.apache.tomcat.util.threads.ThreadPoolExecutor.runWorker(ThreadPoolExecutor.java:1189)
	at org.apache.tomcat.util.threads.ThreadPoolExecutor$Worker.run(ThreadPoolExecutor.java:658)
	at org.apache.tomcat.util.threads.TaskThread$WrappingRunnable.run(TaskThread.java:63)
	at java.base/java.lang.Thread.run(Thread.java:1583)
2025-05-29 00:41:46 [http-nio-8080-exec-2] DEBUG [o.s.w.s.m.m.a.HttpEntityMethodProcessor] - Using 'application/json', given [*/*] and supported [application/json, application/*+json]
2025-05-29 00:41:46 [http-nio-8080-exec-2] DEBUG [o.s.w.s.m.m.a.HttpEntityMethodProcessor] - Writing [ErrorResponse(statusCode=500, message=No static resource api/voters.)]
2025-05-29 00:41:46 [http-nio-8080-exec-2] WARN  [o.s.w.s.m.m.a.ExceptionHandlerExceptionResolver] - Resolved [org.springframework.web.servlet.resource.NoResourceFoundException: No static resource api/voters.]
2025-05-29 00:41:46 [http-nio-8080-exec-2] DEBUG [o.s.web.servlet.DispatcherServlet] - Completed 500 INTERNAL_SERVER_ERROR
2025-05-29 00:41:51 [http-nio-8080-exec-5] DEBUG [o.s.web.servlet.DispatcherServlet] - GET "/api/voters", parameters={}
2025-05-29 00:41:51 [http-nio-8080-exec-5] DEBUG [o.s.w.s.m.m.a.RequestMappingHandlerMapping] - Mapped to com.aditya.controller.VoterController#getAllVoter()
2025-05-29 00:41:51 [http-nio-8080-exec-5] INFO  [com.aditya.service.VoterService] - fetch all the resources.
2025-05-29 00:41:51 [http-nio-8080-exec-5] DEBUG [org.hibernate.SQL] - select v1_0.id,v1_0.email,v1_0.has_voted,v1_0.name,v1_0.voter_img from voter v1_0
2025-05-29 00:41:51 [http-nio-8080-exec-5] DEBUG [org.hibernate.SQL] - select v1_0.id,c1_0.id,c1_0.email,c1_0.name,c1_0.party_name,c1_0.voter_img,c1_0.vote_count,v2_0.id,v2_0.email,v2_0.has_voted,v2_0.name,v2_0.voter_img from vote v1_0 left join candidate c1_0 on c1_0.id=v1_0.voter_id left join voter v2_0 on v2_0.id=v1_0.candidate_id where v1_0.candidate_id=?
2025-05-29 00:41:51 [http-nio-8080-exec-5] DEBUG [org.hibernate.SQL] - select v1_0.id,c1_0.id,c1_0.email,c1_0.name,c1_0.party_name,c1_0.voter_img,c1_0.vote_count,v2_0.id,v2_0.email,v2_0.has_voted,v2_0.name,v2_0.voter_img from vote v1_0 left join candidate c1_0 on c1_0.id=v1_0.voter_id left join voter v2_0 on v2_0.id=v1_0.candidate_id where v1_0.candidate_id=?
2025-05-29 00:41:51 [http-nio-8080-exec-5] DEBUG [o.s.w.s.m.m.a.HttpEntityMethodProcessor] - Using 'application/json', given [*/*] and supported [application/json, application/*+json]
2025-05-29 00:41:51 [http-nio-8080-exec-5] DEBUG [o.s.w.s.m.m.a.HttpEntityMethodProcessor] - Writing [[Voter(id=1, name=aditya mehta, email=adityamehta242@gmail.com, has_voted=false, voterImg=null, vote (truncated)...]
2025-05-29 00:41:51 [http-nio-8080-exec-5] DEBUG [o.s.web.servlet.DispatcherServlet] - Completed 200 OK
2025-05-29 00:42:21 [http-nio-8080-exec-6] DEBUG [o.s.web.servlet.DispatcherServlet] - GET "/api/voters/", parameters={}
2025-05-29 00:42:21 [http-nio-8080-exec-6] DEBUG [o.s.w.s.h.SimpleUrlHandlerMapping] - Mapped to ResourceHttpRequestHandler [classpath [META-INF/resources/], classpath [resources/], classpath [static/], classpath [public/], ServletContext [/]]
2025-05-29 00:42:21 [http-nio-8080-exec-6] DEBUG [o.s.w.s.r.ResourceHttpRequestHandler] - Resource not found
2025-05-29 00:42:21 [http-nio-8080-exec-6] DEBUG [o.s.w.s.m.m.a.ExceptionHandlerExceptionResolver] - Using @ExceptionHandler com.aditya.exception.GlobalExceptionHandler#handleGeneralException(Exception)
2025-05-29 00:42:21 [http-nio-8080-exec-6] ERROR [c.a.exception.GlobalExceptionHandler] - Unexpected error occurred
org.springframework.web.servlet.resource.NoResourceFoundException: No static resource api/voters.
	at org.springframework.web.servlet.resource.ResourceHttpRequestHandler.handleRequest(ResourceHttpRequestHandler.java:585)
	at org.springframework.web.servlet.mvc.HttpRequestHandlerAdapter.handle(HttpRequestHandlerAdapter.java:52)
	at org.springframework.web.servlet.DispatcherServlet.doDispatch(DispatcherServlet.java:1089)
	at org.springframework.web.servlet.DispatcherServlet.doService(DispatcherServlet.java:979)
	at org.springframework.web.servlet.FrameworkServlet.processRequest(FrameworkServlet.java:1014)
	at org.springframework.web.servlet.FrameworkServlet.doGet(FrameworkServlet.java:903)
	at jakarta.servlet.http.HttpServlet.service(HttpServlet.java:564)
	at org.springframework.web.servlet.FrameworkServlet.service(FrameworkServlet.java:885)
	at jakarta.servlet.http.HttpServlet.service(HttpServlet.java:658)
	at org.apache.catalina.core.ApplicationFilterChain.internalDoFilter(ApplicationFilterChain.java:195)
	at org.apache.catalina.core.ApplicationFilterChain.doFilter(ApplicationFilterChain.java:140)
	at org.apache.tomcat.websocket.server.WsFilter.doFilter(WsFilter.java:51)
	at org.apache.catalina.core.ApplicationFilterChain.internalDoFilter(ApplicationFilterChain.java:164)
	at org.apache.catalina.core.ApplicationFilterChain.doFilter(ApplicationFilterChain.java:140)
	at org.springframework.web.filter.RequestContextFilter.doFilterInternal(RequestContextFilter.java:100)
	at org.springframework.web.filter.OncePerRequestFilter.doFilter(OncePerRequestFilter.java:116)
	at org.apache.catalina.core.ApplicationFilterChain.internalDoFilter(ApplicationFilterChain.java:164)
	at org.apache.catalina.core.ApplicationFilterChain.doFilter(ApplicationFilterChain.java:140)
	at org.springframework.web.filter.FormContentFilter.doFilterInternal(FormContentFilter.java:93)
	at org.springframework.web.filter.OncePerRequestFilter.doFilter(OncePerRequestFilter.java:116)
	at org.apache.catalina.core.ApplicationFilterChain.internalDoFilter(ApplicationFilterChain.java:164)
	at org.apache.catalina.core.ApplicationFilterChain.doFilter(ApplicationFilterChain.java:140)
	at org.springframework.web.filter.CharacterEncodingFilter.doFilterInternal(CharacterEncodingFilter.java:201)
	at org.springframework.web.filter.OncePerRequestFilter.doFilter(OncePerRequestFilter.java:116)
	at org.apache.catalina.core.ApplicationFilterChain.internalDoFilter(ApplicationFilterChain.java:164)
	at org.apache.catalina.core.ApplicationFilterChain.doFilter(ApplicationFilterChain.java:140)
	at org.apache.catalina.core.StandardWrapperValve.invoke(StandardWrapperValve.java:167)
	at org.apache.catalina.core.StandardContextValve.invoke(StandardContextValve.java:90)
	at org.apache.catalina.authenticator.AuthenticatorBase.invoke(AuthenticatorBase.java:483)
	at org.apache.catalina.core.StandardHostValve.invoke(StandardHostValve.java:116)
	at org.apache.catalina.valves.ErrorReportValve.invoke(ErrorReportValve.java:93)
	at org.apache.catalina.core.StandardEngineValve.invoke(StandardEngineValve.java:74)
	at org.apache.catalina.connector.CoyoteAdapter.service(CoyoteAdapter.java:344)
	at org.apache.coyote.http11.Http11Processor.service(Http11Processor.java:398)
	at org.apache.coyote.AbstractProcessorLight.process(AbstractProcessorLight.java:63)
	at org.apache.coyote.AbstractProtocol$ConnectionHandler.process(AbstractProtocol.java:903)
	at org.apache.tomcat.util.net.NioEndpoint$SocketProcessor.doRun(NioEndpoint.java:1740)
	at org.apache.tomcat.util.net.SocketProcessorBase.run(SocketProcessorBase.java:52)
	at org.apache.tomcat.util.threads.ThreadPoolExecutor.runWorker(ThreadPoolExecutor.java:1189)
	at org.apache.tomcat.util.threads.ThreadPoolExecutor$Worker.run(ThreadPoolExecutor.java:658)
	at org.apache.tomcat.util.threads.TaskThread$WrappingRunnable.run(TaskThread.java:63)
	at java.base/java.lang.Thread.run(Thread.java:1583)
2025-05-29 00:42:21 [http-nio-8080-exec-6] DEBUG [o.s.w.s.m.m.a.HttpEntityMethodProcessor] - Using 'application/json', given [*/*] and supported [application/json, application/*+json]
2025-05-29 00:42:21 [http-nio-8080-exec-6] DEBUG [o.s.w.s.m.m.a.HttpEntityMethodProcessor] - Writing [ErrorResponse(statusCode=500, message=No static resource api/voters.)]
2025-05-29 00:42:21 [http-nio-8080-exec-6] WARN  [o.s.w.s.m.m.a.ExceptionHandlerExceptionResolver] - Resolved [org.springframework.web.servlet.resource.NoResourceFoundException: No static resource api/voters.]
2025-05-29 00:42:21 [http-nio-8080-exec-6] DEBUG [o.s.web.servlet.DispatcherServlet] - Completed 500 INTERNAL_SERVER_ERROR
2025-05-29 00:42:26 [http-nio-8080-exec-8] DEBUG [o.s.web.servlet.DispatcherServlet] - GET "/api/voters", parameters={}
2025-05-29 00:42:26 [http-nio-8080-exec-8] DEBUG [o.s.w.s.m.m.a.RequestMappingHandlerMapping] - Mapped to com.aditya.controller.VoterController#getAllVoter()
2025-05-29 00:42:26 [http-nio-8080-exec-8] INFO  [com.aditya.service.VoterService] - fetch all the resources.
2025-05-29 00:42:26 [http-nio-8080-exec-8] DEBUG [org.hibernate.SQL] - select v1_0.id,v1_0.email,v1_0.has_voted,v1_0.name,v1_0.voter_img from voter v1_0
2025-05-29 00:42:26 [http-nio-8080-exec-8] DEBUG [org.hibernate.SQL] - select v1_0.id,c1_0.id,c1_0.email,c1_0.name,c1_0.party_name,c1_0.voter_img,c1_0.vote_count,v2_0.id,v2_0.email,v2_0.has_voted,v2_0.name,v2_0.voter_img from vote v1_0 left join candidate c1_0 on c1_0.id=v1_0.voter_id left join voter v2_0 on v2_0.id=v1_0.candidate_id where v1_0.candidate_id=?
2025-05-29 00:42:26 [http-nio-8080-exec-8] DEBUG [org.hibernate.SQL] - select v1_0.id,c1_0.id,c1_0.email,c1_0.name,c1_0.party_name,c1_0.voter_img,c1_0.vote_count,v2_0.id,v2_0.email,v2_0.has_voted,v2_0.name,v2_0.voter_img from vote v1_0 left join candidate c1_0 on c1_0.id=v1_0.voter_id left join voter v2_0 on v2_0.id=v1_0.candidate_id where v1_0.candidate_id=?
2025-05-29 00:42:26 [http-nio-8080-exec-8] DEBUG [o.s.w.s.m.m.a.HttpEntityMethodProcessor] - Using 'application/json', given [*/*] and supported [application/json, application/*+json]
2025-05-29 00:42:26 [http-nio-8080-exec-8] DEBUG [o.s.w.s.m.m.a.HttpEntityMethodProcessor] - Writing [[Voter(id=1, name=aditya mehta, email=adityamehta242@gmail.com, has_voted=false, voterImg=null, vote (truncated)...]
2025-05-29 00:42:26 [http-nio-8080-exec-8] DEBUG [o.s.web.servlet.DispatcherServlet] - Completed 200 OK
2025-05-29 00:43:47 [File Watcher] INFO  [o.s.b.d.a.LocalDevToolsAutoConfiguration$RestartingClassPathChangeChangedEventListener] - Restarting due to 1 class path change (0 additions, 0 deletions, 1 modification)
2025-05-29 00:43:47 [Thread-31] INFO  [o.s.b.w.e.tomcat.GracefulShutdown] - Commencing graceful shutdown. Waiting for active requests to complete
2025-05-29 00:43:47 [tomcat-shutdown] INFO  [o.a.coyote.http11.Http11NioProtocol] - Pausing ProtocolHandler ["http-nio-8080"]
2025-05-29 00:43:47 [tomcat-shutdown] INFO  [o.s.b.w.e.tomcat.GracefulShutdown] - Graceful shutdown complete
2025-05-29 00:43:47 [Thread-31] INFO  [o.a.coyote.http11.Http11NioProtocol] - Stopping ProtocolHandler ["http-nio-8080"]
2025-05-29 00:43:47 [Thread-31] INFO  [o.s.o.j.LocalContainerEntityManagerFactoryBean] - Closing JPA EntityManagerFactory for persistence unit 'default'
2025-05-29 00:43:47 [Thread-31] INFO  [com.zaxxer.hikari.HikariDataSource] - HikariPool-8 - Shutdown initiated...
2025-05-29 00:43:47 [Thread-31] INFO  [com.zaxxer.hikari.HikariDataSource] - HikariPool-8 - Shutdown completed.
2025-05-29 00:43:48 [restartedMain] INFO  [com.aditya.VotezyApplication] - Starting VotezyApplication using Java 21.0.4 with PID 4464 (D:\Code-Practice\Spring-STS\votezy\target\classes started by Aditya-Mehta in D:\Code-Practice\Spring-STS\votezy)
2025-05-29 00:43:48 [restartedMain] INFO  [com.aditya.VotezyApplication] - No active profile set, falling back to 1 default profile: "default"
2025-05-29 00:43:48 [restartedMain] INFO  [o.s.d.r.c.RepositoryConfigurationDelegate] - Bootstrapping Spring Data JPA repositories in DEFAULT mode.
2025-05-29 00:43:48 [restartedMain] INFO  [o.s.d.r.c.RepositoryConfigurationDelegate] - Finished Spring Data repository scanning in 9 ms. Found 4 JPA repository interfaces.
2025-05-29 00:43:48 [restartedMain] INFO  [o.s.b.w.e.tomcat.TomcatWebServer] - Tomcat initialized with port 8080 (http)
2025-05-29 00:43:48 [restartedMain] INFO  [o.a.coyote.http11.Http11NioProtocol] - Initializing ProtocolHandler ["http-nio-8080"]
2025-05-29 00:43:48 [restartedMain] INFO  [o.a.catalina.core.StandardService] - Starting service [Tomcat]
2025-05-29 00:43:48 [restartedMain] INFO  [o.a.catalina.core.StandardEngine] - Starting Servlet engine: [Apache Tomcat/10.1.40]
2025-05-29 00:43:48 [restartedMain] INFO  [o.a.c.c.C.[Tomcat].[localhost].[/]] - Initializing Spring embedded WebApplicationContext
2025-05-29 00:43:48 [restartedMain] INFO  [o.s.b.w.s.c.ServletWebServerApplicationContext] - Root WebApplicationContext: initialization completed in 239 ms
2025-05-29 00:43:48 [restartedMain] INFO  [o.h.jpa.internal.util.LogHelper] - HHH000204: Processing PersistenceUnitInfo [name: default]
2025-05-29 00:43:48 [restartedMain] INFO  [o.h.c.i.RegionFactoryInitiator] - HHH000026: Second-level cache disabled
2025-05-29 00:43:48 [restartedMain] INFO  [o.s.o.j.p.SpringPersistenceUnitInfo] - No LoadTimeWeaver setup: ignoring JPA class transformer
2025-05-29 00:43:48 [restartedMain] INFO  [com.zaxxer.hikari.HikariDataSource] - HikariPool-9 - Starting...
2025-05-29 00:43:48 [restartedMain] INFO  [com.zaxxer.hikari.pool.HikariPool] - HikariPool-9 - Added connection com.mysql.cj.jdbc.ConnectionImpl@6bf27f1e
2025-05-29 00:43:48 [restartedMain] INFO  [com.zaxxer.hikari.HikariDataSource] - HikariPool-9 - Start completed.
2025-05-29 00:43:48 [restartedMain] WARN  [org.hibernate.orm.deprecation] - HHH90000025: MySQLDialect does not need to be specified explicitly using 'hibernate.dialect' (remove the property setting and it will be selected by default)
2025-05-29 00:43:48 [restartedMain] INFO  [o.hibernate.orm.connections.pooling] - HHH10001005: Database info:
	Database JDBC URL [Connecting through datasource 'HikariDataSource (HikariPool-9)']
	Database driver: undefined/unknown
	Database version: 8.0.41
	Autocommit mode: undefined/unknown
	Isolation level: undefined/unknown
	Minimum pool size: undefined/unknown
	Maximum pool size: undefined/unknown
2025-05-29 00:43:48 [restartedMain] INFO  [o.h.e.t.j.p.i.JtaPlatformInitiator] - HHH000489: No JTA platform available (set 'hibernate.transaction.jta.platform' to enable JTA platform integration)
2025-05-29 00:43:48 [restartedMain] INFO  [o.s.o.j.LocalContainerEntityManagerFactoryBean] - Initialized JPA EntityManagerFactory for persistence unit 'default'
2025-05-29 00:43:48 [restartedMain] WARN  [o.s.b.a.o.j.JpaBaseConfiguration$JpaWebConfiguration] - spring.jpa.open-in-view is enabled by default. Therefore, database queries may be performed during view rendering. Explicitly configure spring.jpa.open-in-view to disable this warning
2025-05-29 00:43:48 [restartedMain] DEBUG [o.s.w.s.m.m.a.RequestMappingHandlerMapping] - 5 mappings in 'requestMappingHandlerMapping'
2025-05-29 00:43:48 [restartedMain] DEBUG [o.s.w.s.h.SimpleUrlHandlerMapping] - Patterns [/webjars/**, /**] in 'resourceHandlerMapping'
2025-05-29 00:43:48 [restartedMain] DEBUG [o.s.w.s.m.m.a.RequestMappingHandlerAdapter] - ControllerAdvice beans: 0 @ModelAttribute, 0 @InitBinder, 1 RequestBodyAdvice, 1 ResponseBodyAdvice
2025-05-29 00:43:48 [restartedMain] DEBUG [o.s.w.s.m.m.a.ExceptionHandlerExceptionResolver] - ControllerAdvice beans: 1 @ExceptionHandler, 1 ResponseBodyAdvice
2025-05-29 00:43:48 [restartedMain] INFO  [o.s.b.d.a.OptionalLiveReloadServer] - LiveReload server is running on port 35729
2025-05-29 00:43:48 [restartedMain] INFO  [o.a.coyote.http11.Http11NioProtocol] - Starting ProtocolHandler ["http-nio-8080"]
2025-05-29 00:43:48 [restartedMain] INFO  [o.s.b.w.e.tomcat.TomcatWebServer] - Tomcat started on port 8080 (http) with context path '/'
2025-05-29 00:43:48 [restartedMain] INFO  [com.aditya.VotezyApplication] - Started VotezyApplication in 0.632 seconds (process running for 6845.788)
2025-05-29 00:43:48 [restartedMain] INFO  [o.s.b.d.a.ConditionEvaluationDeltaLoggingListener] - Condition evaluation unchanged
2025-05-29 00:44:44 [RMI TCP Connection(99)-127.0.0.1] INFO  [o.s.b.a.SpringApplicationAdminMXBeanRegistrar$SpringApplicationAdmin] - Application shutdown requested.
2025-05-29 00:44:44 [RMI TCP Connection(99)-127.0.0.1] INFO  [o.s.b.w.e.tomcat.GracefulShutdown] - Commencing graceful shutdown. Waiting for active requests to complete
2025-05-29 00:44:44 [tomcat-shutdown] INFO  [o.a.coyote.http11.Http11NioProtocol] - Pausing ProtocolHandler ["http-nio-8080"]
2025-05-29 00:44:44 [tomcat-shutdown] INFO  [o.s.b.w.e.tomcat.GracefulShutdown] - Graceful shutdown complete
2025-05-29 00:44:44 [RMI TCP Connection(99)-127.0.0.1] INFO  [o.a.coyote.http11.Http11NioProtocol] - Stopping ProtocolHandler ["http-nio-8080"]
2025-05-29 00:44:44 [RMI TCP Connection(99)-127.0.0.1] INFO  [o.s.o.j.LocalContainerEntityManagerFactoryBean] - Closing JPA EntityManagerFactory for persistence unit 'default'
2025-05-29 00:44:44 [RMI TCP Connection(99)-127.0.0.1] INFO  [com.zaxxer.hikari.HikariDataSource] - HikariPool-9 - Shutdown initiated...
2025-05-29 00:44:44 [RMI TCP Connection(99)-127.0.0.1] INFO  [com.zaxxer.hikari.HikariDataSource] - HikariPool-9 - Shutdown completed.
2025-05-29 23:42:37 [background-preinit] INFO  [o.h.validator.internal.util.Version] - HV000001: Hibernate Validator 8.0.2.Final
2025-05-29 23:42:37 [restartedMain] INFO  [com.aditya.VotezyApplication] - Starting VotezyApplication using Java 21.0.4 with PID 12660 (D:\Code-Practice\Spring-STS\votezy\target\classes started by Aditya-Mehta in D:\Code-Practice\Spring-STS\votezy)
2025-05-29 23:42:37 [restartedMain] INFO  [com.aditya.VotezyApplication] - No active profile set, falling back to 1 default profile: "default"
2025-05-29 23:42:37 [restartedMain] INFO  [o.s.b.d.e.DevToolsPropertyDefaultsPostProcessor] - Devtools property defaults active! Set 'spring.devtools.add-properties' to 'false' to disable
2025-05-29 23:42:37 [restartedMain] INFO  [o.s.b.d.e.DevToolsPropertyDefaultsPostProcessor] - For additional web related logging consider setting the 'logging.level.web' property to 'DEBUG'
2025-05-29 23:42:41 [restartedMain] INFO  [o.s.d.r.c.RepositoryConfigurationDelegate] - Bootstrapping Spring Data JPA repositories in DEFAULT mode.
2025-05-29 23:42:41 [restartedMain] INFO  [o.s.d.r.c.RepositoryConfigurationDelegate] - Finished Spring Data repository scanning in 160 ms. Found 4 JPA repository interfaces.
2025-05-29 23:42:42 [restartedMain] INFO  [o.s.b.w.e.tomcat.TomcatWebServer] - Tomcat initialized with port 8080 (http)
2025-05-29 23:42:42 [restartedMain] INFO  [o.a.coyote.http11.Http11NioProtocol] - Initializing ProtocolHandler ["http-nio-8080"]
2025-05-29 23:42:42 [restartedMain] INFO  [o.a.catalina.core.StandardService] - Starting service [Tomcat]
2025-05-29 23:42:42 [restartedMain] INFO  [o.a.catalina.core.StandardEngine] - Starting Servlet engine: [Apache Tomcat/10.1.40]
2025-05-29 23:42:42 [restartedMain] INFO  [o.a.c.c.C.[Tomcat].[localhost].[/]] - Initializing Spring embedded WebApplicationContext
2025-05-29 23:42:42 [restartedMain] INFO  [o.s.b.w.s.c.ServletWebServerApplicationContext] - Root WebApplicationContext: initialization completed in 4863 ms
2025-05-29 23:42:43 [restartedMain] INFO  [o.h.jpa.internal.util.LogHelper] - HHH000204: Processing PersistenceUnitInfo [name: default]
2025-05-29 23:42:43 [restartedMain] INFO  [org.hibernate.Version] - HHH000412: Hibernate ORM core version 6.6.13.Final
2025-05-29 23:42:43 [restartedMain] INFO  [o.h.c.i.RegionFactoryInitiator] - HHH000026: Second-level cache disabled
2025-05-29 23:42:44 [restartedMain] INFO  [o.s.o.j.p.SpringPersistenceUnitInfo] - No LoadTimeWeaver setup: ignoring JPA class transformer
2025-05-29 23:42:44 [restartedMain] INFO  [com.zaxxer.hikari.HikariDataSource] - HikariPool-1 - Starting...
2025-05-29 23:42:45 [restartedMain] INFO  [com.zaxxer.hikari.pool.HikariPool] - HikariPool-1 - Added connection com.mysql.cj.jdbc.ConnectionImpl@6204f745
2025-05-29 23:42:45 [restartedMain] INFO  [com.zaxxer.hikari.HikariDataSource] - HikariPool-1 - Start completed.
2025-05-29 23:42:45 [restartedMain] WARN  [org.hibernate.orm.deprecation] - HHH90000025: MySQLDialect does not need to be specified explicitly using 'hibernate.dialect' (remove the property setting and it will be selected by default)
2025-05-29 23:42:45 [restartedMain] INFO  [o.hibernate.orm.connections.pooling] - HHH10001005: Database info:
	Database JDBC URL [Connecting through datasource 'HikariDataSource (HikariPool-1)']
	Database driver: undefined/unknown
	Database version: 8.0.41
	Autocommit mode: undefined/unknown
	Isolation level: undefined/unknown
	Minimum pool size: undefined/unknown
	Maximum pool size: undefined/unknown
2025-05-29 23:42:48 [restartedMain] INFO  [o.h.e.t.j.p.i.JtaPlatformInitiator] - HHH000489: No JTA platform available (set 'hibernate.transaction.jta.platform' to enable JTA platform integration)
2025-05-29 23:42:49 [restartedMain] INFO  [o.s.o.j.LocalContainerEntityManagerFactoryBean] - Initialized JPA EntityManagerFactory for persistence unit 'default'
2025-05-29 23:42:50 [restartedMain] WARN  [o.s.b.a.o.j.JpaBaseConfiguration$JpaWebConfiguration] - spring.jpa.open-in-view is enabled by default. Therefore, database queries may be performed during view rendering. Explicitly configure spring.jpa.open-in-view to disable this warning
2025-05-29 23:42:50 [restartedMain] DEBUG [o.s.w.s.m.m.a.RequestMappingHandlerMapping] - 5 mappings in 'requestMappingHandlerMapping'
2025-05-29 23:42:50 [restartedMain] DEBUG [o.s.w.s.h.SimpleUrlHandlerMapping] - Patterns [/webjars/**, /**] in 'resourceHandlerMapping'
2025-05-29 23:42:50 [restartedMain] DEBUG [o.s.w.s.m.m.a.RequestMappingHandlerAdapter] - ControllerAdvice beans: 0 @ModelAttribute, 0 @InitBinder, 1 RequestBodyAdvice, 1 ResponseBodyAdvice
2025-05-29 23:42:50 [restartedMain] DEBUG [o.s.w.s.m.m.a.ExceptionHandlerExceptionResolver] - ControllerAdvice beans: 1 @ExceptionHandler, 1 ResponseBodyAdvice
2025-05-29 23:42:51 [restartedMain] INFO  [o.s.b.d.a.OptionalLiveReloadServer] - LiveReload server is running on port 35729
2025-05-29 23:42:51 [restartedMain] INFO  [o.a.coyote.http11.Http11NioProtocol] - Starting ProtocolHandler ["http-nio-8080"]
2025-05-29 23:42:51 [restartedMain] INFO  [o.s.b.w.e.tomcat.TomcatWebServer] - Tomcat started on port 8080 (http) with context path '/'
2025-05-29 23:42:51 [restartedMain] INFO  [com.aditya.VotezyApplication] - Started VotezyApplication in 15.376 seconds (process running for 16.811)
2025-05-29 23:42:55 [http-nio-8080-exec-2] INFO  [o.a.c.c.C.[Tomcat].[localhost].[/]] - Initializing Spring DispatcherServlet 'dispatcherServlet'
2025-05-29 23:42:55 [http-nio-8080-exec-2] INFO  [o.s.web.servlet.DispatcherServlet] - Initializing Servlet 'dispatcherServlet'
2025-05-29 23:42:55 [http-nio-8080-exec-2] DEBUG [o.s.web.servlet.DispatcherServlet] - Detected StandardServletMultipartResolver
2025-05-29 23:42:55 [http-nio-8080-exec-2] DEBUG [o.s.web.servlet.DispatcherServlet] - Detected AcceptHeaderLocaleResolver
2025-05-29 23:42:55 [http-nio-8080-exec-2] DEBUG [o.s.web.servlet.DispatcherServlet] - Detected FixedThemeResolver
2025-05-29 23:42:55 [http-nio-8080-exec-2] DEBUG [o.s.web.servlet.DispatcherServlet] - Detected org.springframework.web.servlet.view.DefaultRequestToViewNameTranslator@20feb3fb
2025-05-29 23:42:55 [http-nio-8080-exec-2] DEBUG [o.s.web.servlet.DispatcherServlet] - Detected org.springframework.web.servlet.support.SessionFlashMapManager@36f1220c
2025-05-29 23:42:55 [http-nio-8080-exec-2] DEBUG [o.s.web.servlet.DispatcherServlet] - enableLoggingRequestDetails='false': request parameters and headers will be masked to prevent unsafe logging of potentially sensitive data
2025-05-29 23:42:55 [http-nio-8080-exec-2] INFO  [o.s.web.servlet.DispatcherServlet] - Completed initialization in 5 ms
2025-05-29 23:42:55 [http-nio-8080-exec-2] DEBUG [o.s.web.servlet.DispatcherServlet] - GET "/api/voters", parameters={}
2025-05-29 23:42:55 [http-nio-8080-exec-2] DEBUG [o.s.w.s.m.m.a.RequestMappingHandlerMapping] - Mapped to com.aditya.controller.VoterController#getAllVoter()
2025-05-29 23:42:55 [http-nio-8080-exec-2] INFO  [com.aditya.service.VoterService] - fetch all the resources.
2025-05-29 23:42:56 [http-nio-8080-exec-2] DEBUG [org.hibernate.SQL] - select v1_0.id,v1_0.email,v1_0.has_voted,v1_0.name,v1_0.voter_img from voter v1_0
2025-05-29 23:42:56 [http-nio-8080-exec-2] DEBUG [org.hibernate.SQL] - select v1_0.id,c1_0.id,c1_0.email,c1_0.name,c1_0.party_name,c1_0.voter_img,c1_0.vote_count,v2_0.id,v2_0.email,v2_0.has_voted,v2_0.name,v2_0.voter_img from vote v1_0 left join candidate c1_0 on c1_0.id=v1_0.voter_id left join voter v2_0 on v2_0.id=v1_0.candidate_id where v1_0.candidate_id=?
2025-05-29 23:42:56 [http-nio-8080-exec-2] DEBUG [org.hibernate.SQL] - select v1_0.id,c1_0.id,c1_0.email,c1_0.name,c1_0.party_name,c1_0.voter_img,c1_0.vote_count,v2_0.id,v2_0.email,v2_0.has_voted,v2_0.name,v2_0.voter_img from vote v1_0 left join candidate c1_0 on c1_0.id=v1_0.voter_id left join voter v2_0 on v2_0.id=v1_0.candidate_id where v1_0.candidate_id=?
2025-05-29 23:42:56 [http-nio-8080-exec-2] DEBUG [o.s.w.s.m.m.a.HttpEntityMethodProcessor] - Using 'application/json', given [*/*] and supported [application/json, application/*+json]
2025-05-29 23:42:56 [http-nio-8080-exec-2] DEBUG [o.s.w.s.m.m.a.HttpEntityMethodProcessor] - Writing [[Voter(id=1, name=aditya mehta, email=adityamehta242@gmail.com, has_voted=false, voterImg=null, vote (truncated)...]
2025-05-29 23:42:56 [http-nio-8080-exec-2] DEBUG [o.s.web.servlet.DispatcherServlet] - Completed 200 OK
2025-05-29 23:45:21 [File Watcher] INFO  [o.s.b.d.a.LocalDevToolsAutoConfiguration$RestartingClassPathChangeChangedEventListener] - Restarting due to 1 class path change (1 addition, 0 deletions, 0 modifications)
2025-05-29 23:45:21 [Thread-5] INFO  [o.s.b.w.e.tomcat.GracefulShutdown] - Commencing graceful shutdown. Waiting for active requests to complete
2025-05-29 23:45:21 [tomcat-shutdown] INFO  [o.a.coyote.http11.Http11NioProtocol] - Pausing ProtocolHandler ["http-nio-8080"]
2025-05-29 23:45:21 [tomcat-shutdown] INFO  [o.s.b.w.e.tomcat.GracefulShutdown] - Graceful shutdown complete
2025-05-29 23:45:21 [Thread-5] INFO  [o.a.coyote.http11.Http11NioProtocol] - Stopping ProtocolHandler ["http-nio-8080"]
2025-05-29 23:45:21 [Thread-5] INFO  [o.s.o.j.LocalContainerEntityManagerFactoryBean] - Closing JPA EntityManagerFactory for persistence unit 'default'
2025-05-29 23:45:21 [Thread-5] INFO  [com.zaxxer.hikari.HikariDataSource] - HikariPool-1 - Shutdown initiated...
2025-05-29 23:45:21 [Thread-5] INFO  [com.zaxxer.hikari.HikariDataSource] - HikariPool-1 - Shutdown completed.
2025-05-29 23:45:21 [restartedMain] INFO  [com.aditya.VotezyApplication] - Starting VotezyApplication using Java 21.0.4 with PID 12660 (D:\Code-Practice\Spring-STS\votezy\target\classes started by Aditya-Mehta in D:\Code-Practice\Spring-STS\votezy)
2025-05-29 23:45:21 [restartedMain] INFO  [com.aditya.VotezyApplication] - No active profile set, falling back to 1 default profile: "default"
2025-05-29 23:45:22 [restartedMain] INFO  [o.s.d.r.c.RepositoryConfigurationDelegate] - Bootstrapping Spring Data JPA repositories in DEFAULT mode.
2025-05-29 23:45:22 [restartedMain] INFO  [o.s.d.r.c.RepositoryConfigurationDelegate] - Finished Spring Data repository scanning in 33 ms. Found 4 JPA repository interfaces.
2025-05-29 23:45:22 [restartedMain] INFO  [o.s.b.w.e.tomcat.TomcatWebServer] - Tomcat initialized with port 8080 (http)
2025-05-29 23:45:22 [restartedMain] INFO  [o.a.coyote.http11.Http11NioProtocol] - Initializing ProtocolHandler ["http-nio-8080"]
2025-05-29 23:45:22 [restartedMain] INFO  [o.a.catalina.core.StandardService] - Starting service [Tomcat]
2025-05-29 23:45:22 [restartedMain] INFO  [o.a.catalina.core.StandardEngine] - Starting Servlet engine: [Apache Tomcat/10.1.40]
2025-05-29 23:45:22 [restartedMain] INFO  [o.a.c.c.C.[Tomcat].[localhost].[/]] - Initializing Spring embedded WebApplicationContext
2025-05-29 23:45:22 [restartedMain] INFO  [o.s.b.w.s.c.ServletWebServerApplicationContext] - Root WebApplicationContext: initialization completed in 852 ms
2025-05-29 23:45:22 [restartedMain] INFO  [o.h.jpa.internal.util.LogHelper] - HHH000204: Processing PersistenceUnitInfo [name: default]
2025-05-29 23:45:22 [restartedMain] INFO  [o.h.c.i.RegionFactoryInitiator] - HHH000026: Second-level cache disabled
2025-05-29 23:45:22 [restartedMain] INFO  [o.s.o.j.p.SpringPersistenceUnitInfo] - No LoadTimeWeaver setup: ignoring JPA class transformer
2025-05-29 23:45:22 [restartedMain] INFO  [com.zaxxer.hikari.HikariDataSource] - HikariPool-2 - Starting...
2025-05-29 23:45:23 [restartedMain] INFO  [com.zaxxer.hikari.pool.HikariPool] - HikariPool-2 - Added connection com.mysql.cj.jdbc.ConnectionImpl@482625a0
2025-05-29 23:45:23 [restartedMain] INFO  [com.zaxxer.hikari.HikariDataSource] - HikariPool-2 - Start completed.
2025-05-29 23:45:23 [restartedMain] WARN  [org.hibernate.orm.deprecation] - HHH90000025: MySQLDialect does not need to be specified explicitly using 'hibernate.dialect' (remove the property setting and it will be selected by default)
2025-05-29 23:45:23 [restartedMain] INFO  [o.hibernate.orm.connections.pooling] - HHH10001005: Database info:
	Database JDBC URL [Connecting through datasource 'HikariDataSource (HikariPool-2)']
	Database driver: undefined/unknown
	Database version: 8.0.41
	Autocommit mode: undefined/unknown
	Isolation level: undefined/unknown
	Minimum pool size: undefined/unknown
	Maximum pool size: undefined/unknown
2025-05-29 23:45:23 [restartedMain] INFO  [o.h.e.t.j.p.i.JtaPlatformInitiator] - HHH000489: No JTA platform available (set 'hibernate.transaction.jta.platform' to enable JTA platform integration)
2025-05-29 23:45:23 [restartedMain] INFO  [o.s.o.j.LocalContainerEntityManagerFactoryBean] - Initialized JPA EntityManagerFactory for persistence unit 'default'
2025-05-29 23:45:23 [restartedMain] WARN  [o.s.b.a.o.j.JpaBaseConfiguration$JpaWebConfiguration] - spring.jpa.open-in-view is enabled by default. Therefore, database queries may be performed during view rendering. Explicitly configure spring.jpa.open-in-view to disable this warning
2025-05-29 23:45:23 [restartedMain] DEBUG [o.s.w.s.m.m.a.RequestMappingHandlerMapping] - 5 mappings in 'requestMappingHandlerMapping'
2025-05-29 23:45:23 [restartedMain] DEBUG [o.s.w.s.h.SimpleUrlHandlerMapping] - Patterns [/webjars/**, /**] in 'resourceHandlerMapping'
2025-05-29 23:45:23 [restartedMain] DEBUG [o.s.w.s.m.m.a.RequestMappingHandlerAdapter] - ControllerAdvice beans: 0 @ModelAttribute, 0 @InitBinder, 1 RequestBodyAdvice, 1 ResponseBodyAdvice
2025-05-29 23:45:23 [restartedMain] DEBUG [o.s.w.s.m.m.a.ExceptionHandlerExceptionResolver] - ControllerAdvice beans: 1 @ExceptionHandler, 1 ResponseBodyAdvice
2025-05-29 23:45:23 [restartedMain] INFO  [o.s.b.d.a.OptionalLiveReloadServer] - LiveReload server is running on port 35729
2025-05-29 23:45:23 [restartedMain] INFO  [o.a.coyote.http11.Http11NioProtocol] - Starting ProtocolHandler ["http-nio-8080"]
2025-05-29 23:45:23 [restartedMain] INFO  [o.s.b.w.e.tomcat.TomcatWebServer] - Tomcat started on port 8080 (http) with context path '/'
2025-05-29 23:45:23 [restartedMain] INFO  [com.aditya.VotezyApplication] - Started VotezyApplication in 1.972 seconds (process running for 169.251)
2025-05-29 23:45:23 [restartedMain] INFO  [o.s.b.d.a.ConditionEvaluationDeltaLoggingListener] - Condition evaluation unchanged
2025-05-29 23:45:25 [File Watcher] INFO  [o.s.b.d.a.LocalDevToolsAutoConfiguration$RestartingClassPathChangeChangedEventListener] - Restarting due to 3 class path changes (0 additions, 0 deletions, 3 modifications)
2025-05-29 23:45:25 [Thread-7] INFO  [o.s.b.w.e.tomcat.GracefulShutdown] - Commencing graceful shutdown. Waiting for active requests to complete
2025-05-29 23:45:25 [tomcat-shutdown] INFO  [o.a.coyote.http11.Http11NioProtocol] - Pausing ProtocolHandler ["http-nio-8080"]
2025-05-29 23:45:25 [tomcat-shutdown] INFO  [o.s.b.w.e.tomcat.GracefulShutdown] - Graceful shutdown complete
2025-05-29 23:45:25 [Thread-7] INFO  [o.a.coyote.http11.Http11NioProtocol] - Stopping ProtocolHandler ["http-nio-8080"]
2025-05-29 23:45:25 [Thread-7] INFO  [o.s.o.j.LocalContainerEntityManagerFactoryBean] - Closing JPA EntityManagerFactory for persistence unit 'default'
2025-05-29 23:45:25 [Thread-7] INFO  [com.zaxxer.hikari.HikariDataSource] - HikariPool-2 - Shutdown initiated...
2025-05-29 23:45:25 [Thread-7] INFO  [com.zaxxer.hikari.HikariDataSource] - HikariPool-2 - Shutdown completed.
2025-05-29 23:45:25 [restartedMain] INFO  [com.aditya.VotezyApplication] - Starting VotezyApplication using Java 21.0.4 with PID 12660 (D:\Code-Practice\Spring-STS\votezy\target\classes started by Aditya-Mehta in D:\Code-Practice\Spring-STS\votezy)
2025-05-29 23:45:25 [restartedMain] INFO  [com.aditya.VotezyApplication] - No active profile set, falling back to 1 default profile: "default"
2025-05-29 23:45:25 [restartedMain] INFO  [o.s.d.r.c.RepositoryConfigurationDelegate] - Bootstrapping Spring Data JPA repositories in DEFAULT mode.
2025-05-29 23:45:25 [restartedMain] INFO  [o.s.d.r.c.RepositoryConfigurationDelegate] - Finished Spring Data repository scanning in 23 ms. Found 4 JPA repository interfaces.
2025-05-29 23:45:25 [restartedMain] INFO  [o.s.b.w.e.tomcat.TomcatWebServer] - Tomcat initialized with port 8080 (http)
2025-05-29 23:45:25 [restartedMain] INFO  [o.a.coyote.http11.Http11NioProtocol] - Initializing ProtocolHandler ["http-nio-8080"]
2025-05-29 23:45:25 [restartedMain] INFO  [o.a.catalina.core.StandardService] - Starting service [Tomcat]
2025-05-29 23:45:25 [restartedMain] INFO  [o.a.catalina.core.StandardEngine] - Starting Servlet engine: [Apache Tomcat/10.1.40]
2025-05-29 23:45:25 [restartedMain] INFO  [o.a.c.c.C.[Tomcat].[localhost].[/]] - Initializing Spring embedded WebApplicationContext
2025-05-29 23:45:25 [restartedMain] INFO  [o.s.b.w.s.c.ServletWebServerApplicationContext] - Root WebApplicationContext: initialization completed in 532 ms
2025-05-29 23:45:25 [restartedMain] INFO  [o.h.jpa.internal.util.LogHelper] - HHH000204: Processing PersistenceUnitInfo [name: default]
2025-05-29 23:45:25 [restartedMain] INFO  [o.h.c.i.RegionFactoryInitiator] - HHH000026: Second-level cache disabled
2025-05-29 23:45:25 [restartedMain] INFO  [o.s.o.j.p.SpringPersistenceUnitInfo] - No LoadTimeWeaver setup: ignoring JPA class transformer
2025-05-29 23:45:26 [restartedMain] INFO  [com.zaxxer.hikari.HikariDataSource] - HikariPool-3 - Starting...
2025-05-29 23:45:26 [restartedMain] INFO  [com.zaxxer.hikari.pool.HikariPool] - HikariPool-3 - Added connection com.mysql.cj.jdbc.ConnectionImpl@1bc7426c
2025-05-29 23:45:26 [restartedMain] INFO  [com.zaxxer.hikari.HikariDataSource] - HikariPool-3 - Start completed.
2025-05-29 23:45:26 [restartedMain] WARN  [org.hibernate.orm.deprecation] - HHH90000025: MySQLDialect does not need to be specified explicitly using 'hibernate.dialect' (remove the property setting and it will be selected by default)
2025-05-29 23:45:26 [restartedMain] INFO  [o.hibernate.orm.connections.pooling] - HHH10001005: Database info:
	Database JDBC URL [Connecting through datasource 'HikariDataSource (HikariPool-3)']
	Database driver: undefined/unknown
	Database version: 8.0.41
	Autocommit mode: undefined/unknown
	Isolation level: undefined/unknown
	Minimum pool size: undefined/unknown
	Maximum pool size: undefined/unknown
2025-05-29 23:45:26 [restartedMain] INFO  [o.h.e.t.j.p.i.JtaPlatformInitiator] - HHH000489: No JTA platform available (set 'hibernate.transaction.jta.platform' to enable JTA platform integration)
2025-05-29 23:45:26 [restartedMain] INFO  [o.s.o.j.LocalContainerEntityManagerFactoryBean] - Initialized JPA EntityManagerFactory for persistence unit 'default'
2025-05-29 23:45:26 [restartedMain] WARN  [o.s.b.a.o.j.JpaBaseConfiguration$JpaWebConfiguration] - spring.jpa.open-in-view is enabled by default. Therefore, database queries may be performed during view rendering. Explicitly configure spring.jpa.open-in-view to disable this warning
2025-05-29 23:45:26 [restartedMain] DEBUG [o.s.w.s.m.m.a.RequestMappingHandlerMapping] - 5 mappings in 'requestMappingHandlerMapping'
2025-05-29 23:45:26 [restartedMain] DEBUG [o.s.w.s.h.SimpleUrlHandlerMapping] - Patterns [/webjars/**, /**] in 'resourceHandlerMapping'
2025-05-29 23:45:26 [restartedMain] DEBUG [o.s.w.s.m.m.a.RequestMappingHandlerAdapter] - ControllerAdvice beans: 0 @ModelAttribute, 0 @InitBinder, 1 RequestBodyAdvice, 1 ResponseBodyAdvice
2025-05-29 23:45:26 [restartedMain] DEBUG [o.s.w.s.m.m.a.ExceptionHandlerExceptionResolver] - ControllerAdvice beans: 1 @ExceptionHandler, 1 ResponseBodyAdvice
2025-05-29 23:45:26 [restartedMain] INFO  [o.s.b.d.a.OptionalLiveReloadServer] - LiveReload server is running on port 35729
2025-05-29 23:45:26 [restartedMain] INFO  [o.a.coyote.http11.Http11NioProtocol] - Starting ProtocolHandler ["http-nio-8080"]
2025-05-29 23:45:26 [restartedMain] INFO  [o.s.b.w.e.tomcat.TomcatWebServer] - Tomcat started on port 8080 (http) with context path '/'
2025-05-29 23:45:26 [restartedMain] INFO  [com.aditya.VotezyApplication] - Started VotezyApplication in 1.113 seconds (process running for 171.87)
2025-05-29 23:45:26 [restartedMain] INFO  [o.s.b.d.a.ConditionEvaluationDeltaLoggingListener] - Condition evaluation unchanged
2025-05-29 23:50:23 [File Watcher] INFO  [o.s.b.d.a.LocalDevToolsAutoConfiguration$RestartingClassPathChangeChangedEventListener] - Restarting due to 1 class path change (0 additions, 0 deletions, 1 modification)
2025-05-29 23:50:23 [Thread-11] INFO  [o.s.b.w.e.tomcat.GracefulShutdown] - Commencing graceful shutdown. Waiting for active requests to complete
2025-05-29 23:50:23 [tomcat-shutdown] INFO  [o.a.coyote.http11.Http11NioProtocol] - Pausing ProtocolHandler ["http-nio-8080"]
2025-05-29 23:50:23 [tomcat-shutdown] INFO  [o.s.b.w.e.tomcat.GracefulShutdown] - Graceful shutdown complete
2025-05-29 23:50:23 [Thread-11] INFO  [o.a.coyote.http11.Http11NioProtocol] - Stopping ProtocolHandler ["http-nio-8080"]
2025-05-29 23:50:23 [Thread-11] INFO  [o.s.o.j.LocalContainerEntityManagerFactoryBean] - Closing JPA EntityManagerFactory for persistence unit 'default'
2025-05-29 23:50:23 [Thread-11] INFO  [com.zaxxer.hikari.HikariDataSource] - HikariPool-3 - Shutdown initiated...
2025-05-29 23:50:23 [Thread-11] INFO  [com.zaxxer.hikari.HikariDataSource] - HikariPool-3 - Shutdown completed.
2025-05-29 23:50:23 [restartedMain] INFO  [com.aditya.VotezyApplication] - Starting VotezyApplication using Java 21.0.4 with PID 12660 (D:\Code-Practice\Spring-STS\votezy\target\classes started by Aditya-Mehta in D:\Code-Practice\Spring-STS\votezy)
2025-05-29 23:50:23 [restartedMain] INFO  [com.aditya.VotezyApplication] - No active profile set, falling back to 1 default profile: "default"
2025-05-29 23:50:23 [restartedMain] INFO  [o.s.d.r.c.RepositoryConfigurationDelegate] - Bootstrapping Spring Data JPA repositories in DEFAULT mode.
2025-05-29 23:50:23 [restartedMain] INFO  [o.s.d.r.c.RepositoryConfigurationDelegate] - Finished Spring Data repository scanning in 10 ms. Found 4 JPA repository interfaces.
2025-05-29 23:50:23 [restartedMain] INFO  [o.s.b.w.e.tomcat.TomcatWebServer] - Tomcat initialized with port 8080 (http)
2025-05-29 23:50:23 [restartedMain] INFO  [o.a.coyote.http11.Http11NioProtocol] - Initializing ProtocolHandler ["http-nio-8080"]
2025-05-29 23:50:23 [restartedMain] INFO  [o.a.catalina.core.StandardService] - Starting service [Tomcat]
2025-05-29 23:50:23 [restartedMain] INFO  [o.a.catalina.core.StandardEngine] - Starting Servlet engine: [Apache Tomcat/10.1.40]
2025-05-29 23:50:23 [restartedMain] INFO  [o.a.c.c.C.[Tomcat].[localhost].[/]] - Initializing Spring embedded WebApplicationContext
2025-05-29 23:50:23 [restartedMain] INFO  [o.s.b.w.s.c.ServletWebServerApplicationContext] - Root WebApplicationContext: initialization completed in 273 ms
2025-05-29 23:50:23 [restartedMain] INFO  [o.h.jpa.internal.util.LogHelper] - HHH000204: Processing PersistenceUnitInfo [name: default]
2025-05-29 23:50:23 [restartedMain] INFO  [o.h.c.i.RegionFactoryInitiator] - HHH000026: Second-level cache disabled
2025-05-29 23:50:23 [restartedMain] INFO  [o.s.o.j.p.SpringPersistenceUnitInfo] - No LoadTimeWeaver setup: ignoring JPA class transformer
2025-05-29 23:50:23 [restartedMain] INFO  [com.zaxxer.hikari.HikariDataSource] - HikariPool-4 - Starting...
2025-05-29 23:50:23 [restartedMain] INFO  [com.zaxxer.hikari.pool.HikariPool] - HikariPool-4 - Added connection com.mysql.cj.jdbc.ConnectionImpl@160af815
2025-05-29 23:50:23 [restartedMain] INFO  [com.zaxxer.hikari.HikariDataSource] - HikariPool-4 - Start completed.
2025-05-29 23:50:23 [restartedMain] WARN  [org.hibernate.orm.deprecation] - HHH90000025: MySQLDialect does not need to be specified explicitly using 'hibernate.dialect' (remove the property setting and it will be selected by default)
2025-05-29 23:50:23 [restartedMain] INFO  [o.hibernate.orm.connections.pooling] - HHH10001005: Database info:
	Database JDBC URL [Connecting through datasource 'HikariDataSource (HikariPool-4)']
	Database driver: undefined/unknown
	Database version: 8.0.41
	Autocommit mode: undefined/unknown
	Isolation level: undefined/unknown
	Minimum pool size: undefined/unknown
	Maximum pool size: undefined/unknown
2025-05-29 23:50:23 [restartedMain] INFO  [o.h.e.t.j.p.i.JtaPlatformInitiator] - HHH000489: No JTA platform available (set 'hibernate.transaction.jta.platform' to enable JTA platform integration)
2025-05-29 23:50:23 [restartedMain] INFO  [o.s.o.j.LocalContainerEntityManagerFactoryBean] - Initialized JPA EntityManagerFactory for persistence unit 'default'
2025-05-29 23:50:23 [restartedMain] WARN  [o.s.b.a.o.j.JpaBaseConfiguration$JpaWebConfiguration] - spring.jpa.open-in-view is enabled by default. Therefore, database queries may be performed during view rendering. Explicitly configure spring.jpa.open-in-view to disable this warning
2025-05-29 23:50:23 [restartedMain] DEBUG [o.s.w.s.m.m.a.RequestMappingHandlerMapping] - 5 mappings in 'requestMappingHandlerMapping'
2025-05-29 23:50:23 [restartedMain] DEBUG [o.s.w.s.h.SimpleUrlHandlerMapping] - Patterns [/webjars/**, /**] in 'resourceHandlerMapping'
2025-05-29 23:50:23 [restartedMain] DEBUG [o.s.w.s.m.m.a.RequestMappingHandlerAdapter] - ControllerAdvice beans: 0 @ModelAttribute, 0 @InitBinder, 1 RequestBodyAdvice, 1 ResponseBodyAdvice
2025-05-29 23:50:23 [restartedMain] DEBUG [o.s.w.s.m.m.a.ExceptionHandlerExceptionResolver] - ControllerAdvice beans: 1 @ExceptionHandler, 1 ResponseBodyAdvice
2025-05-29 23:50:23 [restartedMain] INFO  [o.s.b.d.a.OptionalLiveReloadServer] - LiveReload server is running on port 35729
2025-05-29 23:50:23 [restartedMain] INFO  [o.a.coyote.http11.Http11NioProtocol] - Starting ProtocolHandler ["http-nio-8080"]
2025-05-29 23:50:23 [restartedMain] INFO  [o.s.b.w.e.tomcat.TomcatWebServer] - Tomcat started on port 8080 (http) with context path '/'
2025-05-29 23:50:23 [restartedMain] INFO  [com.aditya.VotezyApplication] - Started VotezyApplication in 0.729 seconds (process running for 469.31)
2025-05-29 23:50:23 [restartedMain] INFO  [o.s.b.d.a.ConditionEvaluationDeltaLoggingListener] - Condition evaluation unchanged
2025-05-29 23:50:46 [File Watcher] INFO  [o.s.b.d.a.LocalDevToolsAutoConfiguration$RestartingClassPathChangeChangedEventListener] - Restarting due to 1 class path change (0 additions, 0 deletions, 1 modification)
2025-05-29 23:50:46 [Thread-15] INFO  [o.s.b.w.e.tomcat.GracefulShutdown] - Commencing graceful shutdown. Waiting for active requests to complete
2025-05-29 23:50:46 [tomcat-shutdown] INFO  [o.a.coyote.http11.Http11NioProtocol] - Pausing ProtocolHandler ["http-nio-8080"]
2025-05-29 23:50:46 [tomcat-shutdown] INFO  [o.s.b.w.e.tomcat.GracefulShutdown] - Graceful shutdown complete
2025-05-29 23:50:46 [Thread-15] INFO  [o.a.coyote.http11.Http11NioProtocol] - Stopping ProtocolHandler ["http-nio-8080"]
2025-05-29 23:50:46 [Thread-15] INFO  [o.s.o.j.LocalContainerEntityManagerFactoryBean] - Closing JPA EntityManagerFactory for persistence unit 'default'
2025-05-29 23:50:46 [Thread-15] INFO  [com.zaxxer.hikari.HikariDataSource] - HikariPool-4 - Shutdown initiated...
2025-05-29 23:50:46 [Thread-15] INFO  [com.zaxxer.hikari.HikariDataSource] - HikariPool-4 - Shutdown completed.
2025-05-29 23:50:46 [restartedMain] INFO  [com.aditya.VotezyApplication] - Starting VotezyApplication using Java 21.0.4 with PID 12660 (D:\Code-Practice\Spring-STS\votezy\target\classes started by Aditya-Mehta in D:\Code-Practice\Spring-STS\votezy)
2025-05-29 23:50:46 [restartedMain] INFO  [com.aditya.VotezyApplication] - No active profile set, falling back to 1 default profile: "default"
2025-05-29 23:50:46 [restartedMain] INFO  [o.s.d.r.c.RepositoryConfigurationDelegate] - Bootstrapping Spring Data JPA repositories in DEFAULT mode.
2025-05-29 23:50:46 [restartedMain] INFO  [o.s.d.r.c.RepositoryConfigurationDelegate] - Finished Spring Data repository scanning in 10 ms. Found 4 JPA repository interfaces.
2025-05-29 23:50:47 [restartedMain] INFO  [o.s.b.w.e.tomcat.TomcatWebServer] - Tomcat initialized with port 8080 (http)
2025-05-29 23:50:47 [restartedMain] INFO  [o.a.coyote.http11.Http11NioProtocol] - Initializing ProtocolHandler ["http-nio-8080"]
2025-05-29 23:50:47 [restartedMain] INFO  [o.a.catalina.core.StandardService] - Starting service [Tomcat]
2025-05-29 23:50:47 [restartedMain] INFO  [o.a.catalina.core.StandardEngine] - Starting Servlet engine: [Apache Tomcat/10.1.40]
2025-05-29 23:50:47 [restartedMain] INFO  [o.a.c.c.C.[Tomcat].[localhost].[/]] - Initializing Spring embedded WebApplicationContext
2025-05-29 23:50:47 [restartedMain] INFO  [o.s.b.w.s.c.ServletWebServerApplicationContext] - Root WebApplicationContext: initialization completed in 236 ms
2025-05-29 23:50:47 [restartedMain] INFO  [o.h.jpa.internal.util.LogHelper] - HHH000204: Processing PersistenceUnitInfo [name: default]
2025-05-29 23:50:47 [restartedMain] INFO  [o.h.c.i.RegionFactoryInitiator] - HHH000026: Second-level cache disabled
2025-05-29 23:50:47 [restartedMain] INFO  [o.s.o.j.p.SpringPersistenceUnitInfo] - No LoadTimeWeaver setup: ignoring JPA class transformer
2025-05-29 23:50:47 [restartedMain] INFO  [com.zaxxer.hikari.HikariDataSource] - HikariPool-5 - Starting...
2025-05-29 23:50:47 [restartedMain] INFO  [com.zaxxer.hikari.pool.HikariPool] - HikariPool-5 - Added connection com.mysql.cj.jdbc.ConnectionImpl@23a0fa01
2025-05-29 23:50:47 [restartedMain] INFO  [com.zaxxer.hikari.HikariDataSource] - HikariPool-5 - Start completed.
2025-05-29 23:50:47 [restartedMain] WARN  [org.hibernate.orm.deprecation] - HHH90000025: MySQLDialect does not need to be specified explicitly using 'hibernate.dialect' (remove the property setting and it will be selected by default)
2025-05-29 23:50:47 [restartedMain] INFO  [o.hibernate.orm.connections.pooling] - HHH10001005: Database info:
	Database JDBC URL [Connecting through datasource 'HikariDataSource (HikariPool-5)']
	Database driver: undefined/unknown
	Database version: 8.0.41
	Autocommit mode: undefined/unknown
	Isolation level: undefined/unknown
	Minimum pool size: undefined/unknown
	Maximum pool size: undefined/unknown
2025-05-29 23:50:47 [restartedMain] INFO  [o.h.e.t.j.p.i.JtaPlatformInitiator] - HHH000489: No JTA platform available (set 'hibernate.transaction.jta.platform' to enable JTA platform integration)
2025-05-29 23:50:47 [restartedMain] INFO  [o.s.o.j.LocalContainerEntityManagerFactoryBean] - Initialized JPA EntityManagerFactory for persistence unit 'default'
2025-05-29 23:50:47 [restartedMain] WARN  [o.s.b.a.o.j.JpaBaseConfiguration$JpaWebConfiguration] - spring.jpa.open-in-view is enabled by default. Therefore, database queries may be performed during view rendering. Explicitly configure spring.jpa.open-in-view to disable this warning
2025-05-29 23:50:47 [restartedMain] DEBUG [o.s.w.s.m.m.a.RequestMappingHandlerMapping] - 5 mappings in 'requestMappingHandlerMapping'
2025-05-29 23:50:47 [restartedMain] DEBUG [o.s.w.s.h.SimpleUrlHandlerMapping] - Patterns [/webjars/**, /**] in 'resourceHandlerMapping'
2025-05-29 23:50:47 [restartedMain] DEBUG [o.s.w.s.m.m.a.RequestMappingHandlerAdapter] - ControllerAdvice beans: 0 @ModelAttribute, 0 @InitBinder, 1 RequestBodyAdvice, 1 ResponseBodyAdvice
2025-05-29 23:50:47 [restartedMain] DEBUG [o.s.w.s.m.m.a.ExceptionHandlerExceptionResolver] - ControllerAdvice beans: 1 @ExceptionHandler, 1 ResponseBodyAdvice
2025-05-29 23:50:47 [restartedMain] INFO  [o.s.b.d.a.OptionalLiveReloadServer] - LiveReload server is running on port 35729
2025-05-29 23:50:47 [restartedMain] INFO  [o.a.coyote.http11.Http11NioProtocol] - Starting ProtocolHandler ["http-nio-8080"]
2025-05-29 23:50:47 [restartedMain] INFO  [o.s.b.w.e.tomcat.TomcatWebServer] - Tomcat started on port 8080 (http) with context path '/'
2025-05-29 23:50:47 [restartedMain] INFO  [com.aditya.VotezyApplication] - Started VotezyApplication in 0.66 seconds (process running for 492.856)
2025-05-29 23:50:47 [restartedMain] INFO  [o.s.b.d.a.ConditionEvaluationDeltaLoggingListener] - Condition evaluation unchanged
2025-05-29 23:52:11 [File Watcher] INFO  [o.s.b.d.a.LocalDevToolsAutoConfiguration$RestartingClassPathChangeChangedEventListener] - Restarting due to 1 class path change (1 addition, 0 deletions, 0 modifications)
2025-05-29 23:52:11 [Thread-19] INFO  [o.s.b.w.e.tomcat.GracefulShutdown] - Commencing graceful shutdown. Waiting for active requests to complete
2025-05-29 23:52:11 [tomcat-shutdown] INFO  [o.a.coyote.http11.Http11NioProtocol] - Pausing ProtocolHandler ["http-nio-8080"]
2025-05-29 23:52:11 [tomcat-shutdown] INFO  [o.s.b.w.e.tomcat.GracefulShutdown] - Graceful shutdown complete
2025-05-29 23:52:11 [Thread-19] INFO  [o.a.coyote.http11.Http11NioProtocol] - Stopping ProtocolHandler ["http-nio-8080"]
2025-05-29 23:52:11 [Thread-19] INFO  [o.s.o.j.LocalContainerEntityManagerFactoryBean] - Closing JPA EntityManagerFactory for persistence unit 'default'
2025-05-29 23:52:11 [Thread-19] INFO  [com.zaxxer.hikari.HikariDataSource] - HikariPool-5 - Shutdown initiated...
2025-05-29 23:52:11 [Thread-19] INFO  [com.zaxxer.hikari.HikariDataSource] - HikariPool-5 - Shutdown completed.
2025-05-29 23:52:11 [restartedMain] INFO  [com.aditya.VotezyApplication] - Starting VotezyApplication using Java 21.0.4 with PID 12660 (D:\Code-Practice\Spring-STS\votezy\target\classes started by Aditya-Mehta in D:\Code-Practice\Spring-STS\votezy)
2025-05-29 23:52:11 [restartedMain] INFO  [com.aditya.VotezyApplication] - No active profile set, falling back to 1 default profile: "default"
2025-05-29 23:52:11 [restartedMain] INFO  [o.s.d.r.c.RepositoryConfigurationDelegate] - Bootstrapping Spring Data JPA repositories in DEFAULT mode.
2025-05-29 23:52:11 [restartedMain] INFO  [o.s.d.r.c.RepositoryConfigurationDelegate] - Finished Spring Data repository scanning in 10 ms. Found 4 JPA repository interfaces.
2025-05-29 23:52:11 [restartedMain] INFO  [o.s.b.w.e.tomcat.TomcatWebServer] - Tomcat initialized with port 8080 (http)
2025-05-29 23:52:11 [restartedMain] INFO  [o.a.coyote.http11.Http11NioProtocol] - Initializing ProtocolHandler ["http-nio-8080"]
2025-05-29 23:52:11 [restartedMain] INFO  [o.a.catalina.core.StandardService] - Starting service [Tomcat]
2025-05-29 23:52:11 [restartedMain] INFO  [o.a.catalina.core.StandardEngine] - Starting Servlet engine: [Apache Tomcat/10.1.40]
2025-05-29 23:52:11 [restartedMain] INFO  [o.a.c.c.C.[Tomcat].[localhost].[/]] - Initializing Spring embedded WebApplicationContext
2025-05-29 23:52:11 [restartedMain] INFO  [o.s.b.w.s.c.ServletWebServerApplicationContext] - Root WebApplicationContext: initialization completed in 228 ms
2025-05-29 23:52:11 [restartedMain] INFO  [o.h.jpa.internal.util.LogHelper] - HHH000204: Processing PersistenceUnitInfo [name: default]
2025-05-29 23:52:11 [restartedMain] INFO  [o.h.c.i.RegionFactoryInitiator] - HHH000026: Second-level cache disabled
2025-05-29 23:52:11 [restartedMain] INFO  [o.s.o.j.p.SpringPersistenceUnitInfo] - No LoadTimeWeaver setup: ignoring JPA class transformer
2025-05-29 23:52:11 [restartedMain] INFO  [com.zaxxer.hikari.HikariDataSource] - HikariPool-6 - Starting...
2025-05-29 23:52:11 [restartedMain] INFO  [com.zaxxer.hikari.pool.HikariPool] - HikariPool-6 - Added connection com.mysql.cj.jdbc.ConnectionImpl@1e46a9d8
2025-05-29 23:52:11 [restartedMain] INFO  [com.zaxxer.hikari.HikariDataSource] - HikariPool-6 - Start completed.
2025-05-29 23:52:11 [restartedMain] WARN  [org.hibernate.orm.deprecation] - HHH90000025: MySQLDialect does not need to be specified explicitly using 'hibernate.dialect' (remove the property setting and it will be selected by default)
2025-05-29 23:52:11 [restartedMain] INFO  [o.hibernate.orm.connections.pooling] - HHH10001005: Database info:
	Database JDBC URL [Connecting through datasource 'HikariDataSource (HikariPool-6)']
	Database driver: undefined/unknown
	Database version: 8.0.41
	Autocommit mode: undefined/unknown
	Isolation level: undefined/unknown
	Minimum pool size: undefined/unknown
	Maximum pool size: undefined/unknown
2025-05-29 23:52:11 [restartedMain] INFO  [o.h.e.t.j.p.i.JtaPlatformInitiator] - HHH000489: No JTA platform available (set 'hibernate.transaction.jta.platform' to enable JTA platform integration)
2025-05-29 23:52:11 [restartedMain] INFO  [o.s.o.j.LocalContainerEntityManagerFactoryBean] - Initialized JPA EntityManagerFactory for persistence unit 'default'
2025-05-29 23:52:11 [restartedMain] WARN  [o.s.b.a.o.j.JpaBaseConfiguration$JpaWebConfiguration] - spring.jpa.open-in-view is enabled by default. Therefore, database queries may be performed during view rendering. Explicitly configure spring.jpa.open-in-view to disable this warning
2025-05-29 23:52:11 [restartedMain] DEBUG [o.s.w.s.m.m.a.RequestMappingHandlerMapping] - 5 mappings in 'requestMappingHandlerMapping'
2025-05-29 23:52:11 [restartedMain] DEBUG [o.s.w.s.h.SimpleUrlHandlerMapping] - Patterns [/webjars/**, /**] in 'resourceHandlerMapping'
2025-05-29 23:52:11 [restartedMain] DEBUG [o.s.w.s.m.m.a.RequestMappingHandlerAdapter] - ControllerAdvice beans: 0 @ModelAttribute, 0 @InitBinder, 1 RequestBodyAdvice, 1 ResponseBodyAdvice
2025-05-29 23:52:11 [restartedMain] DEBUG [o.s.w.s.m.m.a.ExceptionHandlerExceptionResolver] - ControllerAdvice beans: 1 @ExceptionHandler, 1 ResponseBodyAdvice
2025-05-29 23:52:11 [restartedMain] INFO  [o.s.b.d.a.OptionalLiveReloadServer] - LiveReload server is running on port 35729
2025-05-29 23:52:11 [restartedMain] INFO  [o.a.coyote.http11.Http11NioProtocol] - Starting ProtocolHandler ["http-nio-8080"]
2025-05-29 23:52:11 [restartedMain] INFO  [o.s.b.w.e.tomcat.TomcatWebServer] - Tomcat started on port 8080 (http) with context path '/'
2025-05-29 23:52:11 [restartedMain] INFO  [com.aditya.VotezyApplication] - Started VotezyApplication in 0.664 seconds (process running for 577.366)
2025-05-29 23:52:11 [restartedMain] INFO  [o.s.b.d.a.ConditionEvaluationDeltaLoggingListener] - Condition evaluation unchanged
2025-05-29 23:54:38 [File Watcher] INFO  [o.s.b.d.a.LocalDevToolsAutoConfiguration$RestartingClassPathChangeChangedEventListener] - Restarting due to 5 class path changes (1 addition, 1 deletion, 3 modifications)
2025-05-29 23:54:38 [Thread-23] INFO  [o.s.b.w.e.tomcat.GracefulShutdown] - Commencing graceful shutdown. Waiting for active requests to complete
2025-05-29 23:54:38 [tomcat-shutdown] INFO  [o.a.coyote.http11.Http11NioProtocol] - Pausing ProtocolHandler ["http-nio-8080"]
2025-05-29 23:54:38 [tomcat-shutdown] INFO  [o.s.b.w.e.tomcat.GracefulShutdown] - Graceful shutdown complete
2025-05-29 23:54:38 [Thread-23] INFO  [o.a.coyote.http11.Http11NioProtocol] - Stopping ProtocolHandler ["http-nio-8080"]
2025-05-29 23:54:38 [Thread-23] INFO  [o.s.o.j.LocalContainerEntityManagerFactoryBean] - Closing JPA EntityManagerFactory for persistence unit 'default'
2025-05-29 23:54:38 [Thread-23] INFO  [com.zaxxer.hikari.HikariDataSource] - HikariPool-6 - Shutdown initiated...
2025-05-29 23:54:38 [Thread-23] INFO  [com.zaxxer.hikari.HikariDataSource] - HikariPool-6 - Shutdown completed.
2025-05-29 23:54:39 [restartedMain] INFO  [com.aditya.VotezyApplication] - Starting VotezyApplication using Java 21.0.4 with PID 12660 (D:\Code-Practice\Spring-STS\votezy\target\classes started by Aditya-Mehta in D:\Code-Practice\Spring-STS\votezy)
2025-05-29 23:54:39 [restartedMain] INFO  [com.aditya.VotezyApplication] - No active profile set, falling back to 1 default profile: "default"
2025-05-29 23:54:39 [restartedMain] INFO  [o.s.d.r.c.RepositoryConfigurationDelegate] - Bootstrapping Spring Data JPA repositories in DEFAULT mode.
2025-05-29 23:54:39 [restartedMain] INFO  [o.s.d.r.c.RepositoryConfigurationDelegate] - Finished Spring Data repository scanning in 11 ms. Found 4 JPA repository interfaces.
2025-05-29 23:54:39 [restartedMain] INFO  [o.s.b.w.e.tomcat.TomcatWebServer] - Tomcat initialized with port 8080 (http)
2025-05-29 23:54:39 [restartedMain] INFO  [o.a.coyote.http11.Http11NioProtocol] - Initializing ProtocolHandler ["http-nio-8080"]
2025-05-29 23:54:39 [restartedMain] INFO  [o.a.catalina.core.StandardService] - Starting service [Tomcat]
2025-05-29 23:54:39 [restartedMain] INFO  [o.a.catalina.core.StandardEngine] - Starting Servlet engine: [Apache Tomcat/10.1.40]
2025-05-29 23:54:39 [restartedMain] INFO  [o.a.c.c.C.[Tomcat].[localhost].[/]] - Initializing Spring embedded WebApplicationContext
2025-05-29 23:54:39 [restartedMain] INFO  [o.s.b.w.s.c.ServletWebServerApplicationContext] - Root WebApplicationContext: initialization completed in 258 ms
2025-05-29 23:54:39 [restartedMain] INFO  [o.h.jpa.internal.util.LogHelper] - HHH000204: Processing PersistenceUnitInfo [name: default]
2025-05-29 23:54:39 [restartedMain] INFO  [o.h.c.i.RegionFactoryInitiator] - HHH000026: Second-level cache disabled
2025-05-29 23:54:39 [restartedMain] INFO  [o.s.o.j.p.SpringPersistenceUnitInfo] - No LoadTimeWeaver setup: ignoring JPA class transformer
2025-05-29 23:54:39 [restartedMain] INFO  [com.zaxxer.hikari.HikariDataSource] - HikariPool-7 - Starting...
2025-05-29 23:54:39 [restartedMain] INFO  [com.zaxxer.hikari.pool.HikariPool] - HikariPool-7 - Added connection com.mysql.cj.jdbc.ConnectionImpl@59e1bf39
2025-05-29 23:54:39 [restartedMain] INFO  [com.zaxxer.hikari.HikariDataSource] - HikariPool-7 - Start completed.
2025-05-29 23:54:39 [restartedMain] WARN  [org.hibernate.orm.deprecation] - HHH90000025: MySQLDialect does not need to be specified explicitly using 'hibernate.dialect' (remove the property setting and it will be selected by default)
2025-05-29 23:54:39 [restartedMain] INFO  [o.hibernate.orm.connections.pooling] - HHH10001005: Database info:
	Database JDBC URL [Connecting through datasource 'HikariDataSource (HikariPool-7)']
	Database driver: undefined/unknown
	Database version: 8.0.41
	Autocommit mode: undefined/unknown
	Isolation level: undefined/unknown
	Minimum pool size: undefined/unknown
	Maximum pool size: undefined/unknown
2025-05-29 23:54:39 [restartedMain] INFO  [o.h.e.t.j.p.i.JtaPlatformInitiator] - HHH000489: No JTA platform available (set 'hibernate.transaction.jta.platform' to enable JTA platform integration)
2025-05-29 23:54:39 [restartedMain] INFO  [o.s.o.j.LocalContainerEntityManagerFactoryBean] - Initialized JPA EntityManagerFactory for persistence unit 'default'
2025-05-29 23:54:39 [restartedMain] WARN  [o.s.b.a.o.j.JpaBaseConfiguration$JpaWebConfiguration] - spring.jpa.open-in-view is enabled by default. Therefore, database queries may be performed during view rendering. Explicitly configure spring.jpa.open-in-view to disable this warning
2025-05-29 23:54:39 [restartedMain] DEBUG [o.s.w.s.m.m.a.RequestMappingHandlerMapping] - 5 mappings in 'requestMappingHandlerMapping'
2025-05-29 23:54:39 [restartedMain] DEBUG [o.s.w.s.h.SimpleUrlHandlerMapping] - Patterns [/webjars/**, /**] in 'resourceHandlerMapping'
2025-05-29 23:54:39 [restartedMain] DEBUG [o.s.w.s.m.m.a.RequestMappingHandlerAdapter] - ControllerAdvice beans: 0 @ModelAttribute, 0 @InitBinder, 1 RequestBodyAdvice, 1 ResponseBodyAdvice
2025-05-29 23:54:39 [restartedMain] DEBUG [o.s.w.s.m.m.a.ExceptionHandlerExceptionResolver] - ControllerAdvice beans: 1 @ExceptionHandler, 1 ResponseBodyAdvice
2025-05-29 23:54:39 [restartedMain] INFO  [o.s.b.d.a.OptionalLiveReloadServer] - LiveReload server is running on port 35729
2025-05-29 23:54:39 [restartedMain] INFO  [o.a.coyote.http11.Http11NioProtocol] - Starting ProtocolHandler ["http-nio-8080"]
2025-05-29 23:54:39 [restartedMain] INFO  [o.s.b.w.e.tomcat.TomcatWebServer] - Tomcat started on port 8080 (http) with context path '/'
2025-05-29 23:54:39 [restartedMain] INFO  [com.aditya.VotezyApplication] - Started VotezyApplication in 0.755 seconds (process running for 725.214)
2025-05-29 23:54:39 [restartedMain] INFO  [o.s.b.d.a.ConditionEvaluationDeltaLoggingListener] - Condition evaluation unchanged
